[2023-06-01T09:06:03.256+0000] {taskinstance.py:1103} INFO - Dependencies all met for dep_context=non-requeueable deps ti=<TaskInstance: my_dag.transform manual__2023-06-01T09:05:55.595191+00:00 [queued]>
[2023-06-01T09:06:03.270+0000] {taskinstance.py:1103} INFO - Dependencies all met for dep_context=requeueable deps ti=<TaskInstance: my_dag.transform manual__2023-06-01T09:05:55.595191+00:00 [queued]>
[2023-06-01T09:06:03.271+0000] {taskinstance.py:1308} INFO - Starting attempt 1 of 1
[2023-06-01T09:06:03.293+0000] {taskinstance.py:1327} INFO - Executing <Task(DockerOperator): transform> on 2023-06-01 09:05:55.595191+00:00
[2023-06-01T09:06:03.302+0000] {standard_task_runner.py:57} INFO - Started process 1427 to run task
[2023-06-01T09:06:03.305+0000] {standard_task_runner.py:84} INFO - Running: ['***', 'tasks', 'run', 'my_dag', 'transform', 'manual__2023-06-01T09:05:55.595191+00:00', '--job-id', '38', '--raw', '--subdir', 'DAGS_FOLDER/my_dag.py', '--cfg-path', '/tmp/tmpidwwj_71']
[2023-06-01T09:06:03.307+0000] {standard_task_runner.py:85} INFO - Job 38: Subtask transform
[2023-06-01T09:06:03.371+0000] {task_command.py:410} INFO - Running <TaskInstance: my_dag.transform manual__2023-06-01T09:05:55.595191+00:00 [running]> on host 6bccebd655ed
[2023-06-01T09:06:03.529+0000] {taskinstance.py:1547} INFO - Exporting env vars: AIRFLOW_CTX_DAG_OWNER='***' AIRFLOW_CTX_DAG_ID='my_dag' AIRFLOW_CTX_TASK_ID='transform' AIRFLOW_CTX_EXECUTION_DATE='2023-06-01T09:05:55.595191+00:00' AIRFLOW_CTX_TRY_NUMBER='1' AIRFLOW_CTX_DAG_RUN_ID='manual__2023-06-01T09:05:55.595191+00:00'
[2023-06-01T09:06:03.579+0000] {docker.py:324} INFO - Starting docker container from image my_etl:transform
[2023-06-01T09:06:05.622+0000] {docker.py:391} INFO - /app/transform.py:25: SettingWithCopyWarning: 
A value is trying to be set on a copy of a slice from a DataFrame.
Try using .loc[row_indexer,col_indexer] = value instead

See the caveats in the documentation: https://pandas.pydata.org/pandas-docs/stable/user_guide/indexing.html#returning-a-view-versus-a-copy
  df_drop["Age"] = df_drop['Age'].astype(int)
[2023-06-01T09:06:05.645+0000] {docker.py:391} INFO - /app/transform.py:28: SettingWithCopyWarning: 
A value is trying to be set on a copy of a slice from a DataFrame.
Try using .loc[row_indexer,col_indexer] = value instead

See the caveats in the documentation: https://pandas.pydata.org/pandas-docs/stable/user_guide/indexing.html#returning-a-view-versus-a-copy
  df_drop['Sex'] = df_drop['Sex'].str.upper()
[2023-06-01T09:06:05.673+0000] {docker.py:391} INFO - /app/transform.py:29: SettingWithCopyWarning: 
A value is trying to be set on a copy of a slice from a DataFrame.
Try using .loc[row_indexer,col_indexer] = value instead

See the caveats in the documentation: https://pandas.pydata.org/pandas-docs/stable/user_guide/indexing.html#returning-a-view-versus-a-copy
  df_drop['Sex'] = df_drop['Sex'].str.replace("(MAN|MALE)",'M',regex=True)
[2023-06-01T09:06:05.704+0000] {docker.py:391} INFO - /app/transform.py:30: SettingWithCopyWarning: 
A value is trying to be set on a copy of a slice from a DataFrame.
Try using .loc[row_indexer,col_indexer] = value instead

See the caveats in the documentation: https://pandas.pydata.org/pandas-docs/stable/user_guide/indexing.html#returning-a-view-versus-a-copy
  df_drop['Sex'] = df_drop['Sex'].str.replace("(GIRL|FEM)",'F',regex=True)
[2023-06-01T09:06:05.733+0000] {docker.py:391} INFO - /app/transform.py:31: SettingWithCopyWarning: 
A value is trying to be set on a copy of a slice from a DataFrame.
Try using .loc[row_indexer,col_indexer] = value instead

See the caveats in the documentation: https://pandas.pydata.org/pandas-docs/stable/user_guide/indexing.html#returning-a-view-versus-a-copy
  df_drop['Sex'] = df_drop['Sex'].str.replace("(BOTH|FM|MF)",'LGBT',regex=True)
[2023-06-01T09:06:05.752+0000] {docker.py:391} INFO - /app/transform.py:32: SettingWithCopyWarning: 
A value is trying to be set on a copy of a slice from a DataFrame.
Try using .loc[row_indexer,col_indexer] = value instead

See the caveats in the documentation: https://pandas.pydata.org/pandas-docs/stable/user_guide/indexing.html#returning-a-view-versus-a-copy
  df_drop['Sex'] = df_drop['Sex'].str.replace("-",'Not Defined',regex=True)
[2023-06-01T09:06:07.388+0000] {taskinstance.py:1350} INFO - Marking task as SUCCESS. dag_id=my_dag, task_id=transform, execution_date=20230601T090555, start_date=20230601T090603, end_date=20230601T090607
[2023-06-01T09:06:07.456+0000] {local_task_job_runner.py:225} INFO - Task exited with return code 0
[2023-06-01T09:06:07.500+0000] {taskinstance.py:2651} INFO - 0 downstream tasks scheduled from follow-on schedule check
