[2023-05-27T15:32:48.094+0000] {taskinstance.py:1103} INFO - Dependencies all met for dep_context=non-requeueable deps ti=<TaskInstance: my_dag.Transform manual__2023-05-27T15:32:35.660004+00:00 [queued]>
[2023-05-27T15:32:48.112+0000] {taskinstance.py:1103} INFO - Dependencies all met for dep_context=requeueable deps ti=<TaskInstance: my_dag.Transform manual__2023-05-27T15:32:35.660004+00:00 [queued]>
[2023-05-27T15:32:48.113+0000] {taskinstance.py:1308} INFO - Starting attempt 1 of 1
[2023-05-27T15:32:48.145+0000] {taskinstance.py:1327} INFO - Executing <Task(BashOperator): Transform> on 2023-05-27 15:32:35.660004+00:00
[2023-05-27T15:32:48.151+0000] {standard_task_runner.py:57} INFO - Started process 264 to run task
[2023-05-27T15:32:48.154+0000] {standard_task_runner.py:84} INFO - Running: ['***', 'tasks', 'run', 'my_dag', 'Transform', 'manual__2023-05-27T15:32:35.660004+00:00', '--job-id', '235', '--raw', '--subdir', 'DAGS_FOLDER/my_dag.py', '--cfg-path', '/tmp/tmpzkv_3_9i']
[2023-05-27T15:32:48.157+0000] {standard_task_runner.py:85} INFO - Job 235: Subtask Transform
[2023-05-27T15:32:48.215+0000] {task_command.py:410} INFO - Running <TaskInstance: my_dag.Transform manual__2023-05-27T15:32:35.660004+00:00 [running]> on host 635d0ada7d46
[2023-05-27T15:32:48.336+0000] {taskinstance.py:1547} INFO - Exporting env vars: AIRFLOW_CTX_DAG_OWNER='***' AIRFLOW_CTX_DAG_ID='my_dag' AIRFLOW_CTX_TASK_ID='Transform' AIRFLOW_CTX_EXECUTION_DATE='2023-05-27T15:32:35.660004+00:00' AIRFLOW_CTX_TRY_NUMBER='1' AIRFLOW_CTX_DAG_RUN_ID='manual__2023-05-27T15:32:35.660004+00:00'
[2023-05-27T15:32:48.338+0000] {subprocess.py:63} INFO - Tmp dir root location: 
 /tmp
[2023-05-27T15:32:48.339+0000] {subprocess.py:75} INFO - Running command: ['/bin/bash', '-c', 'python /opt/***/dags/transform.py']
[2023-05-27T15:32:48.353+0000] {subprocess.py:86} INFO - Output:
[2023-05-27T15:33:06.603+0000] {subprocess.py:93} INFO - sys:1: DtypeWarning: Columns (2) have mixed types.Specify dtype option on import or set low_memory=False.
[2023-05-27T15:33:06.605+0000] {subprocess.py:93} INFO - /opt/***/dags/transform.py:21: SettingWithCopyWarning:
[2023-05-27T15:33:06.608+0000] {subprocess.py:93} INFO - A value is trying to be set on a copy of a slice from a DataFrame.
[2023-05-27T15:33:06.609+0000] {subprocess.py:93} INFO - Try using .loc[row_indexer,col_indexer] = value instead
[2023-05-27T15:33:06.610+0000] {subprocess.py:93} INFO - 
[2023-05-27T15:33:06.611+0000] {subprocess.py:93} INFO - See the caveats in the documentation: https://pandas.pydata.org/pandas-docs/stable/user_guide/indexing.html#returning-a-view-versus-a-copy
[2023-05-27T15:33:06.612+0000] {subprocess.py:93} INFO -   df_drop["Age"] = df_drop['Age'].astype(int)
[2023-05-27T15:33:06.613+0000] {subprocess.py:93} INFO - /opt/***/dags/transform.py:24: SettingWithCopyWarning:
[2023-05-27T15:33:06.614+0000] {subprocess.py:93} INFO - A value is trying to be set on a copy of a slice from a DataFrame.
[2023-05-27T15:33:06.616+0000] {subprocess.py:93} INFO - Try using .loc[row_indexer,col_indexer] = value instead
[2023-05-27T15:33:06.617+0000] {subprocess.py:93} INFO - 
[2023-05-27T15:33:06.618+0000] {subprocess.py:93} INFO - See the caveats in the documentation: https://pandas.pydata.org/pandas-docs/stable/user_guide/indexing.html#returning-a-view-versus-a-copy
[2023-05-27T15:33:06.619+0000] {subprocess.py:93} INFO -   df_drop['Sex'] = df_drop['Sex'].str.upper()
[2023-05-27T15:33:06.620+0000] {subprocess.py:93} INFO - /opt/***/dags/transform.py:25: SettingWithCopyWarning:
[2023-05-27T15:33:06.621+0000] {subprocess.py:93} INFO - A value is trying to be set on a copy of a slice from a DataFrame.
[2023-05-27T15:33:06.622+0000] {subprocess.py:93} INFO - Try using .loc[row_indexer,col_indexer] = value instead
[2023-05-27T15:33:06.623+0000] {subprocess.py:93} INFO - 
[2023-05-27T15:33:06.624+0000] {subprocess.py:93} INFO - See the caveats in the documentation: https://pandas.pydata.org/pandas-docs/stable/user_guide/indexing.html#returning-a-view-versus-a-copy
[2023-05-27T15:33:06.625+0000] {subprocess.py:93} INFO -   df_drop['Sex'] = df_drop['Sex'].str.replace("(MAN|MALE)",'M',regex=True)
[2023-05-27T15:33:06.627+0000] {subprocess.py:93} INFO - /opt/***/dags/transform.py:26: SettingWithCopyWarning:
[2023-05-27T15:33:06.628+0000] {subprocess.py:93} INFO - A value is trying to be set on a copy of a slice from a DataFrame.
[2023-05-27T15:33:06.629+0000] {subprocess.py:93} INFO - Try using .loc[row_indexer,col_indexer] = value instead
[2023-05-27T15:33:06.630+0000] {subprocess.py:93} INFO - 
[2023-05-27T15:33:06.630+0000] {subprocess.py:93} INFO - See the caveats in the documentation: https://pandas.pydata.org/pandas-docs/stable/user_guide/indexing.html#returning-a-view-versus-a-copy
[2023-05-27T15:33:06.631+0000] {subprocess.py:93} INFO -   df_drop['Sex'] = df_drop['Sex'].str.replace("(GIRL|FEM)",'F',regex=True)
[2023-05-27T15:33:06.632+0000] {subprocess.py:93} INFO - /opt/***/dags/transform.py:27: SettingWithCopyWarning:
[2023-05-27T15:33:06.633+0000] {subprocess.py:93} INFO - A value is trying to be set on a copy of a slice from a DataFrame.
[2023-05-27T15:33:06.634+0000] {subprocess.py:93} INFO - Try using .loc[row_indexer,col_indexer] = value instead
[2023-05-27T15:33:06.635+0000] {subprocess.py:93} INFO - 
[2023-05-27T15:33:06.636+0000] {subprocess.py:93} INFO - See the caveats in the documentation: https://pandas.pydata.org/pandas-docs/stable/user_guide/indexing.html#returning-a-view-versus-a-copy
[2023-05-27T15:33:06.636+0000] {subprocess.py:93} INFO -   df_drop['Sex'] = df_drop['Sex'].str.replace("(BOTH|FM|MF)",'LGBT',regex=True)
[2023-05-27T15:33:06.637+0000] {subprocess.py:93} INFO - /opt/***/dags/transform.py:28: SettingWithCopyWarning:
[2023-05-27T15:33:06.638+0000] {subprocess.py:93} INFO - A value is trying to be set on a copy of a slice from a DataFrame.
[2023-05-27T15:33:06.639+0000] {subprocess.py:93} INFO - Try using .loc[row_indexer,col_indexer] = value instead
[2023-05-27T15:33:06.642+0000] {subprocess.py:93} INFO - 
[2023-05-27T15:33:06.643+0000] {subprocess.py:93} INFO - See the caveats in the documentation: https://pandas.pydata.org/pandas-docs/stable/user_guide/indexing.html#returning-a-view-versus-a-copy
[2023-05-27T15:33:06.644+0000] {subprocess.py:93} INFO -   df_drop['Sex'] = df_drop['Sex'].str.replace("-",'Not Defined',regex=True)
[2023-05-27T15:33:06.645+0000] {subprocess.py:93} INFO - {'age_morethan120': 84436, 'sex_LGBT': 299505, 'sex_NotDefined': 0}
[2023-05-27T15:33:06.913+0000] {subprocess.py:97} INFO - Command exited with return code 0
[2023-05-27T15:33:06.970+0000] {taskinstance.py:1350} INFO - Marking task as SUCCESS. dag_id=my_dag, task_id=Transform, execution_date=20230527T153235, start_date=20230527T153248, end_date=20230527T153306
[2023-05-27T15:33:07.034+0000] {local_task_job_runner.py:225} INFO - Task exited with return code 0
[2023-05-27T15:33:07.071+0000] {taskinstance.py:2651} INFO - 1 downstream tasks scheduled from follow-on schedule check
