[2023-05-27T14:02:05.878+0000] {taskinstance.py:1103} INFO - Dependencies all met for dep_context=non-requeueable deps ti=<TaskInstance: my_dag.Transform manual__2023-05-27T13:56:46.016071+00:00 [queued]>
[2023-05-27T14:02:05.909+0000] {taskinstance.py:1103} INFO - Dependencies all met for dep_context=requeueable deps ti=<TaskInstance: my_dag.Transform manual__2023-05-27T13:56:46.016071+00:00 [queued]>
[2023-05-27T14:02:05.913+0000] {taskinstance.py:1308} INFO - Starting attempt 1 of 1
[2023-05-27T14:02:05.971+0000] {taskinstance.py:1327} INFO - Executing <Task(BashOperator): Transform> on 2023-05-27 13:56:46.016071+00:00
[2023-05-27T14:02:05.980+0000] {standard_task_runner.py:57} INFO - Started process 113 to run task
[2023-05-27T14:02:05.985+0000] {standard_task_runner.py:84} INFO - Running: ['***', 'tasks', 'run', 'my_dag', 'Transform', 'manual__2023-05-27T13:56:46.016071+00:00', '--job-id', '147', '--raw', '--subdir', 'DAGS_FOLDER/my_dag.py', '--cfg-path', '/tmp/tmp57wy984e']
[2023-05-27T14:02:05.993+0000] {standard_task_runner.py:85} INFO - Job 147: Subtask Transform
[2023-05-27T14:02:06.103+0000] {task_command.py:410} INFO - Running <TaskInstance: my_dag.Transform manual__2023-05-27T13:56:46.016071+00:00 [running]> on host d1b315133606
[2023-05-27T14:02:06.275+0000] {taskinstance.py:1547} INFO - Exporting env vars: AIRFLOW_CTX_DAG_OWNER='***' AIRFLOW_CTX_DAG_ID='my_dag' AIRFLOW_CTX_TASK_ID='Transform' AIRFLOW_CTX_EXECUTION_DATE='2023-05-27T13:56:46.016071+00:00' AIRFLOW_CTX_TRY_NUMBER='1' AIRFLOW_CTX_DAG_RUN_ID='manual__2023-05-27T13:56:46.016071+00:00'
[2023-05-27T14:02:06.280+0000] {subprocess.py:63} INFO - Tmp dir root location: 
 /tmp
[2023-05-27T14:02:06.282+0000] {subprocess.py:75} INFO - Running command: ['/bin/bash', '-c', 'python /opt/***/dags/transform.py']
[2023-05-27T14:02:06.304+0000] {subprocess.py:86} INFO - Output:
[2023-05-27T14:02:32.554+0000] {subprocess.py:93} INFO - sys:1: DtypeWarning: Columns (2) have mixed types.Specify dtype option on import or set low_memory=False.
[2023-05-27T14:02:32.555+0000] {subprocess.py:93} INFO - /opt/***/dags/transform.py:21: SettingWithCopyWarning:
[2023-05-27T14:02:32.556+0000] {subprocess.py:93} INFO - A value is trying to be set on a copy of a slice from a DataFrame.
[2023-05-27T14:02:32.558+0000] {subprocess.py:93} INFO - Try using .loc[row_indexer,col_indexer] = value instead
[2023-05-27T14:02:32.559+0000] {subprocess.py:93} INFO - 
[2023-05-27T14:02:32.560+0000] {subprocess.py:93} INFO - See the caveats in the documentation: https://pandas.pydata.org/pandas-docs/stable/user_guide/indexing.html#returning-a-view-versus-a-copy
[2023-05-27T14:02:32.561+0000] {subprocess.py:93} INFO -   df_drop["Age"] = df_drop['Age'].astype(int)
[2023-05-27T14:02:32.562+0000] {subprocess.py:93} INFO - /opt/***/dags/transform.py:24: SettingWithCopyWarning:
[2023-05-27T14:02:32.564+0000] {subprocess.py:93} INFO - A value is trying to be set on a copy of a slice from a DataFrame.
[2023-05-27T14:02:32.565+0000] {subprocess.py:93} INFO - Try using .loc[row_indexer,col_indexer] = value instead
[2023-05-27T14:02:32.566+0000] {subprocess.py:93} INFO - 
[2023-05-27T14:02:32.569+0000] {subprocess.py:93} INFO - See the caveats in the documentation: https://pandas.pydata.org/pandas-docs/stable/user_guide/indexing.html#returning-a-view-versus-a-copy
[2023-05-27T14:02:32.570+0000] {subprocess.py:93} INFO -   df_drop['Sex'] = df_drop['Sex'].str.upper()
[2023-05-27T14:02:32.573+0000] {subprocess.py:93} INFO - /opt/***/dags/transform.py:25: SettingWithCopyWarning:
[2023-05-27T14:02:32.574+0000] {subprocess.py:93} INFO - A value is trying to be set on a copy of a slice from a DataFrame.
[2023-05-27T14:02:32.575+0000] {subprocess.py:93} INFO - Try using .loc[row_indexer,col_indexer] = value instead
[2023-05-27T14:02:32.577+0000] {subprocess.py:93} INFO - 
[2023-05-27T14:02:32.578+0000] {subprocess.py:93} INFO - See the caveats in the documentation: https://pandas.pydata.org/pandas-docs/stable/user_guide/indexing.html#returning-a-view-versus-a-copy
[2023-05-27T14:02:32.579+0000] {subprocess.py:93} INFO -   df_drop['Sex'] = df_drop['Sex'].str.replace("(MAN|MALE)",'M',regex=True)
[2023-05-27T14:02:32.585+0000] {subprocess.py:93} INFO - /opt/***/dags/transform.py:26: SettingWithCopyWarning:
[2023-05-27T14:02:32.586+0000] {subprocess.py:93} INFO - A value is trying to be set on a copy of a slice from a DataFrame.
[2023-05-27T14:02:32.589+0000] {subprocess.py:93} INFO - Try using .loc[row_indexer,col_indexer] = value instead
[2023-05-27T14:02:32.590+0000] {subprocess.py:93} INFO - 
[2023-05-27T14:02:32.592+0000] {subprocess.py:93} INFO - See the caveats in the documentation: https://pandas.pydata.org/pandas-docs/stable/user_guide/indexing.html#returning-a-view-versus-a-copy
[2023-05-27T14:02:32.593+0000] {subprocess.py:93} INFO -   df_drop['Sex'] = df_drop['Sex'].str.replace("(GIRL|FEM)",'F',regex=True)
[2023-05-27T14:02:32.595+0000] {subprocess.py:93} INFO - /opt/***/dags/transform.py:27: SettingWithCopyWarning:
[2023-05-27T14:02:32.596+0000] {subprocess.py:93} INFO - A value is trying to be set on a copy of a slice from a DataFrame.
[2023-05-27T14:02:32.598+0000] {subprocess.py:93} INFO - Try using .loc[row_indexer,col_indexer] = value instead
[2023-05-27T14:02:32.599+0000] {subprocess.py:93} INFO - 
[2023-05-27T14:02:32.602+0000] {subprocess.py:93} INFO - See the caveats in the documentation: https://pandas.pydata.org/pandas-docs/stable/user_guide/indexing.html#returning-a-view-versus-a-copy
[2023-05-27T14:02:32.604+0000] {subprocess.py:93} INFO -   df_drop['Sex'] = df_drop['Sex'].str.replace("(BOTH|FM|MF)",'LGBT',regex=True)
[2023-05-27T14:02:32.605+0000] {subprocess.py:93} INFO - /opt/***/dags/transform.py:28: SettingWithCopyWarning:
[2023-05-27T14:02:32.607+0000] {subprocess.py:93} INFO - A value is trying to be set on a copy of a slice from a DataFrame.
[2023-05-27T14:02:32.609+0000] {subprocess.py:93} INFO - Try using .loc[row_indexer,col_indexer] = value instead
[2023-05-27T14:02:32.611+0000] {subprocess.py:93} INFO - 
[2023-05-27T14:02:32.615+0000] {subprocess.py:93} INFO - See the caveats in the documentation: https://pandas.pydata.org/pandas-docs/stable/user_guide/indexing.html#returning-a-view-versus-a-copy
[2023-05-27T14:02:32.617+0000] {subprocess.py:93} INFO -   df_drop['Sex'] = df_drop['Sex'].str.replace("-",'Not Defined',regex=True)
[2023-05-27T14:02:32.619+0000] {subprocess.py:93} INFO - {'age_morethan120': 84436, 'sex_LGBT': 299505, 'sex_NotDefined': 0}
[2023-05-27T14:02:32.922+0000] {subprocess.py:97} INFO - Command exited with return code 0
[2023-05-27T14:02:32.980+0000] {taskinstance.py:1350} INFO - Marking task as SUCCESS. dag_id=my_dag, task_id=Transform, execution_date=20230527T135646, start_date=20230527T140205, end_date=20230527T140232
[2023-05-27T14:02:33.059+0000] {local_task_job_runner.py:225} INFO - Task exited with return code 0
[2023-05-27T14:02:33.111+0000] {taskinstance.py:2651} INFO - 1 downstream tasks scheduled from follow-on schedule check
