[2023-05-27T15:27:20.651+0000] {taskinstance.py:1103} INFO - Dependencies all met for dep_context=non-requeueable deps ti=<TaskInstance: my_dag.Transform manual__2023-05-27T15:26:43.429994+00:00 [queued]>
[2023-05-27T15:27:20.664+0000] {taskinstance.py:1103} INFO - Dependencies all met for dep_context=requeueable deps ti=<TaskInstance: my_dag.Transform manual__2023-05-27T15:26:43.429994+00:00 [queued]>
[2023-05-27T15:27:20.665+0000] {taskinstance.py:1308} INFO - Starting attempt 1 of 1
[2023-05-27T15:27:20.686+0000] {taskinstance.py:1327} INFO - Executing <Task(BashOperator): Transform> on 2023-05-27 15:26:43.429994+00:00
[2023-05-27T15:27:20.693+0000] {standard_task_runner.py:57} INFO - Started process 107 to run task
[2023-05-27T15:27:20.697+0000] {standard_task_runner.py:84} INFO - Running: ['***', 'tasks', 'run', 'my_dag', 'Transform', 'manual__2023-05-27T15:26:43.429994+00:00', '--job-id', '231', '--raw', '--subdir', 'DAGS_FOLDER/my_dag.py', '--cfg-path', '/tmp/tmpr9onieyf']
[2023-05-27T15:27:20.699+0000] {standard_task_runner.py:85} INFO - Job 231: Subtask Transform
[2023-05-27T15:27:20.755+0000] {task_command.py:410} INFO - Running <TaskInstance: my_dag.Transform manual__2023-05-27T15:26:43.429994+00:00 [running]> on host 635d0ada7d46
[2023-05-27T15:27:20.880+0000] {taskinstance.py:1547} INFO - Exporting env vars: AIRFLOW_CTX_DAG_OWNER='***' AIRFLOW_CTX_DAG_ID='my_dag' AIRFLOW_CTX_TASK_ID='Transform' AIRFLOW_CTX_EXECUTION_DATE='2023-05-27T15:26:43.429994+00:00' AIRFLOW_CTX_TRY_NUMBER='1' AIRFLOW_CTX_DAG_RUN_ID='manual__2023-05-27T15:26:43.429994+00:00'
[2023-05-27T15:27:20.882+0000] {subprocess.py:63} INFO - Tmp dir root location: 
 /tmp
[2023-05-27T15:27:20.884+0000] {subprocess.py:75} INFO - Running command: ['/bin/bash', '-c', 'python /opt/***/dags/transform.py']
[2023-05-27T15:27:20.903+0000] {subprocess.py:86} INFO - Output:
[2023-05-27T15:27:39.262+0000] {subprocess.py:93} INFO - sys:1: DtypeWarning: Columns (2) have mixed types.Specify dtype option on import or set low_memory=False.
[2023-05-27T15:27:39.263+0000] {subprocess.py:93} INFO - /opt/***/dags/transform.py:21: SettingWithCopyWarning:
[2023-05-27T15:27:39.264+0000] {subprocess.py:93} INFO - A value is trying to be set on a copy of a slice from a DataFrame.
[2023-05-27T15:27:39.264+0000] {subprocess.py:93} INFO - Try using .loc[row_indexer,col_indexer] = value instead
[2023-05-27T15:27:39.265+0000] {subprocess.py:93} INFO - 
[2023-05-27T15:27:39.265+0000] {subprocess.py:93} INFO - See the caveats in the documentation: https://pandas.pydata.org/pandas-docs/stable/user_guide/indexing.html#returning-a-view-versus-a-copy
[2023-05-27T15:27:39.266+0000] {subprocess.py:93} INFO -   df_drop["Age"] = df_drop['Age'].astype(int)
[2023-05-27T15:27:39.267+0000] {subprocess.py:93} INFO - /opt/***/dags/transform.py:24: SettingWithCopyWarning:
[2023-05-27T15:27:39.267+0000] {subprocess.py:93} INFO - A value is trying to be set on a copy of a slice from a DataFrame.
[2023-05-27T15:27:39.269+0000] {subprocess.py:93} INFO - Try using .loc[row_indexer,col_indexer] = value instead
[2023-05-27T15:27:39.270+0000] {subprocess.py:93} INFO - 
[2023-05-27T15:27:39.271+0000] {subprocess.py:93} INFO - See the caveats in the documentation: https://pandas.pydata.org/pandas-docs/stable/user_guide/indexing.html#returning-a-view-versus-a-copy
[2023-05-27T15:27:39.271+0000] {subprocess.py:93} INFO -   df_drop['Sex'] = df_drop['Sex'].str.upper()
[2023-05-27T15:27:39.272+0000] {subprocess.py:93} INFO - /opt/***/dags/transform.py:25: SettingWithCopyWarning:
[2023-05-27T15:27:39.273+0000] {subprocess.py:93} INFO - A value is trying to be set on a copy of a slice from a DataFrame.
[2023-05-27T15:27:39.273+0000] {subprocess.py:93} INFO - Try using .loc[row_indexer,col_indexer] = value instead
[2023-05-27T15:27:39.274+0000] {subprocess.py:93} INFO - 
[2023-05-27T15:27:39.275+0000] {subprocess.py:93} INFO - See the caveats in the documentation: https://pandas.pydata.org/pandas-docs/stable/user_guide/indexing.html#returning-a-view-versus-a-copy
[2023-05-27T15:27:39.276+0000] {subprocess.py:93} INFO -   df_drop['Sex'] = df_drop['Sex'].str.replace("(MAN|MALE)",'M',regex=True)
[2023-05-27T15:27:39.277+0000] {subprocess.py:93} INFO - /opt/***/dags/transform.py:26: SettingWithCopyWarning:
[2023-05-27T15:27:39.278+0000] {subprocess.py:93} INFO - A value is trying to be set on a copy of a slice from a DataFrame.
[2023-05-27T15:27:39.279+0000] {subprocess.py:93} INFO - Try using .loc[row_indexer,col_indexer] = value instead
[2023-05-27T15:27:39.279+0000] {subprocess.py:93} INFO - 
[2023-05-27T15:27:39.280+0000] {subprocess.py:93} INFO - See the caveats in the documentation: https://pandas.pydata.org/pandas-docs/stable/user_guide/indexing.html#returning-a-view-versus-a-copy
[2023-05-27T15:27:39.281+0000] {subprocess.py:93} INFO -   df_drop['Sex'] = df_drop['Sex'].str.replace("(GIRL|FEM)",'F',regex=True)
[2023-05-27T15:27:39.281+0000] {subprocess.py:93} INFO - /opt/***/dags/transform.py:27: SettingWithCopyWarning:
[2023-05-27T15:27:39.282+0000] {subprocess.py:93} INFO - A value is trying to be set on a copy of a slice from a DataFrame.
[2023-05-27T15:27:39.282+0000] {subprocess.py:93} INFO - Try using .loc[row_indexer,col_indexer] = value instead
[2023-05-27T15:27:39.283+0000] {subprocess.py:93} INFO - 
[2023-05-27T15:27:39.284+0000] {subprocess.py:93} INFO - See the caveats in the documentation: https://pandas.pydata.org/pandas-docs/stable/user_guide/indexing.html#returning-a-view-versus-a-copy
[2023-05-27T15:27:39.285+0000] {subprocess.py:93} INFO -   df_drop['Sex'] = df_drop['Sex'].str.replace("(BOTH|FM|MF)",'LGBT',regex=True)
[2023-05-27T15:27:39.286+0000] {subprocess.py:93} INFO - /opt/***/dags/transform.py:28: SettingWithCopyWarning:
[2023-05-27T15:27:39.287+0000] {subprocess.py:93} INFO - A value is trying to be set on a copy of a slice from a DataFrame.
[2023-05-27T15:27:39.288+0000] {subprocess.py:93} INFO - Try using .loc[row_indexer,col_indexer] = value instead
[2023-05-27T15:27:39.289+0000] {subprocess.py:93} INFO - 
[2023-05-27T15:27:39.290+0000] {subprocess.py:93} INFO - See the caveats in the documentation: https://pandas.pydata.org/pandas-docs/stable/user_guide/indexing.html#returning-a-view-versus-a-copy
[2023-05-27T15:27:39.291+0000] {subprocess.py:93} INFO -   df_drop['Sex'] = df_drop['Sex'].str.replace("-",'Not Defined',regex=True)
[2023-05-27T15:27:39.292+0000] {subprocess.py:93} INFO - {'age_morethan120': 84436, 'sex_LGBT': 299505, 'sex_NotDefined': 0}
[2023-05-27T15:27:39.508+0000] {subprocess.py:97} INFO - Command exited with return code 0
[2023-05-27T15:27:39.549+0000] {taskinstance.py:1350} INFO - Marking task as SUCCESS. dag_id=my_dag, task_id=Transform, execution_date=20230527T152643, start_date=20230527T152720, end_date=20230527T152739
[2023-05-27T15:27:39.595+0000] {local_task_job_runner.py:225} INFO - Task exited with return code 0
[2023-05-27T15:27:39.636+0000] {taskinstance.py:2651} INFO - 1 downstream tasks scheduled from follow-on schedule check
