[2023-05-25T09:03:49.907+0000] {taskinstance.py:1103} INFO - Dependencies all met for dep_context=non-requeueable deps ti=<TaskInstance: my_dag.temp_table manual__2023-05-25T09:01:36.539856+00:00 [queued]>
[2023-05-25T09:03:49.926+0000] {taskinstance.py:1103} INFO - Dependencies all met for dep_context=requeueable deps ti=<TaskInstance: my_dag.temp_table manual__2023-05-25T09:01:36.539856+00:00 [queued]>
[2023-05-25T09:03:49.927+0000] {taskinstance.py:1308} INFO - Starting attempt 1 of 1
[2023-05-25T09:03:49.954+0000] {taskinstance.py:1327} INFO - Executing <Task(PostgresOperator): temp_table> on 2023-05-25 09:01:36.539856+00:00
[2023-05-25T09:03:49.962+0000] {standard_task_runner.py:57} INFO - Started process 71 to run task
[2023-05-25T09:03:49.969+0000] {standard_task_runner.py:84} INFO - Running: ['***', 'tasks', 'run', 'my_dag', 'temp_table', 'manual__2023-05-25T09:01:36.539856+00:00', '--job-id', '70', '--raw', '--subdir', 'DAGS_FOLDER/my_dag.py', '--cfg-path', '/tmp/tmpmg0slzpg']
[2023-05-25T09:03:49.973+0000] {standard_task_runner.py:85} INFO - Job 70: Subtask temp_table
[2023-05-25T09:03:50.053+0000] {task_command.py:410} INFO - Running <TaskInstance: my_dag.temp_table manual__2023-05-25T09:01:36.539856+00:00 [running]> on host 548872e0b964
[2023-05-25T09:03:50.236+0000] {taskinstance.py:1547} INFO - Exporting env vars: AIRFLOW_CTX_DAG_OWNER='***' AIRFLOW_CTX_DAG_ID='my_dag' AIRFLOW_CTX_TASK_ID='temp_table' AIRFLOW_CTX_EXECUTION_DATE='2023-05-25T09:01:36.539856+00:00' AIRFLOW_CTX_TRY_NUMBER='1' AIRFLOW_CTX_DAG_RUN_ID='manual__2023-05-25T09:01:36.539856+00:00'
[2023-05-25T09:03:50.239+0000] {sql.py:262} INFO - Executing: 
            CREATE TABLE temp_table (
            firstname varchar(40),       
            lastname  varchar(40),
            age   integer,
            sex   varchar(15)
            )
        
[2023-05-25T09:03:50.256+0000] {base.py:73} INFO - Using connection ID 'connectPostges' for task execution.
[2023-05-25T09:03:50.405+0000] {base.py:73} INFO - Using connection ID 'connectPostges' for task execution.
[2023-05-25T09:03:50.464+0000] {sql.py:375} INFO - Running statement: 
            CREATE TABLE temp_table (
            firstname varchar(40),       
            lastname  varchar(40),
            age   integer,
            sex   varchar(15)
            )
        , parameters: None
[2023-05-25T09:03:50.519+0000] {taskinstance.py:1350} INFO - Marking task as SUCCESS. dag_id=my_dag, task_id=temp_table, execution_date=20230525T090136, start_date=20230525T090349, end_date=20230525T090350
[2023-05-25T09:03:50.583+0000] {local_task_job_runner.py:225} INFO - Task exited with return code 0
[2023-05-25T09:03:50.646+0000] {taskinstance.py:2651} INFO - 1 downstream tasks scheduled from follow-on schedule check
