[2023-05-25T08:10:52.706+0000] {taskinstance.py:1103} INFO - Dependencies all met for dep_context=non-requeueable deps ti=<TaskInstance: my_dag.detail manual__2023-05-25T08:10:49.528879+00:00 [queued]>
[2023-05-25T08:10:52.725+0000] {taskinstance.py:1103} INFO - Dependencies all met for dep_context=requeueable deps ti=<TaskInstance: my_dag.detail manual__2023-05-25T08:10:49.528879+00:00 [queued]>
[2023-05-25T08:10:52.726+0000] {taskinstance.py:1308} INFO - Starting attempt 1 of 1
[2023-05-25T08:10:52.758+0000] {taskinstance.py:1327} INFO - Executing <Task(PostgresOperator): detail> on 2023-05-25 08:10:49.528879+00:00
[2023-05-25T08:10:52.765+0000] {standard_task_runner.py:57} INFO - Started process 127 to run task
[2023-05-25T08:10:52.770+0000] {standard_task_runner.py:84} INFO - Running: ['***', 'tasks', 'run', 'my_dag', 'detail', 'manual__2023-05-25T08:10:49.528879+00:00', '--job-id', '49', '--raw', '--subdir', 'DAGS_FOLDER/my_dag.py', '--cfg-path', '/tmp/tmpzkxfzuve']
[2023-05-25T08:10:52.773+0000] {standard_task_runner.py:85} INFO - Job 49: Subtask detail
[2023-05-25T08:10:52.839+0000] {task_command.py:410} INFO - Running <TaskInstance: my_dag.detail manual__2023-05-25T08:10:49.528879+00:00 [running]> on host 6c149b085cf0
[2023-05-25T08:10:53.005+0000] {taskinstance.py:1547} INFO - Exporting env vars: AIRFLOW_CTX_DAG_OWNER='***' AIRFLOW_CTX_DAG_ID='my_dag' AIRFLOW_CTX_TASK_ID='detail' AIRFLOW_CTX_EXECUTION_DATE='2023-05-25T08:10:49.528879+00:00' AIRFLOW_CTX_TRY_NUMBER='1' AIRFLOW_CTX_DAG_RUN_ID='manual__2023-05-25T08:10:49.528879+00:00'
[2023-05-25T08:10:53.008+0000] {sql.py:262} INFO - Executing: 
            CREATE TABLE IF NOT EXISTS detail2 (
            FirstName varchar(40),       
            LastName  varchar(40),
            Age   integer,
            Sex   varchar(15)
            )
          
[2023-05-25T08:10:53.024+0000] {base.py:73} INFO - Using connection ID 'connectPostges' for task execution.
[2023-05-25T08:10:53.156+0000] {base.py:73} INFO - Using connection ID 'connectPostges' for task execution.
[2023-05-25T08:10:53.164+0000] {sql.py:375} INFO - Running statement: 
            CREATE TABLE IF NOT EXISTS detail2 (
            FirstName varchar(40),       
            LastName  varchar(40),
            Age   integer,
            Sex   varchar(15)
            )
          , parameters: None
[2023-05-25T08:10:53.180+0000] {taskinstance.py:1350} INFO - Marking task as SUCCESS. dag_id=my_dag, task_id=detail, execution_date=20230525T081049, start_date=20230525T081052, end_date=20230525T081053
[2023-05-25T08:10:53.221+0000] {local_task_job_runner.py:225} INFO - Task exited with return code 0
[2023-05-25T08:10:53.260+0000] {taskinstance.py:2651} INFO - 1 downstream tasks scheduled from follow-on schedule check
