[2023-05-25T04:27:02.668+0000] {taskinstance.py:1103} INFO - Dependencies all met for dep_context=non-requeueable deps ti=<TaskInstance: my_dag.detail manual__2023-05-25T04:26:58.917673+00:00 [queued]>
[2023-05-25T04:27:02.684+0000] {taskinstance.py:1103} INFO - Dependencies all met for dep_context=requeueable deps ti=<TaskInstance: my_dag.detail manual__2023-05-25T04:26:58.917673+00:00 [queued]>
[2023-05-25T04:27:02.685+0000] {taskinstance.py:1308} INFO - Starting attempt 1 of 1
[2023-05-25T04:27:02.708+0000] {taskinstance.py:1327} INFO - Executing <Task(PostgresOperator): detail> on 2023-05-25 04:26:58.917673+00:00
[2023-05-25T04:27:02.715+0000] {standard_task_runner.py:57} INFO - Started process 149 to run task
[2023-05-25T04:27:02.718+0000] {standard_task_runner.py:84} INFO - Running: ['***', 'tasks', 'run', 'my_dag', 'detail', 'manual__2023-05-25T04:26:58.917673+00:00', '--job-id', '19', '--raw', '--subdir', 'DAGS_FOLDER/my_dag.py', '--cfg-path', '/tmp/tmp2k5wy0ks']
[2023-05-25T04:27:02.720+0000] {standard_task_runner.py:85} INFO - Job 19: Subtask detail
[2023-05-25T04:27:02.782+0000] {task_command.py:410} INFO - Running <TaskInstance: my_dag.detail manual__2023-05-25T04:26:58.917673+00:00 [running]> on host 4fd1d35cc618
[2023-05-25T04:27:02.925+0000] {taskinstance.py:1547} INFO - Exporting env vars: AIRFLOW_CTX_DAG_OWNER='***' AIRFLOW_CTX_DAG_ID='my_dag' AIRFLOW_CTX_TASK_ID='detail' AIRFLOW_CTX_EXECUTION_DATE='2023-05-25T04:26:58.917673+00:00' AIRFLOW_CTX_TRY_NUMBER='1' AIRFLOW_CTX_DAG_RUN_ID='manual__2023-05-25T04:26:58.917673+00:00'
[2023-05-25T04:27:02.927+0000] {sql.py:262} INFO - Executing: 
            CREATE TABLE IF NOT EXISTS detail (
            userID SERIAL PRIMARY KEY,
            FirstName varchar(40) NOT NULL,       
            LastName  varchar(40) NOT NULL,
            Age   integer NOT NULL,
            Sex   varchar(15),
            );
          
[2023-05-25T04:27:02.952+0000] {taskinstance.py:1824} ERROR - Task failed with exception
Traceback (most recent call last):
  File "/home/airflow/.local/lib/python3.7/site-packages/airflow/providers/common/sql/operators/sql.py", line 263, in execute
    hook = self.get_db_hook()
  File "/home/airflow/.local/lib/python3.7/site-packages/airflow/providers/common/sql/operators/sql.py", line 181, in get_db_hook
    return self._hook
  File "/home/airflow/.local/lib/python3.7/site-packages/cached_property.py", line 36, in __get__
    value = obj.__dict__[self.func.__name__] = self.func(obj)
  File "/home/airflow/.local/lib/python3.7/site-packages/airflow/providers/common/sql/operators/sql.py", line 143, in _hook
    conn = BaseHook.get_connection(self.conn_id)
  File "/home/airflow/.local/lib/python3.7/site-packages/airflow/hooks/base.py", line 72, in get_connection
    conn = Connection.get_connection_from_secrets(conn_id)
  File "/home/airflow/.local/lib/python3.7/site-packages/airflow/models/connection.py", line 434, in get_connection_from_secrets
    raise AirflowNotFoundException(f"The conn_id `{conn_id}` isn't defined")
airflow.exceptions.AirflowNotFoundException: The conn_id `postgres_default` isn't defined
[2023-05-25T04:27:02.958+0000] {taskinstance.py:1350} INFO - Marking task as FAILED. dag_id=my_dag, task_id=detail, execution_date=20230525T042658, start_date=20230525T042702, end_date=20230525T042702
[2023-05-25T04:27:02.978+0000] {standard_task_runner.py:109} ERROR - Failed to execute job 19 for task detail (The conn_id `postgres_default` isn't defined; 149)
[2023-05-25T04:27:03.011+0000] {local_task_job_runner.py:225} INFO - Task exited with return code 1
[2023-05-25T04:27:03.036+0000] {taskinstance.py:2651} INFO - 0 downstream tasks scheduled from follow-on schedule check
