[2023-05-25T08:15:13.257+0000] {taskinstance.py:1103} INFO - Dependencies all met for dep_context=non-requeueable deps ti=<TaskInstance: my_dag.tempTable manual__2023-05-25T08:15:07.986383+00:00 [queued]>
[2023-05-25T08:15:13.273+0000] {taskinstance.py:1103} INFO - Dependencies all met for dep_context=requeueable deps ti=<TaskInstance: my_dag.tempTable manual__2023-05-25T08:15:07.986383+00:00 [queued]>
[2023-05-25T08:15:13.274+0000] {taskinstance.py:1308} INFO - Starting attempt 1 of 1
[2023-05-25T08:15:13.301+0000] {taskinstance.py:1327} INFO - Executing <Task(PostgresOperator): tempTable> on 2023-05-25 08:15:07.986383+00:00
[2023-05-25T08:15:13.307+0000] {standard_task_runner.py:57} INFO - Started process 213 to run task
[2023-05-25T08:15:13.314+0000] {standard_task_runner.py:84} INFO - Running: ['***', 'tasks', 'run', 'my_dag', 'tempTable', 'manual__2023-05-25T08:15:07.986383+00:00', '--job-id', '53', '--raw', '--subdir', 'DAGS_FOLDER/my_dag.py', '--cfg-path', '/tmp/tmpsjd3dbuq']
[2023-05-25T08:15:13.317+0000] {standard_task_runner.py:85} INFO - Job 53: Subtask tempTable
[2023-05-25T08:15:13.393+0000] {task_command.py:410} INFO - Running <TaskInstance: my_dag.tempTable manual__2023-05-25T08:15:07.986383+00:00 [running]> on host 6c149b085cf0
[2023-05-25T08:15:13.534+0000] {taskinstance.py:1547} INFO - Exporting env vars: AIRFLOW_CTX_DAG_OWNER='***' AIRFLOW_CTX_DAG_ID='my_dag' AIRFLOW_CTX_TASK_ID='tempTable' AIRFLOW_CTX_EXECUTION_DATE='2023-05-25T08:15:07.986383+00:00' AIRFLOW_CTX_TRY_NUMBER='1' AIRFLOW_CTX_DAG_RUN_ID='manual__2023-05-25T08:15:07.986383+00:00'
[2023-05-25T08:15:13.536+0000] {sql.py:262} INFO - Executing: 
            CREATE TEMPORARY TABLE temp_table (
            FirstName varchar(40),       
            LastName  varchar(40),
            Age   integer,
            Sex   varchar(15)
            )
        
[2023-05-25T08:15:13.550+0000] {base.py:73} INFO - Using connection ID 'connectPostges' for task execution.
[2023-05-25T08:15:13.648+0000] {base.py:73} INFO - Using connection ID 'connectPostges' for task execution.
[2023-05-25T08:15:13.657+0000] {sql.py:375} INFO - Running statement: 
            CREATE TEMPORARY TABLE temp_table (
            FirstName varchar(40),       
            LastName  varchar(40),
            Age   integer,
            Sex   varchar(15)
            )
        , parameters: None
[2023-05-25T08:15:13.676+0000] {taskinstance.py:1350} INFO - Marking task as SUCCESS. dag_id=my_dag, task_id=tempTable, execution_date=20230525T081507, start_date=20230525T081513, end_date=20230525T081513
[2023-05-25T08:15:13.726+0000] {local_task_job_runner.py:225} INFO - Task exited with return code 0
[2023-05-25T08:15:13.770+0000] {taskinstance.py:2651} INFO - 1 downstream tasks scheduled from follow-on schedule check
