[2023-05-27T14:02:36.128+0000] {taskinstance.py:1103} INFO - Dependencies all met for dep_context=non-requeueable deps ti=<TaskInstance: my_dag.Load manual__2023-05-27T14:01:26.488808+00:00 [queued]>
[2023-05-27T14:02:36.155+0000] {taskinstance.py:1103} INFO - Dependencies all met for dep_context=requeueable deps ti=<TaskInstance: my_dag.Load manual__2023-05-27T14:01:26.488808+00:00 [queued]>
[2023-05-27T14:02:36.156+0000] {taskinstance.py:1308} INFO - Starting attempt 1 of 1
[2023-05-27T14:02:36.184+0000] {taskinstance.py:1327} INFO - Executing <Task(BashOperator): Load> on 2023-05-27 14:01:26.488808+00:00
[2023-05-27T14:02:36.192+0000] {standard_task_runner.py:57} INFO - Started process 162 to run task
[2023-05-27T14:02:36.197+0000] {standard_task_runner.py:84} INFO - Running: ['***', 'tasks', 'run', 'my_dag', 'Load', 'manual__2023-05-27T14:01:26.488808+00:00', '--job-id', '148', '--raw', '--subdir', 'DAGS_FOLDER/my_dag.py', '--cfg-path', '/tmp/tmpz1axzdmy']
[2023-05-27T14:02:36.199+0000] {standard_task_runner.py:85} INFO - Job 148: Subtask Load
[2023-05-27T14:02:36.275+0000] {task_command.py:410} INFO - Running <TaskInstance: my_dag.Load manual__2023-05-27T14:01:26.488808+00:00 [running]> on host d1b315133606
[2023-05-27T14:02:36.432+0000] {taskinstance.py:1547} INFO - Exporting env vars: AIRFLOW_CTX_DAG_OWNER='***' AIRFLOW_CTX_DAG_ID='my_dag' AIRFLOW_CTX_TASK_ID='Load' AIRFLOW_CTX_EXECUTION_DATE='2023-05-27T14:01:26.488808+00:00' AIRFLOW_CTX_TRY_NUMBER='1' AIRFLOW_CTX_DAG_RUN_ID='manual__2023-05-27T14:01:26.488808+00:00'
[2023-05-27T14:02:36.434+0000] {subprocess.py:63} INFO - Tmp dir root location: 
 /tmp
[2023-05-27T14:02:36.436+0000] {subprocess.py:75} INFO - Running command: ['/bin/bash', '-c', 'python /opt/***/dags/load.py']
[2023-05-27T14:02:36.453+0000] {subprocess.py:86} INFO - Output:
[2023-05-27T14:02:39.171+0000] {subprocess.py:93} INFO - Traceback (most recent call last):
[2023-05-27T14:02:39.172+0000] {subprocess.py:93} INFO -   File "/home/***/.local/lib/python3.7/site-packages/sqlalchemy/engine/base.py", line 3366, in _wrap_pool_connect
[2023-05-27T14:02:39.173+0000] {subprocess.py:93} INFO -     return fn()
[2023-05-27T14:02:39.173+0000] {subprocess.py:93} INFO -   File "/home/***/.local/lib/python3.7/site-packages/sqlalchemy/pool/base.py", line 327, in connect
[2023-05-27T14:02:39.174+0000] {subprocess.py:93} INFO -     return _ConnectionFairy._checkout(self)
[2023-05-27T14:02:39.176+0000] {subprocess.py:93} INFO -   File "/home/***/.local/lib/python3.7/site-packages/sqlalchemy/pool/base.py", line 894, in _checkout
[2023-05-27T14:02:39.177+0000] {subprocess.py:93} INFO -     fairy = _ConnectionRecord.checkout(pool)
[2023-05-27T14:02:39.178+0000] {subprocess.py:93} INFO -   File "/home/***/.local/lib/python3.7/site-packages/sqlalchemy/pool/base.py", line 493, in checkout
[2023-05-27T14:02:39.178+0000] {subprocess.py:93} INFO -     rec = pool._do_get()
[2023-05-27T14:02:39.179+0000] {subprocess.py:93} INFO -   File "/home/***/.local/lib/python3.7/site-packages/sqlalchemy/pool/impl.py", line 146, in _do_get
[2023-05-27T14:02:39.180+0000] {subprocess.py:93} INFO -     self._dec_overflow()
[2023-05-27T14:02:39.182+0000] {subprocess.py:93} INFO -   File "/home/***/.local/lib/python3.7/site-packages/sqlalchemy/util/langhelpers.py", line 72, in __exit__
[2023-05-27T14:02:39.186+0000] {subprocess.py:93} INFO -     with_traceback=exc_tb,
[2023-05-27T14:02:39.188+0000] {subprocess.py:93} INFO -   File "/home/***/.local/lib/python3.7/site-packages/sqlalchemy/util/compat.py", line 211, in raise_
[2023-05-27T14:02:39.189+0000] {subprocess.py:93} INFO -     raise exception
[2023-05-27T14:02:39.190+0000] {subprocess.py:93} INFO -   File "/home/***/.local/lib/python3.7/site-packages/sqlalchemy/pool/impl.py", line 143, in _do_get
[2023-05-27T14:02:39.191+0000] {subprocess.py:93} INFO -     return self._create_connection()
[2023-05-27T14:02:39.192+0000] {subprocess.py:93} INFO -   File "/home/***/.local/lib/python3.7/site-packages/sqlalchemy/pool/base.py", line 273, in _create_connection
[2023-05-27T14:02:39.193+0000] {subprocess.py:93} INFO -     return _ConnectionRecord(self)
[2023-05-27T14:02:39.194+0000] {subprocess.py:93} INFO -   File "/home/***/.local/lib/python3.7/site-packages/sqlalchemy/pool/base.py", line 388, in __init__
[2023-05-27T14:02:39.195+0000] {subprocess.py:93} INFO -     self.__connect()
[2023-05-27T14:02:39.196+0000] {subprocess.py:93} INFO -   File "/home/***/.local/lib/python3.7/site-packages/sqlalchemy/pool/base.py", line 691, in __connect
[2023-05-27T14:02:39.197+0000] {subprocess.py:93} INFO -     pool.logger.debug("Error on connect(): %s", e)
[2023-05-27T14:02:39.198+0000] {subprocess.py:93} INFO -   File "/home/***/.local/lib/python3.7/site-packages/sqlalchemy/util/langhelpers.py", line 72, in __exit__
[2023-05-27T14:02:39.199+0000] {subprocess.py:93} INFO -     with_traceback=exc_tb,
[2023-05-27T14:02:39.200+0000] {subprocess.py:93} INFO -   File "/home/***/.local/lib/python3.7/site-packages/sqlalchemy/util/compat.py", line 211, in raise_
[2023-05-27T14:02:39.201+0000] {subprocess.py:93} INFO -     raise exception
[2023-05-27T14:02:39.203+0000] {subprocess.py:93} INFO -   File "/home/***/.local/lib/python3.7/site-packages/sqlalchemy/pool/base.py", line 686, in __connect
[2023-05-27T14:02:39.204+0000] {subprocess.py:93} INFO -     self.dbapi_connection = connection = pool._invoke_creator(self)
[2023-05-27T14:02:39.205+0000] {subprocess.py:93} INFO -   File "/home/***/.local/lib/python3.7/site-packages/sqlalchemy/engine/create.py", line 574, in connect
[2023-05-27T14:02:39.205+0000] {subprocess.py:93} INFO -     return dialect.connect(*cargs, **cparams)
[2023-05-27T14:02:39.206+0000] {subprocess.py:93} INFO -   File "/home/***/.local/lib/python3.7/site-packages/sqlalchemy/engine/default.py", line 598, in connect
[2023-05-27T14:02:39.207+0000] {subprocess.py:93} INFO -     return self.dbapi.connect(*cargs, **cparams)
[2023-05-27T14:02:39.209+0000] {subprocess.py:93} INFO -   File "/home/***/.local/lib/python3.7/site-packages/psycopg2/__init__.py", line 122, in connect
[2023-05-27T14:02:39.210+0000] {subprocess.py:93} INFO -     conn = _connect(dsn, connection_factory=connection_factory, **kwasync)
[2023-05-27T14:02:39.211+0000] {subprocess.py:93} INFO - psycopg2.OperationalError: could not translate host name "('postgresLocal'" to address: Name or service not known
[2023-05-27T14:02:39.212+0000] {subprocess.py:93} INFO - could not translate host name ")" to address: Name or service not known
[2023-05-27T14:02:39.213+0000] {subprocess.py:93} INFO - 
[2023-05-27T14:02:39.214+0000] {subprocess.py:93} INFO - 
[2023-05-27T14:02:39.215+0000] {subprocess.py:93} INFO - The above exception was the direct cause of the following exception:
[2023-05-27T14:02:39.216+0000] {subprocess.py:93} INFO - 
[2023-05-27T14:02:39.218+0000] {subprocess.py:93} INFO - Traceback (most recent call last):
[2023-05-27T14:02:39.219+0000] {subprocess.py:93} INFO -   File "/opt/***/dags/load.py", line 15, in <module>
[2023-05-27T14:02:39.220+0000] {subprocess.py:93} INFO -     df.to_sql('final_data', con = engine, if_exists='replace',index_label='id')
[2023-05-27T14:02:39.221+0000] {subprocess.py:93} INFO -   File "/home/***/.local/lib/python3.7/site-packages/pandas/core/generic.py", line 2882, in to_sql
[2023-05-27T14:02:39.223+0000] {subprocess.py:93} INFO -     method=method,
[2023-05-27T14:02:39.224+0000] {subprocess.py:93} INFO -   File "/home/***/.local/lib/python3.7/site-packages/pandas/io/sql.py", line 728, in to_sql
[2023-05-27T14:02:39.227+0000] {subprocess.py:93} INFO -     **engine_kwargs,
[2023-05-27T14:02:39.230+0000] {subprocess.py:93} INFO -   File "/home/***/.local/lib/python3.7/site-packages/pandas/io/sql.py", line 1758, in to_sql
[2023-05-27T14:02:39.231+0000] {subprocess.py:93} INFO -     dtype=dtype,
[2023-05-27T14:02:39.232+0000] {subprocess.py:93} INFO -   File "/home/***/.local/lib/python3.7/site-packages/pandas/io/sql.py", line 1650, in prep_table
[2023-05-27T14:02:39.234+0000] {subprocess.py:93} INFO -     table.create()
[2023-05-27T14:02:39.235+0000] {subprocess.py:93} INFO -   File "/home/***/.local/lib/python3.7/site-packages/pandas/io/sql.py", line 856, in create
[2023-05-27T14:02:39.237+0000] {subprocess.py:93} INFO -     if self.exists():
[2023-05-27T14:02:39.238+0000] {subprocess.py:93} INFO -   File "/home/***/.local/lib/python3.7/site-packages/pandas/io/sql.py", line 840, in exists
[2023-05-27T14:02:39.239+0000] {subprocess.py:93} INFO -     return self.pd_sql.has_table(self.name, self.schema)
[2023-05-27T14:02:39.240+0000] {subprocess.py:93} INFO -   File "/home/***/.local/lib/python3.7/site-packages/pandas/io/sql.py", line 1783, in has_table
[2023-05-27T14:02:39.245+0000] {subprocess.py:93} INFO -     insp = sa.inspect(self.connectable)
[2023-05-27T14:02:39.247+0000] {subprocess.py:93} INFO -   File "/home/***/.local/lib/python3.7/site-packages/sqlalchemy/inspection.py", line 64, in inspect
[2023-05-27T14:02:39.247+0000] {subprocess.py:93} INFO -     ret = reg(subject)
[2023-05-27T14:02:39.248+0000] {subprocess.py:93} INFO -   File "/home/***/.local/lib/python3.7/site-packages/sqlalchemy/engine/reflection.py", line 182, in _engine_insp
[2023-05-27T14:02:39.250+0000] {subprocess.py:93} INFO -     return Inspector._construct(Inspector._init_engine, bind)
[2023-05-27T14:02:39.253+0000] {subprocess.py:93} INFO -   File "/home/***/.local/lib/python3.7/site-packages/sqlalchemy/engine/reflection.py", line 117, in _construct
[2023-05-27T14:02:39.254+0000] {subprocess.py:93} INFO -     init(self, bind)
[2023-05-27T14:02:39.255+0000] {subprocess.py:93} INFO -   File "/home/***/.local/lib/python3.7/site-packages/sqlalchemy/engine/reflection.py", line 128, in _init_engine
[2023-05-27T14:02:39.256+0000] {subprocess.py:93} INFO -     engine.connect().close()
[2023-05-27T14:02:39.258+0000] {subprocess.py:93} INFO -   File "/home/***/.local/lib/python3.7/site-packages/sqlalchemy/engine/base.py", line 3320, in connect
[2023-05-27T14:02:39.260+0000] {subprocess.py:93} INFO -     return self._connection_cls(self, close_with_result=close_with_result)
[2023-05-27T14:02:39.261+0000] {subprocess.py:93} INFO -   File "/home/***/.local/lib/python3.7/site-packages/sqlalchemy/engine/base.py", line 96, in __init__
[2023-05-27T14:02:39.262+0000] {subprocess.py:93} INFO -     else engine.raw_connection()
[2023-05-27T14:02:39.262+0000] {subprocess.py:93} INFO -   File "/home/***/.local/lib/python3.7/site-packages/sqlalchemy/engine/base.py", line 3399, in raw_connection
[2023-05-27T14:02:39.263+0000] {subprocess.py:93} INFO -     return self._wrap_pool_connect(self.pool.connect, _connection)
[2023-05-27T14:02:39.264+0000] {subprocess.py:93} INFO -   File "/home/***/.local/lib/python3.7/site-packages/sqlalchemy/engine/base.py", line 3370, in _wrap_pool_connect
[2023-05-27T14:02:39.265+0000] {subprocess.py:93} INFO -     e, dialect, self
[2023-05-27T14:02:39.266+0000] {subprocess.py:93} INFO -   File "/home/***/.local/lib/python3.7/site-packages/sqlalchemy/engine/base.py", line 2204, in _handle_dbapi_exception_noconnection
[2023-05-27T14:02:39.267+0000] {subprocess.py:93} INFO -     sqlalchemy_exception, with_traceback=exc_info[2], from_=e
[2023-05-27T14:02:39.268+0000] {subprocess.py:93} INFO -   File "/home/***/.local/lib/python3.7/site-packages/sqlalchemy/util/compat.py", line 211, in raise_
[2023-05-27T14:02:39.269+0000] {subprocess.py:93} INFO -     raise exception
[2023-05-27T14:02:39.270+0000] {subprocess.py:93} INFO -   File "/home/***/.local/lib/python3.7/site-packages/sqlalchemy/engine/base.py", line 3366, in _wrap_pool_connect
[2023-05-27T14:02:39.271+0000] {subprocess.py:93} INFO -     return fn()
[2023-05-27T14:02:39.272+0000] {subprocess.py:93} INFO -   File "/home/***/.local/lib/python3.7/site-packages/sqlalchemy/pool/base.py", line 327, in connect
[2023-05-27T14:02:39.273+0000] {subprocess.py:93} INFO -     return _ConnectionFairy._checkout(self)
[2023-05-27T14:02:39.273+0000] {subprocess.py:93} INFO -   File "/home/***/.local/lib/python3.7/site-packages/sqlalchemy/pool/base.py", line 894, in _checkout
[2023-05-27T14:02:39.274+0000] {subprocess.py:93} INFO -     fairy = _ConnectionRecord.checkout(pool)
[2023-05-27T14:02:39.275+0000] {subprocess.py:93} INFO -   File "/home/***/.local/lib/python3.7/site-packages/sqlalchemy/pool/base.py", line 493, in checkout
[2023-05-27T14:02:39.277+0000] {subprocess.py:93} INFO -     rec = pool._do_get()
[2023-05-27T14:02:39.278+0000] {subprocess.py:93} INFO -   File "/home/***/.local/lib/python3.7/site-packages/sqlalchemy/pool/impl.py", line 146, in _do_get
[2023-05-27T14:02:39.278+0000] {subprocess.py:93} INFO -     self._dec_overflow()
[2023-05-27T14:02:39.279+0000] {subprocess.py:93} INFO -   File "/home/***/.local/lib/python3.7/site-packages/sqlalchemy/util/langhelpers.py", line 72, in __exit__
[2023-05-27T14:02:39.280+0000] {subprocess.py:93} INFO -     with_traceback=exc_tb,
[2023-05-27T14:02:39.281+0000] {subprocess.py:93} INFO -   File "/home/***/.local/lib/python3.7/site-packages/sqlalchemy/util/compat.py", line 211, in raise_
[2023-05-27T14:02:39.283+0000] {subprocess.py:93} INFO -     raise exception
[2023-05-27T14:02:39.284+0000] {subprocess.py:93} INFO -   File "/home/***/.local/lib/python3.7/site-packages/sqlalchemy/pool/impl.py", line 143, in _do_get
[2023-05-27T14:02:39.286+0000] {subprocess.py:93} INFO -     return self._create_connection()
[2023-05-27T14:02:39.287+0000] {subprocess.py:93} INFO -   File "/home/***/.local/lib/python3.7/site-packages/sqlalchemy/pool/base.py", line 273, in _create_connection
[2023-05-27T14:02:39.288+0000] {subprocess.py:93} INFO -     return _ConnectionRecord(self)
[2023-05-27T14:02:39.288+0000] {subprocess.py:93} INFO -   File "/home/***/.local/lib/python3.7/site-packages/sqlalchemy/pool/base.py", line 388, in __init__
[2023-05-27T14:02:39.289+0000] {subprocess.py:93} INFO -     self.__connect()
[2023-05-27T14:02:39.290+0000] {subprocess.py:93} INFO -   File "/home/***/.local/lib/python3.7/site-packages/sqlalchemy/pool/base.py", line 691, in __connect
[2023-05-27T14:02:39.291+0000] {subprocess.py:93} INFO -     pool.logger.debug("Error on connect(): %s", e)
[2023-05-27T14:02:39.293+0000] {subprocess.py:93} INFO -   File "/home/***/.local/lib/python3.7/site-packages/sqlalchemy/util/langhelpers.py", line 72, in __exit__
[2023-05-27T14:02:39.294+0000] {subprocess.py:93} INFO -     with_traceback=exc_tb,
[2023-05-27T14:02:39.295+0000] {subprocess.py:93} INFO -   File "/home/***/.local/lib/python3.7/site-packages/sqlalchemy/util/compat.py", line 211, in raise_
[2023-05-27T14:02:39.296+0000] {subprocess.py:93} INFO -     raise exception
[2023-05-27T14:02:39.296+0000] {subprocess.py:93} INFO -   File "/home/***/.local/lib/python3.7/site-packages/sqlalchemy/pool/base.py", line 686, in __connect
[2023-05-27T14:02:39.297+0000] {subprocess.py:93} INFO -     self.dbapi_connection = connection = pool._invoke_creator(self)
[2023-05-27T14:02:39.298+0000] {subprocess.py:93} INFO -   File "/home/***/.local/lib/python3.7/site-packages/sqlalchemy/engine/create.py", line 574, in connect
[2023-05-27T14:02:39.299+0000] {subprocess.py:93} INFO -     return dialect.connect(*cargs, **cparams)
[2023-05-27T14:02:39.300+0000] {subprocess.py:93} INFO -   File "/home/***/.local/lib/python3.7/site-packages/sqlalchemy/engine/default.py", line 598, in connect
[2023-05-27T14:02:39.301+0000] {subprocess.py:93} INFO -     return self.dbapi.connect(*cargs, **cparams)
[2023-05-27T14:02:39.302+0000] {subprocess.py:93} INFO -   File "/home/***/.local/lib/python3.7/site-packages/psycopg2/__init__.py", line 122, in connect
[2023-05-27T14:02:39.303+0000] {subprocess.py:93} INFO -     conn = _connect(dsn, connection_factory=connection_factory, **kwasync)
[2023-05-27T14:02:39.304+0000] {subprocess.py:93} INFO - sqlalchemy.exc.OperationalError: (psycopg2.OperationalError) could not translate host name "('postgresLocal'" to address: Name or service not known
[2023-05-27T14:02:39.305+0000] {subprocess.py:93} INFO - could not translate host name ")" to address: Name or service not known
[2023-05-27T14:02:39.306+0000] {subprocess.py:93} INFO - 
[2023-05-27T14:02:39.306+0000] {subprocess.py:93} INFO - (Background on this error at: https://sqlalche.me/e/14/e3q8)
[2023-05-27T14:02:39.412+0000] {subprocess.py:97} INFO - Command exited with return code 1
[2023-05-27T14:02:39.432+0000] {taskinstance.py:1824} ERROR - Task failed with exception
Traceback (most recent call last):
  File "/home/airflow/.local/lib/python3.7/site-packages/airflow/operators/bash.py", line 211, in execute
    f"Bash command failed. The command returned a non-zero exit code {result.exit_code}."
airflow.exceptions.AirflowException: Bash command failed. The command returned a non-zero exit code 1.
[2023-05-27T14:02:39.439+0000] {taskinstance.py:1350} INFO - Marking task as FAILED. dag_id=my_dag, task_id=Load, execution_date=20230527T140126, start_date=20230527T140236, end_date=20230527T140239
[2023-05-27T14:02:39.466+0000] {standard_task_runner.py:109} ERROR - Failed to execute job 148 for task Load (Bash command failed. The command returned a non-zero exit code 1.; 162)
[2023-05-27T14:02:39.511+0000] {local_task_job_runner.py:225} INFO - Task exited with return code 1
[2023-05-27T14:02:39.539+0000] {taskinstance.py:2651} INFO - 0 downstream tasks scheduled from follow-on schedule check
