[2023-05-25T04:47:20.409+0000] {taskinstance.py:1103} INFO - Dependencies all met for dep_context=non-requeueable deps ti=<TaskInstance: my_dag.import_csv_to_postgres manual__2023-05-25T04:47:15.866664+00:00 [queued]>
[2023-05-25T04:47:20.425+0000] {taskinstance.py:1103} INFO - Dependencies all met for dep_context=requeueable deps ti=<TaskInstance: my_dag.import_csv_to_postgres manual__2023-05-25T04:47:15.866664+00:00 [queued]>
[2023-05-25T04:47:20.426+0000] {taskinstance.py:1308} INFO - Starting attempt 1 of 1
[2023-05-25T04:47:20.452+0000] {taskinstance.py:1327} INFO - Executing <Task(PostgresOperator): import_csv_to_postgres> on 2023-05-25 04:47:15.866664+00:00
[2023-05-25T04:47:20.459+0000] {standard_task_runner.py:57} INFO - Started process 512 to run task
[2023-05-25T04:47:20.463+0000] {standard_task_runner.py:84} INFO - Running: ['***', 'tasks', 'run', 'my_dag', 'import_csv_to_postgres', 'manual__2023-05-25T04:47:15.866664+00:00', '--job-id', '26', '--raw', '--subdir', 'DAGS_FOLDER/my_dag.py', '--cfg-path', '/tmp/tmpvj683bsh']
[2023-05-25T04:47:20.465+0000] {standard_task_runner.py:85} INFO - Job 26: Subtask import_csv_to_postgres
[2023-05-25T04:47:20.519+0000] {task_command.py:410} INFO - Running <TaskInstance: my_dag.import_csv_to_postgres manual__2023-05-25T04:47:15.866664+00:00 [running]> on host 4fd1d35cc618
[2023-05-25T04:47:20.643+0000] {taskinstance.py:1547} INFO - Exporting env vars: AIRFLOW_CTX_DAG_OWNER='***' AIRFLOW_CTX_DAG_ID='my_dag' AIRFLOW_CTX_TASK_ID='import_csv_to_postgres' AIRFLOW_CTX_EXECUTION_DATE='2023-05-25T04:47:15.866664+00:00' AIRFLOW_CTX_TRY_NUMBER='1' AIRFLOW_CTX_DAG_RUN_ID='manual__2023-05-25T04:47:15.866664+00:00'
[2023-05-25T04:47:20.645+0000] {sql.py:262} INFO - Executing: COPY detail FROM '/opt/***/data/finalFile.csv' DELIMITER ',' CSV HEADER;
[2023-05-25T04:47:20.656+0000] {base.py:73} INFO - Using connection ID 'connectPostges' for task execution.
[2023-05-25T04:47:20.750+0000] {base.py:73} INFO - Using connection ID 'connectPostges' for task execution.
[2023-05-25T04:47:20.758+0000] {sql.py:375} INFO - Running statement: COPY detail FROM '/opt/***/data/finalFile.csv' DELIMITER ',' CSV HEADER;, parameters: None
[2023-05-25T04:47:20.760+0000] {taskinstance.py:1824} ERROR - Task failed with exception
Traceback (most recent call last):
  File "/home/airflow/.local/lib/python3.7/site-packages/airflow/providers/common/sql/operators/sql.py", line 274, in execute
    **extra_kwargs,
  File "/home/airflow/.local/lib/python3.7/site-packages/airflow/providers/common/sql/hooks/sql.py", line 349, in run
    self._run_command(cur, sql_statement, parameters)
  File "/home/airflow/.local/lib/python3.7/site-packages/airflow/providers/common/sql/hooks/sql.py", line 380, in _run_command
    cur.execute(sql_statement)
psycopg2.errors.UndefinedFile: could not open file "/opt/***/data/finalFile.csv" for reading: No such file or directory
HINT:  COPY FROM instructs the PostgreSQL server process to read a file. You may want a client-side facility such as psql's \copy.

[2023-05-25T04:47:20.775+0000] {taskinstance.py:1350} INFO - Marking task as FAILED. dag_id=my_dag, task_id=import_csv_to_postgres, execution_date=20230525T044715, start_date=20230525T044720, end_date=20230525T044720
[2023-05-25T04:47:20.795+0000] {standard_task_runner.py:109} ERROR - Failed to execute job 26 for task import_csv_to_postgres (could not open file "/opt/***/data/finalFile.csv" for reading: No such file or directory
HINT:  COPY FROM instructs the PostgreSQL server process to read a file. You may want a client-side facility such as psql's \copy.
; 512)
[2023-05-25T04:47:20.835+0000] {local_task_job_runner.py:225} INFO - Task exited with return code 1
[2023-05-25T04:47:20.858+0000] {taskinstance.py:2651} INFO - 0 downstream tasks scheduled from follow-on schedule check
