[2023-05-25T07:29:40.848+0000] {taskinstance.py:1103} INFO - Dependencies all met for dep_context=non-requeueable deps ti=<TaskInstance: my_dag.import_csv_to_postgres manual__2023-05-25T07:29:35.823120+00:00 [queued]>
[2023-05-25T07:29:40.871+0000] {taskinstance.py:1103} INFO - Dependencies all met for dep_context=requeueable deps ti=<TaskInstance: my_dag.import_csv_to_postgres manual__2023-05-25T07:29:35.823120+00:00 [queued]>
[2023-05-25T07:29:40.872+0000] {taskinstance.py:1308} INFO - Starting attempt 1 of 1
[2023-05-25T07:29:40.923+0000] {taskinstance.py:1327} INFO - Executing <Task(PostgresOperator): import_csv_to_postgres> on 2023-05-25 07:29:35.823120+00:00
[2023-05-25T07:29:40.936+0000] {standard_task_runner.py:57} INFO - Started process 232 to run task
[2023-05-25T07:29:40.943+0000] {standard_task_runner.py:84} INFO - Running: ['***', 'tasks', 'run', 'my_dag', 'import_csv_to_postgres', 'manual__2023-05-25T07:29:35.823120+00:00', '--job-id', '42', '--raw', '--subdir', 'DAGS_FOLDER/my_dag.py', '--cfg-path', '/tmp/tmpw6j6zsyw']
[2023-05-25T07:29:40.947+0000] {standard_task_runner.py:85} INFO - Job 42: Subtask import_csv_to_postgres
[2023-05-25T07:29:41.079+0000] {task_command.py:410} INFO - Running <TaskInstance: my_dag.import_csv_to_postgres manual__2023-05-25T07:29:35.823120+00:00 [running]> on host c9dd524d1b18
[2023-05-25T07:29:41.333+0000] {taskinstance.py:1547} INFO - Exporting env vars: AIRFLOW_CTX_DAG_OWNER='***' AIRFLOW_CTX_DAG_ID='my_dag' AIRFLOW_CTX_TASK_ID='import_csv_to_postgres' AIRFLOW_CTX_EXECUTION_DATE='2023-05-25T07:29:35.823120+00:00' AIRFLOW_CTX_TRY_NUMBER='1' AIRFLOW_CTX_DAG_RUN_ID='manual__2023-05-25T07:29:35.823120+00:00'
[2023-05-25T07:29:41.335+0000] {sql.py:262} INFO - Executing: COPY detail FROM '/app/***/finalFile.csv' DELIMITER ',' CSV HEADER;
[2023-05-25T07:29:41.352+0000] {base.py:73} INFO - Using connection ID 'connectPostges' for task execution.
[2023-05-25T07:29:41.493+0000] {base.py:73} INFO - Using connection ID 'connectPostges' for task execution.
[2023-05-25T07:29:41.502+0000] {sql.py:375} INFO - Running statement: COPY detail FROM '/app/***/finalFile.csv' DELIMITER ',' CSV HEADER;, parameters: None
[2023-05-25T07:29:41.587+0000] {taskinstance.py:1824} ERROR - Task failed with exception
Traceback (most recent call last):
  File "/home/airflow/.local/lib/python3.7/site-packages/airflow/providers/common/sql/operators/sql.py", line 274, in execute
    **extra_kwargs,
  File "/home/airflow/.local/lib/python3.7/site-packages/airflow/providers/common/sql/hooks/sql.py", line 349, in run
    self._run_command(cur, sql_statement, parameters)
  File "/home/airflow/.local/lib/python3.7/site-packages/airflow/providers/common/sql/hooks/sql.py", line 380, in _run_command
    cur.execute(sql_statement)
psycopg2.errors.NotNullViolation: null value in column "lastname" of relation "detail" violates not-null constraint
DETAIL:  Failing row contains (Margaret, null, 33, F).
CONTEXT:  COPY detail, line 74756: "Margaret,,33,F"

[2023-05-25T07:29:41.599+0000] {taskinstance.py:1350} INFO - Marking task as FAILED. dag_id=my_dag, task_id=import_csv_to_postgres, execution_date=20230525T072935, start_date=20230525T072940, end_date=20230525T072941
[2023-05-25T07:29:41.619+0000] {standard_task_runner.py:109} ERROR - Failed to execute job 42 for task import_csv_to_postgres (null value in column "lastname" of relation "detail" violates not-null constraint
DETAIL:  Failing row contains (Margaret, null, 33, F).
CONTEXT:  COPY detail, line 74756: "Margaret,,33,F"
; 232)
[2023-05-25T07:29:41.640+0000] {local_task_job_runner.py:225} INFO - Task exited with return code 1
[2023-05-25T07:29:41.664+0000] {taskinstance.py:2651} INFO - 0 downstream tasks scheduled from follow-on schedule check
