[2023-05-27T14:09:30.976+0000] {taskinstance.py:1103} INFO - Dependencies all met for dep_context=non-requeueable deps ti=<TaskInstance: my_dag.Transform manual__2023-05-27T14:09:19.825782+00:00 [queued]>
[2023-05-27T14:09:30.990+0000] {taskinstance.py:1103} INFO - Dependencies all met for dep_context=requeueable deps ti=<TaskInstance: my_dag.Transform manual__2023-05-27T14:09:19.825782+00:00 [queued]>
[2023-05-27T14:09:30.990+0000] {taskinstance.py:1308} INFO - Starting attempt 1 of 1
[2023-05-27T14:09:31.011+0000] {taskinstance.py:1327} INFO - Executing <Task(BashOperator): Transform> on 2023-05-27 14:09:19.825782+00:00
[2023-05-27T14:09:31.018+0000] {standard_task_runner.py:57} INFO - Started process 322 to run task
[2023-05-27T14:09:31.021+0000] {standard_task_runner.py:84} INFO - Running: ['***', 'tasks', 'run', 'my_dag', 'Transform', 'manual__2023-05-27T14:09:19.825782+00:00', '--job-id', '152', '--raw', '--subdir', 'DAGS_FOLDER/my_dag.py', '--cfg-path', '/tmp/tmp4_c2tkg4']
[2023-05-27T14:09:31.023+0000] {standard_task_runner.py:85} INFO - Job 152: Subtask Transform
[2023-05-27T14:09:31.077+0000] {task_command.py:410} INFO - Running <TaskInstance: my_dag.Transform manual__2023-05-27T14:09:19.825782+00:00 [running]> on host d1b315133606
[2023-05-27T14:09:31.195+0000] {taskinstance.py:1547} INFO - Exporting env vars: AIRFLOW_CTX_DAG_OWNER='***' AIRFLOW_CTX_DAG_ID='my_dag' AIRFLOW_CTX_TASK_ID='Transform' AIRFLOW_CTX_EXECUTION_DATE='2023-05-27T14:09:19.825782+00:00' AIRFLOW_CTX_TRY_NUMBER='1' AIRFLOW_CTX_DAG_RUN_ID='manual__2023-05-27T14:09:19.825782+00:00'
[2023-05-27T14:09:31.197+0000] {subprocess.py:63} INFO - Tmp dir root location: 
 /tmp
[2023-05-27T14:09:31.199+0000] {subprocess.py:75} INFO - Running command: ['/bin/bash', '-c', 'python /opt/***/dags/transform.py']
[2023-05-27T14:09:31.210+0000] {subprocess.py:86} INFO - Output:
[2023-05-27T14:09:46.321+0000] {subprocess.py:93} INFO - sys:1: DtypeWarning: Columns (2) have mixed types.Specify dtype option on import or set low_memory=False.
[2023-05-27T14:09:46.322+0000] {subprocess.py:93} INFO - /opt/***/dags/transform.py:21: SettingWithCopyWarning:
[2023-05-27T14:09:46.323+0000] {subprocess.py:93} INFO - A value is trying to be set on a copy of a slice from a DataFrame.
[2023-05-27T14:09:46.324+0000] {subprocess.py:93} INFO - Try using .loc[row_indexer,col_indexer] = value instead
[2023-05-27T14:09:46.324+0000] {subprocess.py:93} INFO - 
[2023-05-27T14:09:46.325+0000] {subprocess.py:93} INFO - See the caveats in the documentation: https://pandas.pydata.org/pandas-docs/stable/user_guide/indexing.html#returning-a-view-versus-a-copy
[2023-05-27T14:09:46.326+0000] {subprocess.py:93} INFO -   df_drop["Age"] = df_drop['Age'].astype(int)
[2023-05-27T14:09:46.327+0000] {subprocess.py:93} INFO - /opt/***/dags/transform.py:24: SettingWithCopyWarning:
[2023-05-27T14:09:46.327+0000] {subprocess.py:93} INFO - A value is trying to be set on a copy of a slice from a DataFrame.
[2023-05-27T14:09:46.328+0000] {subprocess.py:93} INFO - Try using .loc[row_indexer,col_indexer] = value instead
[2023-05-27T14:09:46.329+0000] {subprocess.py:93} INFO - 
[2023-05-27T14:09:46.330+0000] {subprocess.py:93} INFO - See the caveats in the documentation: https://pandas.pydata.org/pandas-docs/stable/user_guide/indexing.html#returning-a-view-versus-a-copy
[2023-05-27T14:09:46.331+0000] {subprocess.py:93} INFO -   df_drop['Sex'] = df_drop['Sex'].str.upper()
[2023-05-27T14:09:46.331+0000] {subprocess.py:93} INFO - /opt/***/dags/transform.py:25: SettingWithCopyWarning:
[2023-05-27T14:09:46.332+0000] {subprocess.py:93} INFO - A value is trying to be set on a copy of a slice from a DataFrame.
[2023-05-27T14:09:46.333+0000] {subprocess.py:93} INFO - Try using .loc[row_indexer,col_indexer] = value instead
[2023-05-27T14:09:46.334+0000] {subprocess.py:93} INFO - 
[2023-05-27T14:09:46.335+0000] {subprocess.py:93} INFO - See the caveats in the documentation: https://pandas.pydata.org/pandas-docs/stable/user_guide/indexing.html#returning-a-view-versus-a-copy
[2023-05-27T14:09:46.335+0000] {subprocess.py:93} INFO -   df_drop['Sex'] = df_drop['Sex'].str.replace("(MAN|MALE)",'M',regex=True)
[2023-05-27T14:09:46.336+0000] {subprocess.py:93} INFO - /opt/***/dags/transform.py:26: SettingWithCopyWarning:
[2023-05-27T14:09:46.337+0000] {subprocess.py:93} INFO - A value is trying to be set on a copy of a slice from a DataFrame.
[2023-05-27T14:09:46.338+0000] {subprocess.py:93} INFO - Try using .loc[row_indexer,col_indexer] = value instead
[2023-05-27T14:09:46.339+0000] {subprocess.py:93} INFO - 
[2023-05-27T14:09:46.340+0000] {subprocess.py:93} INFO - See the caveats in the documentation: https://pandas.pydata.org/pandas-docs/stable/user_guide/indexing.html#returning-a-view-versus-a-copy
[2023-05-27T14:09:46.341+0000] {subprocess.py:93} INFO -   df_drop['Sex'] = df_drop['Sex'].str.replace("(GIRL|FEM)",'F',regex=True)
[2023-05-27T14:09:46.341+0000] {subprocess.py:93} INFO - /opt/***/dags/transform.py:27: SettingWithCopyWarning:
[2023-05-27T14:09:46.342+0000] {subprocess.py:93} INFO - A value is trying to be set on a copy of a slice from a DataFrame.
[2023-05-27T14:09:46.342+0000] {subprocess.py:93} INFO - Try using .loc[row_indexer,col_indexer] = value instead
[2023-05-27T14:09:46.343+0000] {subprocess.py:93} INFO - 
[2023-05-27T14:09:46.343+0000] {subprocess.py:93} INFO - See the caveats in the documentation: https://pandas.pydata.org/pandas-docs/stable/user_guide/indexing.html#returning-a-view-versus-a-copy
[2023-05-27T14:09:46.343+0000] {subprocess.py:93} INFO -   df_drop['Sex'] = df_drop['Sex'].str.replace("(BOTH|FM|MF)",'LGBT',regex=True)
[2023-05-27T14:09:46.344+0000] {subprocess.py:93} INFO - /opt/***/dags/transform.py:28: SettingWithCopyWarning:
[2023-05-27T14:09:46.345+0000] {subprocess.py:93} INFO - A value is trying to be set on a copy of a slice from a DataFrame.
[2023-05-27T14:09:46.346+0000] {subprocess.py:93} INFO - Try using .loc[row_indexer,col_indexer] = value instead
[2023-05-27T14:09:46.347+0000] {subprocess.py:93} INFO - 
[2023-05-27T14:09:46.348+0000] {subprocess.py:93} INFO - See the caveats in the documentation: https://pandas.pydata.org/pandas-docs/stable/user_guide/indexing.html#returning-a-view-versus-a-copy
[2023-05-27T14:09:46.350+0000] {subprocess.py:93} INFO -   df_drop['Sex'] = df_drop['Sex'].str.replace("-",'Not Defined',regex=True)
[2023-05-27T14:09:46.351+0000] {subprocess.py:93} INFO - {'age_morethan120': 84436, 'sex_LGBT': 299505, 'sex_NotDefined': 0}
[2023-05-27T14:09:46.481+0000] {subprocess.py:97} INFO - Command exited with return code 0
[2023-05-27T14:09:46.512+0000] {taskinstance.py:1350} INFO - Marking task as SUCCESS. dag_id=my_dag, task_id=Transform, execution_date=20230527T140919, start_date=20230527T140930, end_date=20230527T140946
[2023-05-27T14:09:46.566+0000] {local_task_job_runner.py:225} INFO - Task exited with return code 0
[2023-05-27T14:09:46.592+0000] {taskinstance.py:2651} INFO - 1 downstream tasks scheduled from follow-on schedule check
