[2023-05-25T07:21:37.854+0000] {taskinstance.py:1103} INFO - Dependencies all met for dep_context=non-requeueable deps ti=<TaskInstance: my_dag.import_csv_to_postgres manual__2023-05-25T07:21:32.221080+00:00 [queued]>
[2023-05-25T07:21:37.868+0000] {taskinstance.py:1103} INFO - Dependencies all met for dep_context=requeueable deps ti=<TaskInstance: my_dag.import_csv_to_postgres manual__2023-05-25T07:21:32.221080+00:00 [queued]>
[2023-05-25T07:21:37.869+0000] {taskinstance.py:1308} INFO - Starting attempt 1 of 1
[2023-05-25T07:21:37.889+0000] {taskinstance.py:1327} INFO - Executing <Task(PostgresOperator): import_csv_to_postgres> on 2023-05-25 07:21:32.221080+00:00
[2023-05-25T07:21:37.895+0000] {standard_task_runner.py:57} INFO - Started process 78 to run task
[2023-05-25T07:21:37.899+0000] {standard_task_runner.py:84} INFO - Running: ['***', 'tasks', 'run', 'my_dag', 'import_csv_to_postgres', 'manual__2023-05-25T07:21:32.221080+00:00', '--job-id', '36', '--raw', '--subdir', 'DAGS_FOLDER/my_dag.py', '--cfg-path', '/tmp/tmpsgrwq3pl']
[2023-05-25T07:21:37.902+0000] {standard_task_runner.py:85} INFO - Job 36: Subtask import_csv_to_postgres
[2023-05-25T07:21:37.965+0000] {task_command.py:410} INFO - Running <TaskInstance: my_dag.import_csv_to_postgres manual__2023-05-25T07:21:32.221080+00:00 [running]> on host c9dd524d1b18
[2023-05-25T07:21:38.098+0000] {taskinstance.py:1547} INFO - Exporting env vars: AIRFLOW_CTX_DAG_OWNER='***' AIRFLOW_CTX_DAG_ID='my_dag' AIRFLOW_CTX_TASK_ID='import_csv_to_postgres' AIRFLOW_CTX_EXECUTION_DATE='2023-05-25T07:21:32.221080+00:00' AIRFLOW_CTX_TRY_NUMBER='1' AIRFLOW_CTX_DAG_RUN_ID='manual__2023-05-25T07:21:32.221080+00:00'
[2023-05-25T07:21:38.100+0000] {sql.py:262} INFO - Executing: COPY detail FROM '/app/***/finalFile.csv' DELIMITER ',' CSV HEADER;
[2023-05-25T07:21:38.113+0000] {base.py:73} INFO - Using connection ID 'connectPostges' for task execution.
[2023-05-25T07:21:38.216+0000] {base.py:73} INFO - Using connection ID 'connectPostges' for task execution.
[2023-05-25T07:21:38.225+0000] {sql.py:375} INFO - Running statement: COPY detail FROM '/app/***/finalFile.csv' DELIMITER ',' CSV HEADER;, parameters: None
[2023-05-25T07:21:38.243+0000] {taskinstance.py:1824} ERROR - Task failed with exception
Traceback (most recent call last):
  File "/home/airflow/.local/lib/python3.7/site-packages/airflow/providers/common/sql/operators/sql.py", line 274, in execute
    **extra_kwargs,
  File "/home/airflow/.local/lib/python3.7/site-packages/airflow/providers/common/sql/hooks/sql.py", line 349, in run
    self._run_command(cur, sql_statement, parameters)
  File "/home/airflow/.local/lib/python3.7/site-packages/airflow/providers/common/sql/hooks/sql.py", line 380, in _run_command
    cur.execute(sql_statement)
psycopg2.errors.InvalidTextRepresentation: invalid input syntax for type integer: "Maria"
CONTEXT:  COPY detail, line 2, column userid: "Maria"

[2023-05-25T07:21:38.254+0000] {taskinstance.py:1350} INFO - Marking task as FAILED. dag_id=my_dag, task_id=import_csv_to_postgres, execution_date=20230525T072132, start_date=20230525T072137, end_date=20230525T072138
[2023-05-25T07:21:38.274+0000] {standard_task_runner.py:109} ERROR - Failed to execute job 36 for task import_csv_to_postgres (invalid input syntax for type integer: "Maria"
CONTEXT:  COPY detail, line 2, column userid: "Maria"
; 78)
[2023-05-25T07:21:38.311+0000] {local_task_job_runner.py:225} INFO - Task exited with return code 1
[2023-05-25T07:21:38.337+0000] {taskinstance.py:2651} INFO - 0 downstream tasks scheduled from follow-on schedule check
