[2023-05-24T13:21:18.117+0000] {taskinstance.py:1103} INFO - Dependencies all met for dep_context=non-requeueable deps ti=<TaskInstance: my_dag.Transform manual__2023-05-24T13:20:59.857577+00:00 [queued]>
[2023-05-24T13:21:18.392+0000] {taskinstance.py:1103} INFO - Dependencies all met for dep_context=requeueable deps ti=<TaskInstance: my_dag.Transform manual__2023-05-24T13:20:59.857577+00:00 [queued]>
[2023-05-24T13:21:18.393+0000] {taskinstance.py:1308} INFO - Starting attempt 1 of 1
[2023-05-24T13:21:18.422+0000] {taskinstance.py:1327} INFO - Executing <Task(BashOperator): Transform> on 2023-05-24 13:20:59.857577+00:00
[2023-05-24T13:21:18.430+0000] {standard_task_runner.py:57} INFO - Started process 89 to run task
[2023-05-24T13:21:18.435+0000] {standard_task_runner.py:84} INFO - Running: ['***', 'tasks', 'run', 'my_dag', 'Transform', 'manual__2023-05-24T13:20:59.857577+00:00', '--job-id', '4', '--raw', '--subdir', 'DAGS_FOLDER/my_dag.py', '--cfg-path', '/tmp/tmp8t5yp5tc']
[2023-05-24T13:21:18.438+0000] {standard_task_runner.py:85} INFO - Job 4: Subtask Transform
[2023-05-24T13:21:18.510+0000] {task_command.py:410} INFO - Running <TaskInstance: my_dag.Transform manual__2023-05-24T13:20:59.857577+00:00 [running]> on host cb140b3d8c36
[2023-05-24T13:21:18.685+0000] {taskinstance.py:1547} INFO - Exporting env vars: AIRFLOW_CTX_DAG_OWNER='***' AIRFLOW_CTX_DAG_ID='my_dag' AIRFLOW_CTX_TASK_ID='Transform' AIRFLOW_CTX_EXECUTION_DATE='2023-05-24T13:20:59.857577+00:00' AIRFLOW_CTX_TRY_NUMBER='1' AIRFLOW_CTX_DAG_RUN_ID='manual__2023-05-24T13:20:59.857577+00:00'
[2023-05-24T13:21:18.688+0000] {subprocess.py:63} INFO - Tmp dir root location: 
 /tmp
[2023-05-24T13:21:18.689+0000] {subprocess.py:75} INFO - Running command: ['/bin/bash', '-c', 'python /opt/***/dags/transform.py']
[2023-05-24T13:21:18.704+0000] {subprocess.py:86} INFO - Output:
[2023-05-24T13:21:39.285+0000] {subprocess.py:93} INFO - sys:1: DtypeWarning: Columns (2) have mixed types.Specify dtype option on import or set low_memory=False.
[2023-05-24T13:21:39.287+0000] {subprocess.py:93} INFO - /opt/***/dags/transform.py:21: SettingWithCopyWarning:
[2023-05-24T13:21:39.288+0000] {subprocess.py:93} INFO - A value is trying to be set on a copy of a slice from a DataFrame.
[2023-05-24T13:21:39.289+0000] {subprocess.py:93} INFO - Try using .loc[row_indexer,col_indexer] = value instead
[2023-05-24T13:21:39.290+0000] {subprocess.py:93} INFO - 
[2023-05-24T13:21:39.291+0000] {subprocess.py:93} INFO - See the caveats in the documentation: https://pandas.pydata.org/pandas-docs/stable/user_guide/indexing.html#returning-a-view-versus-a-copy
[2023-05-24T13:21:39.293+0000] {subprocess.py:93} INFO -   df_drop["Age"] = df_drop['Age'].astype(int)
[2023-05-24T13:21:39.297+0000] {subprocess.py:93} INFO - /opt/***/dags/transform.py:24: SettingWithCopyWarning:
[2023-05-24T13:21:39.298+0000] {subprocess.py:93} INFO - A value is trying to be set on a copy of a slice from a DataFrame.
[2023-05-24T13:21:39.300+0000] {subprocess.py:93} INFO - Try using .loc[row_indexer,col_indexer] = value instead
[2023-05-24T13:21:39.301+0000] {subprocess.py:93} INFO - 
[2023-05-24T13:21:39.302+0000] {subprocess.py:93} INFO - See the caveats in the documentation: https://pandas.pydata.org/pandas-docs/stable/user_guide/indexing.html#returning-a-view-versus-a-copy
[2023-05-24T13:21:39.303+0000] {subprocess.py:93} INFO -   df_drop['Sex'] = df_drop['Sex'].str.upper()
[2023-05-24T13:21:39.304+0000] {subprocess.py:93} INFO - /opt/***/dags/transform.py:25: SettingWithCopyWarning:
[2023-05-24T13:21:39.305+0000] {subprocess.py:93} INFO - A value is trying to be set on a copy of a slice from a DataFrame.
[2023-05-24T13:21:39.306+0000] {subprocess.py:93} INFO - Try using .loc[row_indexer,col_indexer] = value instead
[2023-05-24T13:21:39.307+0000] {subprocess.py:93} INFO - 
[2023-05-24T13:21:39.308+0000] {subprocess.py:93} INFO - See the caveats in the documentation: https://pandas.pydata.org/pandas-docs/stable/user_guide/indexing.html#returning-a-view-versus-a-copy
[2023-05-24T13:21:39.309+0000] {subprocess.py:93} INFO -   df_drop['Sex'] = df_drop['Sex'].str.replace("(MAN|MALE)",'M',regex=True)
[2023-05-24T13:21:39.310+0000] {subprocess.py:93} INFO - /opt/***/dags/transform.py:26: SettingWithCopyWarning:
[2023-05-24T13:21:39.311+0000] {subprocess.py:93} INFO - A value is trying to be set on a copy of a slice from a DataFrame.
[2023-05-24T13:21:39.312+0000] {subprocess.py:93} INFO - Try using .loc[row_indexer,col_indexer] = value instead
[2023-05-24T13:21:39.314+0000] {subprocess.py:93} INFO - 
[2023-05-24T13:21:39.315+0000] {subprocess.py:93} INFO - See the caveats in the documentation: https://pandas.pydata.org/pandas-docs/stable/user_guide/indexing.html#returning-a-view-versus-a-copy
[2023-05-24T13:21:39.316+0000] {subprocess.py:93} INFO -   df_drop['Sex'] = df_drop['Sex'].str.replace("(GIRL|FEM)",'F',regex=True)
[2023-05-24T13:21:39.317+0000] {subprocess.py:93} INFO - /opt/***/dags/transform.py:27: SettingWithCopyWarning:
[2023-05-24T13:21:39.318+0000] {subprocess.py:93} INFO - A value is trying to be set on a copy of a slice from a DataFrame.
[2023-05-24T13:21:39.319+0000] {subprocess.py:93} INFO - Try using .loc[row_indexer,col_indexer] = value instead
[2023-05-24T13:21:39.320+0000] {subprocess.py:93} INFO - 
[2023-05-24T13:21:39.321+0000] {subprocess.py:93} INFO - See the caveats in the documentation: https://pandas.pydata.org/pandas-docs/stable/user_guide/indexing.html#returning-a-view-versus-a-copy
[2023-05-24T13:21:39.322+0000] {subprocess.py:93} INFO -   df_drop['Sex'] = df_drop['Sex'].str.replace("(BOTH|FM|MF)",'LGBT',regex=True)
[2023-05-24T13:21:39.323+0000] {subprocess.py:93} INFO - /opt/***/dags/transform.py:28: SettingWithCopyWarning:
[2023-05-24T13:21:39.324+0000] {subprocess.py:93} INFO - A value is trying to be set on a copy of a slice from a DataFrame.
[2023-05-24T13:21:39.325+0000] {subprocess.py:93} INFO - Try using .loc[row_indexer,col_indexer] = value instead
[2023-05-24T13:21:39.326+0000] {subprocess.py:93} INFO - 
[2023-05-24T13:21:39.328+0000] {subprocess.py:93} INFO - See the caveats in the documentation: https://pandas.pydata.org/pandas-docs/stable/user_guide/indexing.html#returning-a-view-versus-a-copy
[2023-05-24T13:21:39.329+0000] {subprocess.py:93} INFO -   df_drop['Sex'] = df_drop['Sex'].str.replace("-",'Not Defined',regex=True)
[2023-05-24T13:21:39.330+0000] {subprocess.py:93} INFO - {'age_morethan120': 84436, 'sex_LGBT': 299505, 'sex_NotDefined': 0}
[2023-05-24T13:21:39.565+0000] {subprocess.py:97} INFO - Command exited with return code 0
[2023-05-24T13:21:39.619+0000] {taskinstance.py:1350} INFO - Marking task as SUCCESS. dag_id=my_dag, task_id=Transform, execution_date=20230524T132059, start_date=20230524T132118, end_date=20230524T132139
[2023-05-24T13:21:39.695+0000] {local_task_job_runner.py:225} INFO - Task exited with return code 0
[2023-05-24T13:21:39.735+0000] {taskinstance.py:2651} INFO - 1 downstream tasks scheduled from follow-on schedule check
