[2023-05-27T14:09:48.724+0000] {taskinstance.py:1103} INFO - Dependencies all met for dep_context=non-requeueable deps ti=<TaskInstance: my_dag.Load manual__2023-05-27T14:09:19.825782+00:00 [queued]>
[2023-05-27T14:09:48.739+0000] {taskinstance.py:1103} INFO - Dependencies all met for dep_context=requeueable deps ti=<TaskInstance: my_dag.Load manual__2023-05-27T14:09:19.825782+00:00 [queued]>
[2023-05-27T14:09:48.740+0000] {taskinstance.py:1308} INFO - Starting attempt 1 of 1
[2023-05-27T14:09:48.761+0000] {taskinstance.py:1327} INFO - Executing <Task(BashOperator): Load> on 2023-05-27 14:09:19.825782+00:00
[2023-05-27T14:09:48.768+0000] {standard_task_runner.py:57} INFO - Started process 345 to run task
[2023-05-27T14:09:48.772+0000] {standard_task_runner.py:84} INFO - Running: ['***', 'tasks', 'run', 'my_dag', 'Load', 'manual__2023-05-27T14:09:19.825782+00:00', '--job-id', '153', '--raw', '--subdir', 'DAGS_FOLDER/my_dag.py', '--cfg-path', '/tmp/tmpaz00oo3q']
[2023-05-27T14:09:48.774+0000] {standard_task_runner.py:85} INFO - Job 153: Subtask Load
[2023-05-27T14:09:48.826+0000] {task_command.py:410} INFO - Running <TaskInstance: my_dag.Load manual__2023-05-27T14:09:19.825782+00:00 [running]> on host d1b315133606
[2023-05-27T14:09:48.941+0000] {taskinstance.py:1547} INFO - Exporting env vars: AIRFLOW_CTX_DAG_OWNER='***' AIRFLOW_CTX_DAG_ID='my_dag' AIRFLOW_CTX_TASK_ID='Load' AIRFLOW_CTX_EXECUTION_DATE='2023-05-27T14:09:19.825782+00:00' AIRFLOW_CTX_TRY_NUMBER='1' AIRFLOW_CTX_DAG_RUN_ID='manual__2023-05-27T14:09:19.825782+00:00'
[2023-05-27T14:09:48.944+0000] {subprocess.py:63} INFO - Tmp dir root location: 
 /tmp
[2023-05-27T14:09:48.945+0000] {subprocess.py:75} INFO - Running command: ['/bin/bash', '-c', 'python /opt/***/dags/load.py']
[2023-05-27T14:09:48.957+0000] {subprocess.py:86} INFO - Output:
[2023-05-27T14:09:50.850+0000] {subprocess.py:93} INFO - Traceback (most recent call last):
[2023-05-27T14:09:50.852+0000] {subprocess.py:93} INFO -   File "/home/***/.local/lib/python3.7/site-packages/sqlalchemy/engine/base.py", line 3366, in _wrap_pool_connect
[2023-05-27T14:09:50.852+0000] {subprocess.py:93} INFO -     return fn()
[2023-05-27T14:09:50.853+0000] {subprocess.py:93} INFO -   File "/home/***/.local/lib/python3.7/site-packages/sqlalchemy/pool/base.py", line 327, in connect
[2023-05-27T14:09:50.854+0000] {subprocess.py:93} INFO -     return _ConnectionFairy._checkout(self)
[2023-05-27T14:09:50.854+0000] {subprocess.py:93} INFO -   File "/home/***/.local/lib/python3.7/site-packages/sqlalchemy/pool/base.py", line 894, in _checkout
[2023-05-27T14:09:50.854+0000] {subprocess.py:93} INFO -     fairy = _ConnectionRecord.checkout(pool)
[2023-05-27T14:09:50.855+0000] {subprocess.py:93} INFO -   File "/home/***/.local/lib/python3.7/site-packages/sqlalchemy/pool/base.py", line 493, in checkout
[2023-05-27T14:09:50.855+0000] {subprocess.py:93} INFO -     rec = pool._do_get()
[2023-05-27T14:09:50.855+0000] {subprocess.py:93} INFO -   File "/home/***/.local/lib/python3.7/site-packages/sqlalchemy/pool/impl.py", line 146, in _do_get
[2023-05-27T14:09:50.856+0000] {subprocess.py:93} INFO -     self._dec_overflow()
[2023-05-27T14:09:50.856+0000] {subprocess.py:93} INFO -   File "/home/***/.local/lib/python3.7/site-packages/sqlalchemy/util/langhelpers.py", line 72, in __exit__
[2023-05-27T14:09:50.857+0000] {subprocess.py:93} INFO -     with_traceback=exc_tb,
[2023-05-27T14:09:50.858+0000] {subprocess.py:93} INFO -   File "/home/***/.local/lib/python3.7/site-packages/sqlalchemy/util/compat.py", line 211, in raise_
[2023-05-27T14:09:50.858+0000] {subprocess.py:93} INFO -     raise exception
[2023-05-27T14:09:50.859+0000] {subprocess.py:93} INFO -   File "/home/***/.local/lib/python3.7/site-packages/sqlalchemy/pool/impl.py", line 143, in _do_get
[2023-05-27T14:09:50.860+0000] {subprocess.py:93} INFO -     return self._create_connection()
[2023-05-27T14:09:50.861+0000] {subprocess.py:93} INFO -   File "/home/***/.local/lib/python3.7/site-packages/sqlalchemy/pool/base.py", line 273, in _create_connection
[2023-05-27T14:09:50.861+0000] {subprocess.py:93} INFO -     return _ConnectionRecord(self)
[2023-05-27T14:09:50.862+0000] {subprocess.py:93} INFO -   File "/home/***/.local/lib/python3.7/site-packages/sqlalchemy/pool/base.py", line 388, in __init__
[2023-05-27T14:09:50.863+0000] {subprocess.py:93} INFO -     self.__connect()
[2023-05-27T14:09:50.863+0000] {subprocess.py:93} INFO -   File "/home/***/.local/lib/python3.7/site-packages/sqlalchemy/pool/base.py", line 691, in __connect
[2023-05-27T14:09:50.864+0000] {subprocess.py:93} INFO -     pool.logger.debug("Error on connect(): %s", e)
[2023-05-27T14:09:50.864+0000] {subprocess.py:93} INFO -   File "/home/***/.local/lib/python3.7/site-packages/sqlalchemy/util/langhelpers.py", line 72, in __exit__
[2023-05-27T14:09:50.865+0000] {subprocess.py:93} INFO -     with_traceback=exc_tb,
[2023-05-27T14:09:50.865+0000] {subprocess.py:93} INFO -   File "/home/***/.local/lib/python3.7/site-packages/sqlalchemy/util/compat.py", line 211, in raise_
[2023-05-27T14:09:50.866+0000] {subprocess.py:93} INFO -     raise exception
[2023-05-27T14:09:50.867+0000] {subprocess.py:93} INFO -   File "/home/***/.local/lib/python3.7/site-packages/sqlalchemy/pool/base.py", line 686, in __connect
[2023-05-27T14:09:50.867+0000] {subprocess.py:93} INFO -     self.dbapi_connection = connection = pool._invoke_creator(self)
[2023-05-27T14:09:50.868+0000] {subprocess.py:93} INFO -   File "/home/***/.local/lib/python3.7/site-packages/sqlalchemy/engine/create.py", line 574, in connect
[2023-05-27T14:09:50.869+0000] {subprocess.py:93} INFO -     return dialect.connect(*cargs, **cparams)
[2023-05-27T14:09:50.870+0000] {subprocess.py:93} INFO -   File "/home/***/.local/lib/python3.7/site-packages/sqlalchemy/engine/default.py", line 598, in connect
[2023-05-27T14:09:50.870+0000] {subprocess.py:93} INFO -     return self.dbapi.connect(*cargs, **cparams)
[2023-05-27T14:09:50.871+0000] {subprocess.py:93} INFO -   File "/home/***/.local/lib/python3.7/site-packages/psycopg2/__init__.py", line 122, in connect
[2023-05-27T14:09:50.872+0000] {subprocess.py:93} INFO -     conn = _connect(dsn, connection_factory=connection_factory, **kwasync)
[2023-05-27T14:09:50.872+0000] {subprocess.py:93} INFO - psycopg2.OperationalError: could not translate host name "('postgresLocal'" to address: Name or service not known
[2023-05-27T14:09:50.873+0000] {subprocess.py:93} INFO - could not translate host name ")" to address: Name or service not known
[2023-05-27T14:09:50.873+0000] {subprocess.py:93} INFO - 
[2023-05-27T14:09:50.874+0000] {subprocess.py:93} INFO - 
[2023-05-27T14:09:50.874+0000] {subprocess.py:93} INFO - The above exception was the direct cause of the following exception:
[2023-05-27T14:09:50.875+0000] {subprocess.py:93} INFO - 
[2023-05-27T14:09:50.875+0000] {subprocess.py:93} INFO - Traceback (most recent call last):
[2023-05-27T14:09:50.875+0000] {subprocess.py:93} INFO -   File "/opt/***/dags/load.py", line 16, in <module>
[2023-05-27T14:09:50.876+0000] {subprocess.py:93} INFO -     df.to_sql('final_data', con = engine, if_exists='replace',index_label='id')
[2023-05-27T14:09:50.877+0000] {subprocess.py:93} INFO -   File "/home/***/.local/lib/python3.7/site-packages/pandas/core/generic.py", line 2882, in to_sql
[2023-05-27T14:09:50.878+0000] {subprocess.py:93} INFO -     method=method,
[2023-05-27T14:09:50.878+0000] {subprocess.py:93} INFO -   File "/home/***/.local/lib/python3.7/site-packages/pandas/io/sql.py", line 728, in to_sql
[2023-05-27T14:09:50.879+0000] {subprocess.py:93} INFO -     **engine_kwargs,
[2023-05-27T14:09:50.880+0000] {subprocess.py:93} INFO -   File "/home/***/.local/lib/python3.7/site-packages/pandas/io/sql.py", line 1758, in to_sql
[2023-05-27T14:09:50.880+0000] {subprocess.py:93} INFO -     dtype=dtype,
[2023-05-27T14:09:50.881+0000] {subprocess.py:93} INFO -   File "/home/***/.local/lib/python3.7/site-packages/pandas/io/sql.py", line 1650, in prep_table
[2023-05-27T14:09:50.881+0000] {subprocess.py:93} INFO -     table.create()
[2023-05-27T14:09:50.882+0000] {subprocess.py:93} INFO -   File "/home/***/.local/lib/python3.7/site-packages/pandas/io/sql.py", line 856, in create
[2023-05-27T14:09:50.883+0000] {subprocess.py:93} INFO -     if self.exists():
[2023-05-27T14:09:50.883+0000] {subprocess.py:93} INFO -   File "/home/***/.local/lib/python3.7/site-packages/pandas/io/sql.py", line 840, in exists
[2023-05-27T14:09:50.884+0000] {subprocess.py:93} INFO -     return self.pd_sql.has_table(self.name, self.schema)
[2023-05-27T14:09:50.884+0000] {subprocess.py:93} INFO -   File "/home/***/.local/lib/python3.7/site-packages/pandas/io/sql.py", line 1783, in has_table
[2023-05-27T14:09:50.885+0000] {subprocess.py:93} INFO -     insp = sa.inspect(self.connectable)
[2023-05-27T14:09:50.886+0000] {subprocess.py:93} INFO -   File "/home/***/.local/lib/python3.7/site-packages/sqlalchemy/inspection.py", line 64, in inspect
[2023-05-27T14:09:50.887+0000] {subprocess.py:93} INFO -     ret = reg(subject)
[2023-05-27T14:09:50.887+0000] {subprocess.py:93} INFO -   File "/home/***/.local/lib/python3.7/site-packages/sqlalchemy/engine/reflection.py", line 182, in _engine_insp
[2023-05-27T14:09:50.888+0000] {subprocess.py:93} INFO -     return Inspector._construct(Inspector._init_engine, bind)
[2023-05-27T14:09:50.889+0000] {subprocess.py:93} INFO -   File "/home/***/.local/lib/python3.7/site-packages/sqlalchemy/engine/reflection.py", line 117, in _construct
[2023-05-27T14:09:50.889+0000] {subprocess.py:93} INFO -     init(self, bind)
[2023-05-27T14:09:50.890+0000] {subprocess.py:93} INFO -   File "/home/***/.local/lib/python3.7/site-packages/sqlalchemy/engine/reflection.py", line 128, in _init_engine
[2023-05-27T14:09:50.890+0000] {subprocess.py:93} INFO -     engine.connect().close()
[2023-05-27T14:09:50.891+0000] {subprocess.py:93} INFO -   File "/home/***/.local/lib/python3.7/site-packages/sqlalchemy/engine/base.py", line 3320, in connect
[2023-05-27T14:09:50.891+0000] {subprocess.py:93} INFO -     return self._connection_cls(self, close_with_result=close_with_result)
[2023-05-27T14:09:50.891+0000] {subprocess.py:93} INFO -   File "/home/***/.local/lib/python3.7/site-packages/sqlalchemy/engine/base.py", line 96, in __init__
[2023-05-27T14:09:50.892+0000] {subprocess.py:93} INFO -     else engine.raw_connection()
[2023-05-27T14:09:50.892+0000] {subprocess.py:93} INFO -   File "/home/***/.local/lib/python3.7/site-packages/sqlalchemy/engine/base.py", line 3399, in raw_connection
[2023-05-27T14:09:50.893+0000] {subprocess.py:93} INFO -     return self._wrap_pool_connect(self.pool.connect, _connection)
[2023-05-27T14:09:50.893+0000] {subprocess.py:93} INFO -   File "/home/***/.local/lib/python3.7/site-packages/sqlalchemy/engine/base.py", line 3370, in _wrap_pool_connect
[2023-05-27T14:09:50.894+0000] {subprocess.py:93} INFO -     e, dialect, self
[2023-05-27T14:09:50.895+0000] {subprocess.py:93} INFO -   File "/home/***/.local/lib/python3.7/site-packages/sqlalchemy/engine/base.py", line 2204, in _handle_dbapi_exception_noconnection
[2023-05-27T14:09:50.895+0000] {subprocess.py:93} INFO -     sqlalchemy_exception, with_traceback=exc_info[2], from_=e
[2023-05-27T14:09:50.896+0000] {subprocess.py:93} INFO -   File "/home/***/.local/lib/python3.7/site-packages/sqlalchemy/util/compat.py", line 211, in raise_
[2023-05-27T14:09:50.896+0000] {subprocess.py:93} INFO -     raise exception
[2023-05-27T14:09:50.897+0000] {subprocess.py:93} INFO -   File "/home/***/.local/lib/python3.7/site-packages/sqlalchemy/engine/base.py", line 3366, in _wrap_pool_connect
[2023-05-27T14:09:50.897+0000] {subprocess.py:93} INFO -     return fn()
[2023-05-27T14:09:50.898+0000] {subprocess.py:93} INFO -   File "/home/***/.local/lib/python3.7/site-packages/sqlalchemy/pool/base.py", line 327, in connect
[2023-05-27T14:09:50.898+0000] {subprocess.py:93} INFO -     return _ConnectionFairy._checkout(self)
[2023-05-27T14:09:50.899+0000] {subprocess.py:93} INFO -   File "/home/***/.local/lib/python3.7/site-packages/sqlalchemy/pool/base.py", line 894, in _checkout
[2023-05-27T14:09:50.899+0000] {subprocess.py:93} INFO -     fairy = _ConnectionRecord.checkout(pool)
[2023-05-27T14:09:50.900+0000] {subprocess.py:93} INFO -   File "/home/***/.local/lib/python3.7/site-packages/sqlalchemy/pool/base.py", line 493, in checkout
[2023-05-27T14:09:50.900+0000] {subprocess.py:93} INFO -     rec = pool._do_get()
[2023-05-27T14:09:50.900+0000] {subprocess.py:93} INFO -   File "/home/***/.local/lib/python3.7/site-packages/sqlalchemy/pool/impl.py", line 146, in _do_get
[2023-05-27T14:09:50.901+0000] {subprocess.py:93} INFO -     self._dec_overflow()
[2023-05-27T14:09:50.902+0000] {subprocess.py:93} INFO -   File "/home/***/.local/lib/python3.7/site-packages/sqlalchemy/util/langhelpers.py", line 72, in __exit__
[2023-05-27T14:09:50.903+0000] {subprocess.py:93} INFO -     with_traceback=exc_tb,
[2023-05-27T14:09:50.903+0000] {subprocess.py:93} INFO -   File "/home/***/.local/lib/python3.7/site-packages/sqlalchemy/util/compat.py", line 211, in raise_
[2023-05-27T14:09:50.904+0000] {subprocess.py:93} INFO -     raise exception
[2023-05-27T14:09:50.905+0000] {subprocess.py:93} INFO -   File "/home/***/.local/lib/python3.7/site-packages/sqlalchemy/pool/impl.py", line 143, in _do_get
[2023-05-27T14:09:50.905+0000] {subprocess.py:93} INFO -     return self._create_connection()
[2023-05-27T14:09:50.906+0000] {subprocess.py:93} INFO -   File "/home/***/.local/lib/python3.7/site-packages/sqlalchemy/pool/base.py", line 273, in _create_connection
[2023-05-27T14:09:50.907+0000] {subprocess.py:93} INFO -     return _ConnectionRecord(self)
[2023-05-27T14:09:50.907+0000] {subprocess.py:93} INFO -   File "/home/***/.local/lib/python3.7/site-packages/sqlalchemy/pool/base.py", line 388, in __init__
[2023-05-27T14:09:50.908+0000] {subprocess.py:93} INFO -     self.__connect()
[2023-05-27T14:09:50.908+0000] {subprocess.py:93} INFO -   File "/home/***/.local/lib/python3.7/site-packages/sqlalchemy/pool/base.py", line 691, in __connect
[2023-05-27T14:09:50.909+0000] {subprocess.py:93} INFO -     pool.logger.debug("Error on connect(): %s", e)
[2023-05-27T14:09:50.910+0000] {subprocess.py:93} INFO -   File "/home/***/.local/lib/python3.7/site-packages/sqlalchemy/util/langhelpers.py", line 72, in __exit__
[2023-05-27T14:09:50.910+0000] {subprocess.py:93} INFO -     with_traceback=exc_tb,
[2023-05-27T14:09:50.911+0000] {subprocess.py:93} INFO -   File "/home/***/.local/lib/python3.7/site-packages/sqlalchemy/util/compat.py", line 211, in raise_
[2023-05-27T14:09:50.912+0000] {subprocess.py:93} INFO -     raise exception
[2023-05-27T14:09:50.912+0000] {subprocess.py:93} INFO -   File "/home/***/.local/lib/python3.7/site-packages/sqlalchemy/pool/base.py", line 686, in __connect
[2023-05-27T14:09:50.913+0000] {subprocess.py:93} INFO -     self.dbapi_connection = connection = pool._invoke_creator(self)
[2023-05-27T14:09:50.913+0000] {subprocess.py:93} INFO -   File "/home/***/.local/lib/python3.7/site-packages/sqlalchemy/engine/create.py", line 574, in connect
[2023-05-27T14:09:50.914+0000] {subprocess.py:93} INFO -     return dialect.connect(*cargs, **cparams)
[2023-05-27T14:09:50.915+0000] {subprocess.py:93} INFO -   File "/home/***/.local/lib/python3.7/site-packages/sqlalchemy/engine/default.py", line 598, in connect
[2023-05-27T14:09:50.915+0000] {subprocess.py:93} INFO -     return self.dbapi.connect(*cargs, **cparams)
[2023-05-27T14:09:50.916+0000] {subprocess.py:93} INFO -   File "/home/***/.local/lib/python3.7/site-packages/psycopg2/__init__.py", line 122, in connect
[2023-05-27T14:09:50.916+0000] {subprocess.py:93} INFO -     conn = _connect(dsn, connection_factory=connection_factory, **kwasync)
[2023-05-27T14:09:50.917+0000] {subprocess.py:93} INFO - sqlalchemy.exc.OperationalError: (psycopg2.OperationalError) could not translate host name "('postgresLocal'" to address: Name or service not known
[2023-05-27T14:09:50.918+0000] {subprocess.py:93} INFO - could not translate host name ")" to address: Name or service not known
[2023-05-27T14:09:50.919+0000] {subprocess.py:93} INFO - 
[2023-05-27T14:09:50.919+0000] {subprocess.py:93} INFO - (Background on this error at: https://sqlalche.me/e/14/e3q8)
[2023-05-27T14:09:50.991+0000] {subprocess.py:97} INFO - Command exited with return code 1
[2023-05-27T14:09:51.006+0000] {taskinstance.py:1824} ERROR - Task failed with exception
Traceback (most recent call last):
  File "/home/airflow/.local/lib/python3.7/site-packages/airflow/operators/bash.py", line 211, in execute
    f"Bash command failed. The command returned a non-zero exit code {result.exit_code}."
airflow.exceptions.AirflowException: Bash command failed. The command returned a non-zero exit code 1.
[2023-05-27T14:09:51.012+0000] {taskinstance.py:1350} INFO - Marking task as FAILED. dag_id=my_dag, task_id=Load, execution_date=20230527T140919, start_date=20230527T140948, end_date=20230527T140951
[2023-05-27T14:09:51.035+0000] {standard_task_runner.py:109} ERROR - Failed to execute job 153 for task Load (Bash command failed. The command returned a non-zero exit code 1.; 345)
[2023-05-27T14:09:51.075+0000] {local_task_job_runner.py:225} INFO - Task exited with return code 1
[2023-05-27T14:09:51.097+0000] {taskinstance.py:2651} INFO - 0 downstream tasks scheduled from follow-on schedule check
