[2023-05-23T09:00:31.915+0000] {taskinstance.py:1103} INFO - Dependencies all met for dep_context=non-requeueable deps ti=<TaskInstance: my_dag.Transform manual__2023-05-23T09:00:20.781290+00:00 [queued]>
[2023-05-23T09:00:31.937+0000] {taskinstance.py:1103} INFO - Dependencies all met for dep_context=requeueable deps ti=<TaskInstance: my_dag.Transform manual__2023-05-23T09:00:20.781290+00:00 [queued]>
[2023-05-23T09:00:31.938+0000] {taskinstance.py:1308} INFO - Starting attempt 1 of 1
[2023-05-23T09:00:31.977+0000] {taskinstance.py:1327} INFO - Executing <Task(BashOperator): Transform> on 2023-05-23 09:00:20.781290+00:00
[2023-05-23T09:00:31.989+0000] {standard_task_runner.py:57} INFO - Started process 1517 to run task
[2023-05-23T09:00:31.994+0000] {standard_task_runner.py:84} INFO - Running: ['***', 'tasks', 'run', 'my_dag', 'Transform', 'manual__2023-05-23T09:00:20.781290+00:00', '--job-id', '356', '--raw', '--subdir', 'DAGS_FOLDER/my_dag.py', '--cfg-path', '/tmp/tmp013xgkby']
[2023-05-23T09:00:31.997+0000] {standard_task_runner.py:85} INFO - Job 356: Subtask Transform
[2023-05-23T09:00:32.085+0000] {task_command.py:410} INFO - Running <TaskInstance: my_dag.Transform manual__2023-05-23T09:00:20.781290+00:00 [running]> on host 41afa13826a4
[2023-05-23T09:00:32.248+0000] {taskinstance.py:1547} INFO - Exporting env vars: AIRFLOW_CTX_DAG_OWNER='***' AIRFLOW_CTX_DAG_ID='my_dag' AIRFLOW_CTX_TASK_ID='Transform' AIRFLOW_CTX_EXECUTION_DATE='2023-05-23T09:00:20.781290+00:00' AIRFLOW_CTX_TRY_NUMBER='1' AIRFLOW_CTX_DAG_RUN_ID='manual__2023-05-23T09:00:20.781290+00:00'
[2023-05-23T09:00:32.251+0000] {subprocess.py:63} INFO - Tmp dir root location: 
 /tmp
[2023-05-23T09:00:32.252+0000] {subprocess.py:75} INFO - Running command: ['/bin/bash', '-c', 'python /opt/***/dags/transform.py']
[2023-05-23T09:00:32.269+0000] {subprocess.py:86} INFO - Output:
[2023-05-23T09:00:49.842+0000] {subprocess.py:93} INFO - sys:1: DtypeWarning: Columns (2) have mixed types.Specify dtype option on import or set low_memory=False.
[2023-05-23T09:00:49.843+0000] {subprocess.py:93} INFO - /opt/***/dags/transform.py:21: SettingWithCopyWarning:
[2023-05-23T09:00:49.843+0000] {subprocess.py:93} INFO - A value is trying to be set on a copy of a slice from a DataFrame.
[2023-05-23T09:00:49.845+0000] {subprocess.py:93} INFO - Try using .loc[row_indexer,col_indexer] = value instead
[2023-05-23T09:00:49.847+0000] {subprocess.py:93} INFO - 
[2023-05-23T09:00:49.849+0000] {subprocess.py:93} INFO - See the caveats in the documentation: https://pandas.pydata.org/pandas-docs/stable/user_guide/indexing.html#returning-a-view-versus-a-copy
[2023-05-23T09:00:49.849+0000] {subprocess.py:93} INFO -   df_drop["Age"] = df_drop['Age'].astype(int)
[2023-05-23T09:00:49.851+0000] {subprocess.py:93} INFO - /opt/***/dags/transform.py:24: SettingWithCopyWarning:
[2023-05-23T09:00:49.851+0000] {subprocess.py:93} INFO - A value is trying to be set on a copy of a slice from a DataFrame.
[2023-05-23T09:00:49.852+0000] {subprocess.py:93} INFO - Try using .loc[row_indexer,col_indexer] = value instead
[2023-05-23T09:00:49.854+0000] {subprocess.py:93} INFO - 
[2023-05-23T09:00:49.855+0000] {subprocess.py:93} INFO - See the caveats in the documentation: https://pandas.pydata.org/pandas-docs/stable/user_guide/indexing.html#returning-a-view-versus-a-copy
[2023-05-23T09:00:49.856+0000] {subprocess.py:93} INFO -   df_drop['Sex'] = df_drop['Sex'].str.upper()
[2023-05-23T09:00:49.857+0000] {subprocess.py:93} INFO - /opt/***/dags/transform.py:25: SettingWithCopyWarning:
[2023-05-23T09:00:49.858+0000] {subprocess.py:93} INFO - A value is trying to be set on a copy of a slice from a DataFrame.
[2023-05-23T09:00:49.859+0000] {subprocess.py:93} INFO - Try using .loc[row_indexer,col_indexer] = value instead
[2023-05-23T09:00:49.860+0000] {subprocess.py:93} INFO - 
[2023-05-23T09:00:49.861+0000] {subprocess.py:93} INFO - See the caveats in the documentation: https://pandas.pydata.org/pandas-docs/stable/user_guide/indexing.html#returning-a-view-versus-a-copy
[2023-05-23T09:00:49.862+0000] {subprocess.py:93} INFO -   df_drop['Sex'] = df_drop['Sex'].str.replace("(MAN|MALE)",'M',regex=True)
[2023-05-23T09:00:49.863+0000] {subprocess.py:93} INFO - /opt/***/dags/transform.py:26: SettingWithCopyWarning:
[2023-05-23T09:00:49.864+0000] {subprocess.py:93} INFO - A value is trying to be set on a copy of a slice from a DataFrame.
[2023-05-23T09:00:49.865+0000] {subprocess.py:93} INFO - Try using .loc[row_indexer,col_indexer] = value instead
[2023-05-23T09:00:49.865+0000] {subprocess.py:93} INFO - 
[2023-05-23T09:00:49.867+0000] {subprocess.py:93} INFO - See the caveats in the documentation: https://pandas.pydata.org/pandas-docs/stable/user_guide/indexing.html#returning-a-view-versus-a-copy
[2023-05-23T09:00:49.867+0000] {subprocess.py:93} INFO -   df_drop['Sex'] = df_drop['Sex'].str.replace("(GIRL|FEM)",'F',regex=True)
[2023-05-23T09:00:49.868+0000] {subprocess.py:93} INFO - /opt/***/dags/transform.py:27: SettingWithCopyWarning:
[2023-05-23T09:00:49.869+0000] {subprocess.py:93} INFO - A value is trying to be set on a copy of a slice from a DataFrame.
[2023-05-23T09:00:49.870+0000] {subprocess.py:93} INFO - Try using .loc[row_indexer,col_indexer] = value instead
[2023-05-23T09:00:49.871+0000] {subprocess.py:93} INFO - 
[2023-05-23T09:00:49.872+0000] {subprocess.py:93} INFO - See the caveats in the documentation: https://pandas.pydata.org/pandas-docs/stable/user_guide/indexing.html#returning-a-view-versus-a-copy
[2023-05-23T09:00:49.872+0000] {subprocess.py:93} INFO -   df_drop['Sex'] = df_drop['Sex'].str.replace("(BOTH|FM|MF)",'LGBT',regex=True)
[2023-05-23T09:00:49.873+0000] {subprocess.py:93} INFO - /opt/***/dags/transform.py:28: SettingWithCopyWarning:
[2023-05-23T09:00:49.874+0000] {subprocess.py:93} INFO - A value is trying to be set on a copy of a slice from a DataFrame.
[2023-05-23T09:00:49.876+0000] {subprocess.py:93} INFO - Try using .loc[row_indexer,col_indexer] = value instead
[2023-05-23T09:00:49.877+0000] {subprocess.py:93} INFO - 
[2023-05-23T09:00:49.878+0000] {subprocess.py:93} INFO - See the caveats in the documentation: https://pandas.pydata.org/pandas-docs/stable/user_guide/indexing.html#returning-a-view-versus-a-copy
[2023-05-23T09:00:49.879+0000] {subprocess.py:93} INFO -   df_drop['Sex'] = df_drop['Sex'].str.replace("-",'Not Defined',regex=True)
[2023-05-23T09:00:49.880+0000] {subprocess.py:93} INFO - {'age_morethan120': 84436, 'sex_LGBT': 299505, 'sex_NotDefined': 0}
[2023-05-23T09:00:50.059+0000] {subprocess.py:97} INFO - Command exited with return code 0
[2023-05-23T09:00:50.101+0000] {taskinstance.py:1350} INFO - Marking task as SUCCESS. dag_id=my_dag, task_id=Transform, execution_date=20230523T090020, start_date=20230523T090031, end_date=20230523T090050
[2023-05-23T09:00:50.148+0000] {local_task_job_runner.py:225} INFO - Task exited with return code 0
[2023-05-23T09:00:50.183+0000] {taskinstance.py:2651} INFO - 1 downstream tasks scheduled from follow-on schedule check
