[2023-05-30T13:01:32.710+0000] {taskinstance.py:1103} INFO - Dependencies all met for dep_context=non-requeueable deps ti=<TaskInstance: my_dag.Transform manual__2023-05-30T13:01:17.681819+00:00 [queued]>
[2023-05-30T13:01:32.748+0000] {taskinstance.py:1103} INFO - Dependencies all met for dep_context=requeueable deps ti=<TaskInstance: my_dag.Transform manual__2023-05-30T13:01:17.681819+00:00 [queued]>
[2023-05-30T13:01:32.752+0000] {taskinstance.py:1308} INFO - Starting attempt 1 of 1
[2023-05-30T13:01:36.524+0000] {taskinstance.py:1327} INFO - Executing <Task(BashOperator): Transform> on 2023-05-30 13:01:17.681819+00:00
[2023-05-30T13:01:36.567+0000] {standard_task_runner.py:57} INFO - Started process 98 to run task
[2023-05-30T13:01:36.584+0000] {standard_task_runner.py:84} INFO - Running: ['***', 'tasks', 'run', 'my_dag', 'Transform', 'manual__2023-05-30T13:01:17.681819+00:00', '--job-id', '245', '--raw', '--subdir', 'DAGS_FOLDER/my_dag.py', '--cfg-path', '/tmp/tmp4wtix7kx']
[2023-05-30T13:01:36.602+0000] {standard_task_runner.py:85} INFO - Job 245: Subtask Transform
[2023-05-30T13:01:37.412+0000] {task_command.py:410} INFO - Running <TaskInstance: my_dag.Transform manual__2023-05-30T13:01:17.681819+00:00 [running]> on host 1ea3c0c30150
[2023-05-30T13:01:37.681+0000] {taskinstance.py:1547} INFO - Exporting env vars: AIRFLOW_CTX_DAG_OWNER='***' AIRFLOW_CTX_DAG_ID='my_dag' AIRFLOW_CTX_TASK_ID='Transform' AIRFLOW_CTX_EXECUTION_DATE='2023-05-30T13:01:17.681819+00:00' AIRFLOW_CTX_TRY_NUMBER='1' AIRFLOW_CTX_DAG_RUN_ID='manual__2023-05-30T13:01:17.681819+00:00'
[2023-05-30T13:01:37.685+0000] {subprocess.py:63} INFO - Tmp dir root location: 
 /tmp
[2023-05-30T13:01:37.686+0000] {subprocess.py:75} INFO - Running command: ['/bin/bash', '-c', 'python /opt/***/dags/transform.py']
[2023-05-30T13:01:37.705+0000] {subprocess.py:86} INFO - Output:
[2023-05-30T13:01:42.132+0000] {subprocess.py:93} INFO - /opt/***/dags/transform.py:21: SettingWithCopyWarning:
[2023-05-30T13:01:42.133+0000] {subprocess.py:93} INFO - A value is trying to be set on a copy of a slice from a DataFrame.
[2023-05-30T13:01:42.134+0000] {subprocess.py:93} INFO - Try using .loc[row_indexer,col_indexer] = value instead
[2023-05-30T13:01:42.136+0000] {subprocess.py:93} INFO - 
[2023-05-30T13:01:42.137+0000] {subprocess.py:93} INFO - See the caveats in the documentation: https://pandas.pydata.org/pandas-docs/stable/user_guide/indexing.html#returning-a-view-versus-a-copy
[2023-05-30T13:01:42.138+0000] {subprocess.py:93} INFO -   df_drop["Age"] = df_drop['Age'].astype(int)
[2023-05-30T13:01:42.139+0000] {subprocess.py:93} INFO - /opt/***/dags/transform.py:24: SettingWithCopyWarning:
[2023-05-30T13:01:42.140+0000] {subprocess.py:93} INFO - A value is trying to be set on a copy of a slice from a DataFrame.
[2023-05-30T13:01:42.142+0000] {subprocess.py:93} INFO - Try using .loc[row_indexer,col_indexer] = value instead
[2023-05-30T13:01:42.143+0000] {subprocess.py:93} INFO - 
[2023-05-30T13:01:42.144+0000] {subprocess.py:93} INFO - See the caveats in the documentation: https://pandas.pydata.org/pandas-docs/stable/user_guide/indexing.html#returning-a-view-versus-a-copy
[2023-05-30T13:01:42.145+0000] {subprocess.py:93} INFO -   df_drop['Sex'] = df_drop['Sex'].str.upper()
[2023-05-30T13:01:42.146+0000] {subprocess.py:93} INFO - /opt/***/dags/transform.py:25: SettingWithCopyWarning:
[2023-05-30T13:01:42.147+0000] {subprocess.py:93} INFO - A value is trying to be set on a copy of a slice from a DataFrame.
[2023-05-30T13:01:42.147+0000] {subprocess.py:93} INFO - Try using .loc[row_indexer,col_indexer] = value instead
[2023-05-30T13:01:42.148+0000] {subprocess.py:93} INFO - 
[2023-05-30T13:01:42.149+0000] {subprocess.py:93} INFO - See the caveats in the documentation: https://pandas.pydata.org/pandas-docs/stable/user_guide/indexing.html#returning-a-view-versus-a-copy
[2023-05-30T13:01:42.150+0000] {subprocess.py:93} INFO -   df_drop['Sex'] = df_drop['Sex'].str.replace("(MAN|MALE)",'M',regex=True)
[2023-05-30T13:01:42.151+0000] {subprocess.py:93} INFO - /opt/***/dags/transform.py:26: SettingWithCopyWarning:
[2023-05-30T13:01:42.154+0000] {subprocess.py:93} INFO - A value is trying to be set on a copy of a slice from a DataFrame.
[2023-05-30T13:01:42.155+0000] {subprocess.py:93} INFO - Try using .loc[row_indexer,col_indexer] = value instead
[2023-05-30T13:01:42.156+0000] {subprocess.py:93} INFO - 
[2023-05-30T13:01:42.157+0000] {subprocess.py:93} INFO - See the caveats in the documentation: https://pandas.pydata.org/pandas-docs/stable/user_guide/indexing.html#returning-a-view-versus-a-copy
[2023-05-30T13:01:42.159+0000] {subprocess.py:93} INFO -   df_drop['Sex'] = df_drop['Sex'].str.replace("(GIRL|FEM)",'F',regex=True)
[2023-05-30T13:01:42.160+0000] {subprocess.py:93} INFO - /opt/***/dags/transform.py:27: SettingWithCopyWarning:
[2023-05-30T13:01:42.161+0000] {subprocess.py:93} INFO - A value is trying to be set on a copy of a slice from a DataFrame.
[2023-05-30T13:01:42.162+0000] {subprocess.py:93} INFO - Try using .loc[row_indexer,col_indexer] = value instead
[2023-05-30T13:01:42.163+0000] {subprocess.py:93} INFO - 
[2023-05-30T13:01:42.164+0000] {subprocess.py:93} INFO - See the caveats in the documentation: https://pandas.pydata.org/pandas-docs/stable/user_guide/indexing.html#returning-a-view-versus-a-copy
[2023-05-30T13:01:42.164+0000] {subprocess.py:93} INFO -   df_drop['Sex'] = df_drop['Sex'].str.replace("(BOTH|FM|MF)",'LGBT',regex=True)
[2023-05-30T13:01:42.165+0000] {subprocess.py:93} INFO - /opt/***/dags/transform.py:28: SettingWithCopyWarning:
[2023-05-30T13:01:42.166+0000] {subprocess.py:93} INFO - A value is trying to be set on a copy of a slice from a DataFrame.
[2023-05-30T13:01:42.167+0000] {subprocess.py:93} INFO - Try using .loc[row_indexer,col_indexer] = value instead
[2023-05-30T13:01:42.168+0000] {subprocess.py:93} INFO - 
[2023-05-30T13:01:42.169+0000] {subprocess.py:93} INFO - See the caveats in the documentation: https://pandas.pydata.org/pandas-docs/stable/user_guide/indexing.html#returning-a-view-versus-a-copy
[2023-05-30T13:01:42.170+0000] {subprocess.py:93} INFO -   df_drop['Sex'] = df_drop['Sex'].str.replace("-",'Not Defined',regex=True)
[2023-05-30T13:01:42.171+0000] {subprocess.py:93} INFO - {'age_morethan120': 2314, 'sex_LGBT': 8977, 'sex_NotDefined': 0}
[2023-05-30T13:01:42.255+0000] {subprocess.py:97} INFO - Command exited with return code 0
[2023-05-30T13:01:42.370+0000] {taskinstance.py:1350} INFO - Marking task as SUCCESS. dag_id=my_dag, task_id=Transform, execution_date=20230530T130117, start_date=20230530T130132, end_date=20230530T130142
[2023-05-30T13:01:42.471+0000] {local_task_job_runner.py:225} INFO - Task exited with return code 0
[2023-05-30T13:01:42.509+0000] {taskinstance.py:2651} INFO - 1 downstream tasks scheduled from follow-on schedule check
