[2023-05-25T04:53:31.808+0000] {taskinstance.py:1103} INFO - Dependencies all met for dep_context=non-requeueable deps ti=<TaskInstance: my_dag.detail manual__2023-05-25T04:53:29.695072+00:00 [queued]>
[2023-05-25T04:53:31.826+0000] {taskinstance.py:1103} INFO - Dependencies all met for dep_context=requeueable deps ti=<TaskInstance: my_dag.detail manual__2023-05-25T04:53:29.695072+00:00 [queued]>
[2023-05-25T04:53:31.827+0000] {taskinstance.py:1308} INFO - Starting attempt 1 of 1
[2023-05-25T04:53:31.861+0000] {taskinstance.py:1327} INFO - Executing <Task(PostgresOperator): detail> on 2023-05-25 04:53:29.695072+00:00
[2023-05-25T04:53:31.868+0000] {standard_task_runner.py:57} INFO - Started process 615 to run task
[2023-05-25T04:53:31.874+0000] {standard_task_runner.py:84} INFO - Running: ['***', 'tasks', 'run', 'my_dag', 'detail', 'manual__2023-05-25T04:53:29.695072+00:00', '--job-id', '27', '--raw', '--subdir', 'DAGS_FOLDER/my_dag.py', '--cfg-path', '/tmp/tmpyls4kpfn']
[2023-05-25T04:53:31.877+0000] {standard_task_runner.py:85} INFO - Job 27: Subtask detail
[2023-05-25T04:53:31.945+0000] {task_command.py:410} INFO - Running <TaskInstance: my_dag.detail manual__2023-05-25T04:53:29.695072+00:00 [running]> on host 4fd1d35cc618
[2023-05-25T04:53:32.117+0000] {taskinstance.py:1547} INFO - Exporting env vars: AIRFLOW_CTX_DAG_OWNER='***' AIRFLOW_CTX_DAG_ID='my_dag' AIRFLOW_CTX_TASK_ID='detail' AIRFLOW_CTX_EXECUTION_DATE='2023-05-25T04:53:29.695072+00:00' AIRFLOW_CTX_TRY_NUMBER='1' AIRFLOW_CTX_DAG_RUN_ID='manual__2023-05-25T04:53:29.695072+00:00'
[2023-05-25T04:53:32.120+0000] {sql.py:262} INFO - Executing: 
            CREATE TABLE IF NOT EXISTS detail (
            userID SERIAL PRIMARY KEY,
            FirstName varchar(40) NOT NULL,       
            LastName  varchar(40) NOT NULL,
            Age   integer NOT NULL,
            Sex   varchar(15)
            )
          
[2023-05-25T04:53:32.132+0000] {base.py:73} INFO - Using connection ID 'connectPostges' for task execution.
[2023-05-25T04:53:32.220+0000] {base.py:73} INFO - Using connection ID 'connectPostges' for task execution.
[2023-05-25T04:53:32.227+0000] {sql.py:375} INFO - Running statement: 
            CREATE TABLE IF NOT EXISTS detail (
            userID SERIAL PRIMARY KEY,
            FirstName varchar(40) NOT NULL,       
            LastName  varchar(40) NOT NULL,
            Age   integer NOT NULL,
            Sex   varchar(15)
            )
          , parameters: None
[2023-05-25T04:53:32.240+0000] {taskinstance.py:1350} INFO - Marking task as SUCCESS. dag_id=my_dag, task_id=detail, execution_date=20230525T045329, start_date=20230525T045331, end_date=20230525T045332
[2023-05-25T04:53:32.288+0000] {local_task_job_runner.py:225} INFO - Task exited with return code 0
[2023-05-25T04:53:32.317+0000] {taskinstance.py:2651} INFO - 1 downstream tasks scheduled from follow-on schedule check
