[2023-05-25T08:10:55.343+0000] {taskinstance.py:1103} INFO - Dependencies all met for dep_context=non-requeueable deps ti=<TaskInstance: my_dag.tempTable manual__2023-05-25T08:10:49.528879+00:00 [queued]>
[2023-05-25T08:10:55.358+0000] {taskinstance.py:1103} INFO - Dependencies all met for dep_context=requeueable deps ti=<TaskInstance: my_dag.tempTable manual__2023-05-25T08:10:49.528879+00:00 [queued]>
[2023-05-25T08:10:55.359+0000] {taskinstance.py:1308} INFO - Starting attempt 1 of 1
[2023-05-25T08:10:55.380+0000] {taskinstance.py:1327} INFO - Executing <Task(PostgresOperator): tempTable> on 2023-05-25 08:10:49.528879+00:00
[2023-05-25T08:10:55.387+0000] {standard_task_runner.py:57} INFO - Started process 130 to run task
[2023-05-25T08:10:55.391+0000] {standard_task_runner.py:84} INFO - Running: ['***', 'tasks', 'run', 'my_dag', 'tempTable', 'manual__2023-05-25T08:10:49.528879+00:00', '--job-id', '50', '--raw', '--subdir', 'DAGS_FOLDER/my_dag.py', '--cfg-path', '/tmp/tmpszpournc']
[2023-05-25T08:10:55.394+0000] {standard_task_runner.py:85} INFO - Job 50: Subtask tempTable
[2023-05-25T08:10:55.458+0000] {task_command.py:410} INFO - Running <TaskInstance: my_dag.tempTable manual__2023-05-25T08:10:49.528879+00:00 [running]> on host 6c149b085cf0
[2023-05-25T08:10:55.573+0000] {taskinstance.py:1547} INFO - Exporting env vars: AIRFLOW_CTX_DAG_OWNER='***' AIRFLOW_CTX_DAG_ID='my_dag' AIRFLOW_CTX_TASK_ID='tempTable' AIRFLOW_CTX_EXECUTION_DATE='2023-05-25T08:10:49.528879+00:00' AIRFLOW_CTX_TRY_NUMBER='1' AIRFLOW_CTX_DAG_RUN_ID='manual__2023-05-25T08:10:49.528879+00:00'
[2023-05-25T08:10:55.575+0000] {sql.py:262} INFO - Executing: 
            CREATE TEMPORARY TABLE temp_table (
             FirstName varchar(40),       
             LastName  varchar(40)
            )
        
[2023-05-25T08:10:55.587+0000] {base.py:73} INFO - Using connection ID 'connectPostges' for task execution.
[2023-05-25T08:10:55.727+0000] {base.py:73} INFO - Using connection ID 'connectPostges' for task execution.
[2023-05-25T08:10:55.735+0000] {sql.py:375} INFO - Running statement: 
            CREATE TEMPORARY TABLE temp_table (
             FirstName varchar(40),       
             LastName  varchar(40)
            )
        , parameters: None
[2023-05-25T08:10:55.762+0000] {taskinstance.py:1350} INFO - Marking task as SUCCESS. dag_id=my_dag, task_id=tempTable, execution_date=20230525T081049, start_date=20230525T081055, end_date=20230525T081055
[2023-05-25T08:10:55.804+0000] {local_task_job_runner.py:225} INFO - Task exited with return code 0
[2023-05-25T08:10:55.844+0000] {taskinstance.py:2651} INFO - 1 downstream tasks scheduled from follow-on schedule check
