[2023-05-25T07:25:52.839+0000] {taskinstance.py:1103} INFO - Dependencies all met for dep_context=non-requeueable deps ti=<TaskInstance: my_dag.import_csv_to_postgres manual__2023-05-25T07:25:48.211437+00:00 [queued]>
[2023-05-25T07:25:52.856+0000] {taskinstance.py:1103} INFO - Dependencies all met for dep_context=requeueable deps ti=<TaskInstance: my_dag.import_csv_to_postgres manual__2023-05-25T07:25:48.211437+00:00 [queued]>
[2023-05-25T07:25:52.857+0000] {taskinstance.py:1308} INFO - Starting attempt 1 of 1
[2023-05-25T07:25:52.885+0000] {taskinstance.py:1327} INFO - Executing <Task(PostgresOperator): import_csv_to_postgres> on 2023-05-25 07:25:48.211437+00:00
[2023-05-25T07:25:52.893+0000] {standard_task_runner.py:57} INFO - Started process 156 to run task
[2023-05-25T07:25:52.899+0000] {standard_task_runner.py:84} INFO - Running: ['***', 'tasks', 'run', 'my_dag', 'import_csv_to_postgres', 'manual__2023-05-25T07:25:48.211437+00:00', '--job-id', '38', '--raw', '--subdir', 'DAGS_FOLDER/my_dag.py', '--cfg-path', '/tmp/tmpg4tv94qv']
[2023-05-25T07:25:52.902+0000] {standard_task_runner.py:85} INFO - Job 38: Subtask import_csv_to_postgres
[2023-05-25T07:25:52.974+0000] {task_command.py:410} INFO - Running <TaskInstance: my_dag.import_csv_to_postgres manual__2023-05-25T07:25:48.211437+00:00 [running]> on host c9dd524d1b18
[2023-05-25T07:25:53.130+0000] {taskinstance.py:1547} INFO - Exporting env vars: AIRFLOW_CTX_DAG_OWNER='***' AIRFLOW_CTX_DAG_ID='my_dag' AIRFLOW_CTX_TASK_ID='import_csv_to_postgres' AIRFLOW_CTX_EXECUTION_DATE='2023-05-25T07:25:48.211437+00:00' AIRFLOW_CTX_TRY_NUMBER='1' AIRFLOW_CTX_DAG_RUN_ID='manual__2023-05-25T07:25:48.211437+00:00'
[2023-05-25T07:25:53.132+0000] {sql.py:262} INFO - Executing: COPY detail FROM '/app/***/finalFile.csv' DELIMITER ',' CSV HEADER;
[2023-05-25T07:25:53.146+0000] {base.py:73} INFO - Using connection ID 'connectPostges' for task execution.
[2023-05-25T07:25:53.264+0000] {base.py:73} INFO - Using connection ID 'connectPostges' for task execution.
[2023-05-25T07:25:53.272+0000] {sql.py:375} INFO - Running statement: COPY detail FROM '/app/***/finalFile.csv' DELIMITER ',' CSV HEADER;, parameters: None
[2023-05-25T07:25:53.304+0000] {taskinstance.py:1824} ERROR - Task failed with exception
Traceback (most recent call last):
  File "/home/airflow/.local/lib/python3.7/site-packages/airflow/providers/common/sql/operators/sql.py", line 274, in execute
    **extra_kwargs,
  File "/home/airflow/.local/lib/python3.7/site-packages/airflow/providers/common/sql/hooks/sql.py", line 349, in run
    self._run_command(cur, sql_statement, parameters)
  File "/home/airflow/.local/lib/python3.7/site-packages/airflow/providers/common/sql/hooks/sql.py", line 380, in _run_command
    cur.execute(sql_statement)
psycopg2.errors.NotNullViolation: null value in column "firstname" of relation "detail" violates not-null constraint
DETAIL:  Failing row contains (null, Silva, 28, F).
CONTEXT:  COPY detail, line 21006: ",Silva,28,F"

[2023-05-25T07:25:53.318+0000] {taskinstance.py:1350} INFO - Marking task as FAILED. dag_id=my_dag, task_id=import_csv_to_postgres, execution_date=20230525T072548, start_date=20230525T072552, end_date=20230525T072553
[2023-05-25T07:25:53.337+0000] {standard_task_runner.py:109} ERROR - Failed to execute job 38 for task import_csv_to_postgres (null value in column "firstname" of relation "detail" violates not-null constraint
DETAIL:  Failing row contains (null, Silva, 28, F).
CONTEXT:  COPY detail, line 21006: ",Silva,28,F"
; 156)
[2023-05-25T07:25:53.350+0000] {local_task_job_runner.py:225} INFO - Task exited with return code 1
[2023-05-25T07:25:53.377+0000] {taskinstance.py:2651} INFO - 0 downstream tasks scheduled from follow-on schedule check
