[2023-05-26T01:56:28.618+0000] {taskinstance.py:1103} INFO - Dependencies all met for dep_context=non-requeueable deps ti=<TaskInstance: my_dag.Transform manual__2023-05-26T01:56:14.746616+00:00 [queued]>
[2023-05-26T01:56:28.632+0000] {taskinstance.py:1103} INFO - Dependencies all met for dep_context=requeueable deps ti=<TaskInstance: my_dag.Transform manual__2023-05-26T01:56:14.746616+00:00 [queued]>
[2023-05-26T01:56:28.633+0000] {taskinstance.py:1308} INFO - Starting attempt 1 of 1
[2023-05-26T01:56:28.667+0000] {taskinstance.py:1327} INFO - Executing <Task(BashOperator): Transform> on 2023-05-26 01:56:14.746616+00:00
[2023-05-26T01:56:28.673+0000] {standard_task_runner.py:57} INFO - Started process 992 to run task
[2023-05-26T01:56:28.676+0000] {standard_task_runner.py:84} INFO - Running: ['***', 'tasks', 'run', 'my_dag', 'Transform', 'manual__2023-05-26T01:56:14.746616+00:00', '--job-id', '136', '--raw', '--subdir', 'DAGS_FOLDER/my_dag.py', '--cfg-path', '/tmp/tmpfneyhmsc']
[2023-05-26T01:56:28.678+0000] {standard_task_runner.py:85} INFO - Job 136: Subtask Transform
[2023-05-26T01:56:28.733+0000] {task_command.py:410} INFO - Running <TaskInstance: my_dag.Transform manual__2023-05-26T01:56:14.746616+00:00 [running]> on host b4633f3f51cb
[2023-05-26T01:56:28.886+0000] {taskinstance.py:1547} INFO - Exporting env vars: AIRFLOW_CTX_DAG_OWNER='***' AIRFLOW_CTX_DAG_ID='my_dag' AIRFLOW_CTX_TASK_ID='Transform' AIRFLOW_CTX_EXECUTION_DATE='2023-05-26T01:56:14.746616+00:00' AIRFLOW_CTX_TRY_NUMBER='1' AIRFLOW_CTX_DAG_RUN_ID='manual__2023-05-26T01:56:14.746616+00:00'
[2023-05-26T01:56:28.888+0000] {subprocess.py:63} INFO - Tmp dir root location: 
 /tmp
[2023-05-26T01:56:28.890+0000] {subprocess.py:75} INFO - Running command: ['/bin/bash', '-c', 'python /opt/***/dags/transform.py']
[2023-05-26T01:56:28.907+0000] {subprocess.py:86} INFO - Output:
[2023-05-26T01:56:50.760+0000] {subprocess.py:93} INFO - sys:1: DtypeWarning: Columns (2) have mixed types.Specify dtype option on import or set low_memory=False.
[2023-05-26T01:56:50.761+0000] {subprocess.py:93} INFO - /opt/***/dags/transform.py:21: SettingWithCopyWarning:
[2023-05-26T01:56:50.762+0000] {subprocess.py:93} INFO - A value is trying to be set on a copy of a slice from a DataFrame.
[2023-05-26T01:56:50.762+0000] {subprocess.py:93} INFO - Try using .loc[row_indexer,col_indexer] = value instead
[2023-05-26T01:56:50.763+0000] {subprocess.py:93} INFO - 
[2023-05-26T01:56:50.763+0000] {subprocess.py:93} INFO - See the caveats in the documentation: https://pandas.pydata.org/pandas-docs/stable/user_guide/indexing.html#returning-a-view-versus-a-copy
[2023-05-26T01:56:50.764+0000] {subprocess.py:93} INFO -   df_drop["Age"] = df_drop['Age'].astype(int)
[2023-05-26T01:56:50.765+0000] {subprocess.py:93} INFO - /opt/***/dags/transform.py:24: SettingWithCopyWarning:
[2023-05-26T01:56:50.765+0000] {subprocess.py:93} INFO - A value is trying to be set on a copy of a slice from a DataFrame.
[2023-05-26T01:56:50.766+0000] {subprocess.py:93} INFO - Try using .loc[row_indexer,col_indexer] = value instead
[2023-05-26T01:56:50.766+0000] {subprocess.py:93} INFO - 
[2023-05-26T01:56:50.767+0000] {subprocess.py:93} INFO - See the caveats in the documentation: https://pandas.pydata.org/pandas-docs/stable/user_guide/indexing.html#returning-a-view-versus-a-copy
[2023-05-26T01:56:50.767+0000] {subprocess.py:93} INFO -   df_drop['Sex'] = df_drop['Sex'].str.upper()
[2023-05-26T01:56:50.768+0000] {subprocess.py:93} INFO - /opt/***/dags/transform.py:25: SettingWithCopyWarning:
[2023-05-26T01:56:50.769+0000] {subprocess.py:93} INFO - A value is trying to be set on a copy of a slice from a DataFrame.
[2023-05-26T01:56:50.769+0000] {subprocess.py:93} INFO - Try using .loc[row_indexer,col_indexer] = value instead
[2023-05-26T01:56:50.770+0000] {subprocess.py:93} INFO - 
[2023-05-26T01:56:50.771+0000] {subprocess.py:93} INFO - See the caveats in the documentation: https://pandas.pydata.org/pandas-docs/stable/user_guide/indexing.html#returning-a-view-versus-a-copy
[2023-05-26T01:56:50.771+0000] {subprocess.py:93} INFO -   df_drop['Sex'] = df_drop['Sex'].str.replace("(MAN|MALE)",'M',regex=True)
[2023-05-26T01:56:50.772+0000] {subprocess.py:93} INFO - /opt/***/dags/transform.py:26: SettingWithCopyWarning:
[2023-05-26T01:56:50.772+0000] {subprocess.py:93} INFO - A value is trying to be set on a copy of a slice from a DataFrame.
[2023-05-26T01:56:50.772+0000] {subprocess.py:93} INFO - Try using .loc[row_indexer,col_indexer] = value instead
[2023-05-26T01:56:50.773+0000] {subprocess.py:93} INFO - 
[2023-05-26T01:56:50.773+0000] {subprocess.py:93} INFO - See the caveats in the documentation: https://pandas.pydata.org/pandas-docs/stable/user_guide/indexing.html#returning-a-view-versus-a-copy
[2023-05-26T01:56:50.773+0000] {subprocess.py:93} INFO -   df_drop['Sex'] = df_drop['Sex'].str.replace("(GIRL|FEM)",'F',regex=True)
[2023-05-26T01:56:50.774+0000] {subprocess.py:93} INFO - /opt/***/dags/transform.py:27: SettingWithCopyWarning:
[2023-05-26T01:56:50.774+0000] {subprocess.py:93} INFO - A value is trying to be set on a copy of a slice from a DataFrame.
[2023-05-26T01:56:50.775+0000] {subprocess.py:93} INFO - Try using .loc[row_indexer,col_indexer] = value instead
[2023-05-26T01:56:50.775+0000] {subprocess.py:93} INFO - 
[2023-05-26T01:56:50.775+0000] {subprocess.py:93} INFO - See the caveats in the documentation: https://pandas.pydata.org/pandas-docs/stable/user_guide/indexing.html#returning-a-view-versus-a-copy
[2023-05-26T01:56:50.776+0000] {subprocess.py:93} INFO -   df_drop['Sex'] = df_drop['Sex'].str.replace("(BOTH|FM|MF)",'LGBT',regex=True)
[2023-05-26T01:56:50.776+0000] {subprocess.py:93} INFO - /opt/***/dags/transform.py:28: SettingWithCopyWarning:
[2023-05-26T01:56:50.776+0000] {subprocess.py:93} INFO - A value is trying to be set on a copy of a slice from a DataFrame.
[2023-05-26T01:56:50.776+0000] {subprocess.py:93} INFO - Try using .loc[row_indexer,col_indexer] = value instead
[2023-05-26T01:56:50.777+0000] {subprocess.py:93} INFO - 
[2023-05-26T01:56:50.777+0000] {subprocess.py:93} INFO - See the caveats in the documentation: https://pandas.pydata.org/pandas-docs/stable/user_guide/indexing.html#returning-a-view-versus-a-copy
[2023-05-26T01:56:50.777+0000] {subprocess.py:93} INFO -   df_drop['Sex'] = df_drop['Sex'].str.replace("-",'Not Defined',regex=True)
[2023-05-26T01:56:50.778+0000] {subprocess.py:93} INFO - {'age_morethan120': 84436, 'sex_LGBT': 299505, 'sex_NotDefined': 0}
[2023-05-26T01:56:50.928+0000] {subprocess.py:97} INFO - Command exited with return code 0
[2023-05-26T01:56:50.961+0000] {taskinstance.py:1350} INFO - Marking task as SUCCESS. dag_id=my_dag, task_id=Transform, execution_date=20230526T015614, start_date=20230526T015628, end_date=20230526T015650
[2023-05-26T01:56:51.015+0000] {local_task_job_runner.py:225} INFO - Task exited with return code 0
[2023-05-26T01:56:51.045+0000] {taskinstance.py:2651} INFO - 1 downstream tasks scheduled from follow-on schedule check
