[2023-05-26T01:51:58.260+0000] {taskinstance.py:1103} INFO - Dependencies all met for dep_context=non-requeueable deps ti=<TaskInstance: my_dag.Transform manual__2023-05-26T01:51:32.032725+00:00 [queued]>
[2023-05-26T01:51:58.274+0000] {taskinstance.py:1103} INFO - Dependencies all met for dep_context=requeueable deps ti=<TaskInstance: my_dag.Transform manual__2023-05-26T01:51:32.032725+00:00 [queued]>
[2023-05-26T01:51:58.275+0000] {taskinstance.py:1308} INFO - Starting attempt 1 of 1
[2023-05-26T01:51:58.295+0000] {taskinstance.py:1327} INFO - Executing <Task(BashOperator): Transform> on 2023-05-26 01:51:32.032725+00:00
[2023-05-26T01:51:58.301+0000] {standard_task_runner.py:57} INFO - Started process 868 to run task
[2023-05-26T01:51:58.305+0000] {standard_task_runner.py:84} INFO - Running: ['***', 'tasks', 'run', 'my_dag', 'Transform', 'manual__2023-05-26T01:51:32.032725+00:00', '--job-id', '133', '--raw', '--subdir', 'DAGS_FOLDER/my_dag.py', '--cfg-path', '/tmp/tmphmlhjrul']
[2023-05-26T01:51:58.307+0000] {standard_task_runner.py:85} INFO - Job 133: Subtask Transform
[2023-05-26T01:51:58.357+0000] {task_command.py:410} INFO - Running <TaskInstance: my_dag.Transform manual__2023-05-26T01:51:32.032725+00:00 [running]> on host b4633f3f51cb
[2023-05-26T01:51:58.495+0000] {taskinstance.py:1547} INFO - Exporting env vars: AIRFLOW_CTX_DAG_OWNER='***' AIRFLOW_CTX_DAG_ID='my_dag' AIRFLOW_CTX_TASK_ID='Transform' AIRFLOW_CTX_EXECUTION_DATE='2023-05-26T01:51:32.032725+00:00' AIRFLOW_CTX_TRY_NUMBER='1' AIRFLOW_CTX_DAG_RUN_ID='manual__2023-05-26T01:51:32.032725+00:00'
[2023-05-26T01:51:58.497+0000] {subprocess.py:63} INFO - Tmp dir root location: 
 /tmp
[2023-05-26T01:51:58.499+0000] {subprocess.py:75} INFO - Running command: ['/bin/bash', '-c', 'python /opt/***/dags/transform.py']
[2023-05-26T01:51:58.513+0000] {subprocess.py:86} INFO - Output:
[2023-05-26T01:52:14.771+0000] {subprocess.py:93} INFO - sys:1: DtypeWarning: Columns (2) have mixed types.Specify dtype option on import or set low_memory=False.
[2023-05-26T01:52:14.772+0000] {subprocess.py:93} INFO - /opt/***/dags/transform.py:21: SettingWithCopyWarning:
[2023-05-26T01:52:14.773+0000] {subprocess.py:93} INFO - A value is trying to be set on a copy of a slice from a DataFrame.
[2023-05-26T01:52:14.774+0000] {subprocess.py:93} INFO - Try using .loc[row_indexer,col_indexer] = value instead
[2023-05-26T01:52:14.774+0000] {subprocess.py:93} INFO - 
[2023-05-26T01:52:14.775+0000] {subprocess.py:93} INFO - See the caveats in the documentation: https://pandas.pydata.org/pandas-docs/stable/user_guide/indexing.html#returning-a-view-versus-a-copy
[2023-05-26T01:52:14.776+0000] {subprocess.py:93} INFO -   df_drop["Age"] = df_drop['Age'].astype(int)
[2023-05-26T01:52:14.777+0000] {subprocess.py:93} INFO - /opt/***/dags/transform.py:24: SettingWithCopyWarning:
[2023-05-26T01:52:14.778+0000] {subprocess.py:93} INFO - A value is trying to be set on a copy of a slice from a DataFrame.
[2023-05-26T01:52:14.778+0000] {subprocess.py:93} INFO - Try using .loc[row_indexer,col_indexer] = value instead
[2023-05-26T01:52:14.779+0000] {subprocess.py:93} INFO - 
[2023-05-26T01:52:14.780+0000] {subprocess.py:93} INFO - See the caveats in the documentation: https://pandas.pydata.org/pandas-docs/stable/user_guide/indexing.html#returning-a-view-versus-a-copy
[2023-05-26T01:52:14.781+0000] {subprocess.py:93} INFO -   df_drop['Sex'] = df_drop['Sex'].str.upper()
[2023-05-26T01:52:14.782+0000] {subprocess.py:93} INFO - /opt/***/dags/transform.py:25: SettingWithCopyWarning:
[2023-05-26T01:52:14.782+0000] {subprocess.py:93} INFO - A value is trying to be set on a copy of a slice from a DataFrame.
[2023-05-26T01:52:14.783+0000] {subprocess.py:93} INFO - Try using .loc[row_indexer,col_indexer] = value instead
[2023-05-26T01:52:14.784+0000] {subprocess.py:93} INFO - 
[2023-05-26T01:52:14.785+0000] {subprocess.py:93} INFO - See the caveats in the documentation: https://pandas.pydata.org/pandas-docs/stable/user_guide/indexing.html#returning-a-view-versus-a-copy
[2023-05-26T01:52:14.786+0000] {subprocess.py:93} INFO -   df_drop['Sex'] = df_drop['Sex'].str.replace("(MAN|MALE)",'M',regex=True)
[2023-05-26T01:52:14.787+0000] {subprocess.py:93} INFO - /opt/***/dags/transform.py:26: SettingWithCopyWarning:
[2023-05-26T01:52:14.787+0000] {subprocess.py:93} INFO - A value is trying to be set on a copy of a slice from a DataFrame.
[2023-05-26T01:52:14.788+0000] {subprocess.py:93} INFO - Try using .loc[row_indexer,col_indexer] = value instead
[2023-05-26T01:52:14.788+0000] {subprocess.py:93} INFO - 
[2023-05-26T01:52:14.788+0000] {subprocess.py:93} INFO - See the caveats in the documentation: https://pandas.pydata.org/pandas-docs/stable/user_guide/indexing.html#returning-a-view-versus-a-copy
[2023-05-26T01:52:14.789+0000] {subprocess.py:93} INFO -   df_drop['Sex'] = df_drop['Sex'].str.replace("(GIRL|FEM)",'F',regex=True)
[2023-05-26T01:52:14.789+0000] {subprocess.py:93} INFO - /opt/***/dags/transform.py:27: SettingWithCopyWarning:
[2023-05-26T01:52:14.789+0000] {subprocess.py:93} INFO - A value is trying to be set on a copy of a slice from a DataFrame.
[2023-05-26T01:52:14.790+0000] {subprocess.py:93} INFO - Try using .loc[row_indexer,col_indexer] = value instead
[2023-05-26T01:52:14.790+0000] {subprocess.py:93} INFO - 
[2023-05-26T01:52:14.790+0000] {subprocess.py:93} INFO - See the caveats in the documentation: https://pandas.pydata.org/pandas-docs/stable/user_guide/indexing.html#returning-a-view-versus-a-copy
[2023-05-26T01:52:14.791+0000] {subprocess.py:93} INFO -   df_drop['Sex'] = df_drop['Sex'].str.replace("(BOTH|FM|MF)",'LGBT',regex=True)
[2023-05-26T01:52:14.791+0000] {subprocess.py:93} INFO - /opt/***/dags/transform.py:28: SettingWithCopyWarning:
[2023-05-26T01:52:14.791+0000] {subprocess.py:93} INFO - A value is trying to be set on a copy of a slice from a DataFrame.
[2023-05-26T01:52:14.791+0000] {subprocess.py:93} INFO - Try using .loc[row_indexer,col_indexer] = value instead
[2023-05-26T01:52:14.792+0000] {subprocess.py:93} INFO - 
[2023-05-26T01:52:14.792+0000] {subprocess.py:93} INFO - See the caveats in the documentation: https://pandas.pydata.org/pandas-docs/stable/user_guide/indexing.html#returning-a-view-versus-a-copy
[2023-05-26T01:52:14.793+0000] {subprocess.py:93} INFO -   df_drop['Sex'] = df_drop['Sex'].str.replace("-",'Not Defined',regex=True)
[2023-05-26T01:52:14.793+0000] {subprocess.py:93} INFO - {'age_morethan120': 84436, 'sex_LGBT': 299505, 'sex_NotDefined': 0}
[2023-05-26T01:52:14.938+0000] {subprocess.py:97} INFO - Command exited with return code 0
[2023-05-26T01:52:14.975+0000] {taskinstance.py:1350} INFO - Marking task as SUCCESS. dag_id=my_dag, task_id=Transform, execution_date=20230526T015132, start_date=20230526T015158, end_date=20230526T015214
[2023-05-26T01:52:15.033+0000] {local_task_job_runner.py:225} INFO - Task exited with return code 0
[2023-05-26T01:52:15.059+0000] {taskinstance.py:2651} INFO - 1 downstream tasks scheduled from follow-on schedule check
