[2023-06-01T09:12:10.876+0000] {taskinstance.py:1103} INFO - Dependencies all met for dep_context=non-requeueable deps ti=<TaskInstance: my_dag.transform manual__2023-06-01T09:11:57.658857+00:00 [queued]>
[2023-06-01T09:12:10.892+0000] {taskinstance.py:1103} INFO - Dependencies all met for dep_context=requeueable deps ti=<TaskInstance: my_dag.transform manual__2023-06-01T09:11:57.658857+00:00 [queued]>
[2023-06-01T09:12:10.893+0000] {taskinstance.py:1308} INFO - Starting attempt 1 of 1
[2023-06-01T09:12:10.917+0000] {taskinstance.py:1327} INFO - Executing <Task(DockerOperator): transform> on 2023-06-01 09:11:57.658857+00:00
[2023-06-01T09:12:10.925+0000] {standard_task_runner.py:57} INFO - Started process 1532 to run task
[2023-06-01T09:12:10.928+0000] {standard_task_runner.py:84} INFO - Running: ['***', 'tasks', 'run', 'my_dag', 'transform', 'manual__2023-06-01T09:11:57.658857+00:00', '--job-id', '42', '--raw', '--subdir', 'DAGS_FOLDER/my_dag.py', '--cfg-path', '/tmp/tmpym2851lb']
[2023-06-01T09:12:10.931+0000] {standard_task_runner.py:85} INFO - Job 42: Subtask transform
[2023-06-01T09:12:10.990+0000] {task_command.py:410} INFO - Running <TaskInstance: my_dag.transform manual__2023-06-01T09:11:57.658857+00:00 [running]> on host 6bccebd655ed
[2023-06-01T09:12:11.121+0000] {taskinstance.py:1547} INFO - Exporting env vars: AIRFLOW_CTX_DAG_OWNER='***' AIRFLOW_CTX_DAG_ID='my_dag' AIRFLOW_CTX_TASK_ID='transform' AIRFLOW_CTX_EXECUTION_DATE='2023-06-01T09:11:57.658857+00:00' AIRFLOW_CTX_TRY_NUMBER='1' AIRFLOW_CTX_DAG_RUN_ID='manual__2023-06-01T09:11:57.658857+00:00'
[2023-06-01T09:12:11.156+0000] {docker.py:324} INFO - Starting docker container from image my_etl:transform
[2023-06-01T09:12:13.284+0000] {docker.py:391} INFO - /app/transform.py:25: SettingWithCopyWarning: 
A value is trying to be set on a copy of a slice from a DataFrame.
Try using .loc[row_indexer,col_indexer] = value instead

See the caveats in the documentation: https://pandas.pydata.org/pandas-docs/stable/user_guide/indexing.html#returning-a-view-versus-a-copy
  df_drop["Age"] = df_drop['Age'].astype(int)
[2023-06-01T09:12:13.316+0000] {docker.py:391} INFO - /app/transform.py:28: SettingWithCopyWarning: 
A value is trying to be set on a copy of a slice from a DataFrame.
Try using .loc[row_indexer,col_indexer] = value instead

See the caveats in the documentation: https://pandas.pydata.org/pandas-docs/stable/user_guide/indexing.html#returning-a-view-versus-a-copy
  df_drop['Sex'] = df_drop['Sex'].str.upper()
[2023-06-01T09:12:13.341+0000] {docker.py:391} INFO - /app/transform.py:29: SettingWithCopyWarning: 
A value is trying to be set on a copy of a slice from a DataFrame.
Try using .loc[row_indexer,col_indexer] = value instead

See the caveats in the documentation: https://pandas.pydata.org/pandas-docs/stable/user_guide/indexing.html#returning-a-view-versus-a-copy
  df_drop['Sex'] = df_drop['Sex'].str.replace("(MAN|MALE)",'M',regex=True)
[2023-06-01T09:12:13.365+0000] {docker.py:391} INFO - /app/transform.py:30: SettingWithCopyWarning: 
A value is trying to be set on a copy of a slice from a DataFrame.
Try using .loc[row_indexer,col_indexer] = value instead

See the caveats in the documentation: https://pandas.pydata.org/pandas-docs/stable/user_guide/indexing.html#returning-a-view-versus-a-copy
  df_drop['Sex'] = df_drop['Sex'].str.replace("(GIRL|FEM)",'F',regex=True)
[2023-06-01T09:12:13.389+0000] {docker.py:391} INFO - /app/transform.py:31: SettingWithCopyWarning: 
A value is trying to be set on a copy of a slice from a DataFrame.
Try using .loc[row_indexer,col_indexer] = value instead

See the caveats in the documentation: https://pandas.pydata.org/pandas-docs/stable/user_guide/indexing.html#returning-a-view-versus-a-copy
  df_drop['Sex'] = df_drop['Sex'].str.replace("(BOTH|FM|MF)",'LGBT',regex=True)
[2023-06-01T09:12:13.402+0000] {docker.py:391} INFO - /app/transform.py:32: SettingWithCopyWarning: 
A value is trying to be set on a copy of a slice from a DataFrame.
Try using .loc[row_indexer,col_indexer] = value instead

See the caveats in the documentation: https://pandas.pydata.org/pandas-docs/stable/user_guide/indexing.html#returning-a-view-versus-a-copy
  df_drop['Sex'] = df_drop['Sex'].str.replace("-",'Not Defined',regex=True)
[2023-06-01T09:12:14.886+0000] {taskinstance.py:1350} INFO - Marking task as SUCCESS. dag_id=my_dag, task_id=transform, execution_date=20230601T091157, start_date=20230601T091210, end_date=20230601T091214
[2023-06-01T09:12:14.925+0000] {local_task_job_runner.py:225} INFO - Task exited with return code 0
[2023-06-01T09:12:14.957+0000] {taskinstance.py:2651} INFO - 1 downstream tasks scheduled from follow-on schedule check
