[2023-05-25T08:23:29.168+0000] {taskinstance.py:1103} INFO - Dependencies all met for dep_context=non-requeueable deps ti=<TaskInstance: my_dag.detail manual__2023-05-25T08:23:26.755678+00:00 [queued]>
[2023-05-25T08:23:29.190+0000] {taskinstance.py:1103} INFO - Dependencies all met for dep_context=requeueable deps ti=<TaskInstance: my_dag.detail manual__2023-05-25T08:23:26.755678+00:00 [queued]>
[2023-05-25T08:23:29.190+0000] {taskinstance.py:1308} INFO - Starting attempt 1 of 1
[2023-05-25T08:23:29.216+0000] {taskinstance.py:1327} INFO - Executing <Task(PostgresOperator): detail> on 2023-05-25 08:23:26.755678+00:00
[2023-05-25T08:23:29.224+0000] {standard_task_runner.py:57} INFO - Started process 366 to run task
[2023-05-25T08:23:29.227+0000] {standard_task_runner.py:84} INFO - Running: ['***', 'tasks', 'run', 'my_dag', 'detail', 'manual__2023-05-25T08:23:26.755678+00:00', '--job-id', '59', '--raw', '--subdir', 'DAGS_FOLDER/my_dag.py', '--cfg-path', '/tmp/tmpihokaw9q']
[2023-05-25T08:23:29.230+0000] {standard_task_runner.py:85} INFO - Job 59: Subtask detail
[2023-05-25T08:23:29.289+0000] {task_command.py:410} INFO - Running <TaskInstance: my_dag.detail manual__2023-05-25T08:23:26.755678+00:00 [running]> on host 6c149b085cf0
[2023-05-25T08:23:29.472+0000] {taskinstance.py:1547} INFO - Exporting env vars: AIRFLOW_CTX_DAG_OWNER='***' AIRFLOW_CTX_DAG_ID='my_dag' AIRFLOW_CTX_TASK_ID='detail' AIRFLOW_CTX_EXECUTION_DATE='2023-05-25T08:23:26.755678+00:00' AIRFLOW_CTX_TRY_NUMBER='1' AIRFLOW_CTX_DAG_RUN_ID='manual__2023-05-25T08:23:26.755678+00:00'
[2023-05-25T08:23:29.475+0000] {sql.py:262} INFO - Executing: 
            CREATE TABLE IF NOT EXISTS detail2 (
            userID SERIAL PRIMARY KEY,
            FirstName varchar(40),       
            LastName  varchar(40),
            Age   integer,
            Sex   varchar(15)
            )
          
[2023-05-25T08:23:29.498+0000] {base.py:73} INFO - Using connection ID 'connectPostges' for task execution.
[2023-05-25T08:23:29.679+0000] {base.py:73} INFO - Using connection ID 'connectPostges' for task execution.
[2023-05-25T08:23:29.694+0000] {sql.py:375} INFO - Running statement: 
            CREATE TABLE IF NOT EXISTS detail2 (
            userID SERIAL PRIMARY KEY,
            FirstName varchar(40),       
            LastName  varchar(40),
            Age   integer,
            Sex   varchar(15)
            )
          , parameters: None
[2023-05-25T08:23:29.749+0000] {taskinstance.py:1350} INFO - Marking task as SUCCESS. dag_id=my_dag, task_id=detail, execution_date=20230525T082326, start_date=20230525T082329, end_date=20230525T082329
[2023-05-25T08:23:29.842+0000] {local_task_job_runner.py:225} INFO - Task exited with return code 0
[2023-05-25T08:23:29.971+0000] {taskinstance.py:2651} INFO - 1 downstream tasks scheduled from follow-on schedule check
