[2023-06-01T08:57:51.424+0000] {taskinstance.py:1103} INFO - Dependencies all met for dep_context=non-requeueable deps ti=<TaskInstance: my_dag.transform manual__2023-06-01T08:55:51.064391+00:00 [queued]>
[2023-06-01T08:57:51.470+0000] {taskinstance.py:1103} INFO - Dependencies all met for dep_context=requeueable deps ti=<TaskInstance: my_dag.transform manual__2023-06-01T08:55:51.064391+00:00 [queued]>
[2023-06-01T08:57:51.473+0000] {taskinstance.py:1308} INFO - Starting attempt 1 of 1
[2023-06-01T08:57:51.539+0000] {taskinstance.py:1327} INFO - Executing <Task(DockerOperator): transform> on 2023-06-01 08:55:51.064391+00:00
[2023-06-01T08:57:51.554+0000] {standard_task_runner.py:57} INFO - Started process 1279 to run task
[2023-06-01T08:57:51.560+0000] {standard_task_runner.py:84} INFO - Running: ['***', 'tasks', 'run', 'my_dag', 'transform', 'manual__2023-06-01T08:55:51.064391+00:00', '--job-id', '34', '--raw', '--subdir', 'DAGS_FOLDER/my_dag.py', '--cfg-path', '/tmp/tmpmn59wd9s']
[2023-06-01T08:57:51.569+0000] {standard_task_runner.py:85} INFO - Job 34: Subtask transform
[2023-06-01T08:57:51.727+0000] {task_command.py:410} INFO - Running <TaskInstance: my_dag.transform manual__2023-06-01T08:55:51.064391+00:00 [running]> on host 6bccebd655ed
[2023-06-01T08:57:52.110+0000] {taskinstance.py:1547} INFO - Exporting env vars: AIRFLOW_CTX_DAG_OWNER='***' AIRFLOW_CTX_DAG_ID='my_dag' AIRFLOW_CTX_TASK_ID='transform' AIRFLOW_CTX_EXECUTION_DATE='2023-06-01T08:55:51.064391+00:00' AIRFLOW_CTX_TRY_NUMBER='1' AIRFLOW_CTX_DAG_RUN_ID='manual__2023-06-01T08:55:51.064391+00:00'
[2023-06-01T08:57:52.214+0000] {docker.py:324} INFO - Starting docker container from image my_etl:transform
[2023-06-01T08:57:56.497+0000] {docker.py:391} INFO - /app/transform.py:25: SettingWithCopyWarning: 
A value is trying to be set on a copy of a slice from a DataFrame.
Try using .loc[row_indexer,col_indexer] = value instead

See the caveats in the documentation: https://pandas.pydata.org/pandas-docs/stable/user_guide/indexing.html#returning-a-view-versus-a-copy
  df_drop["Age"] = df_drop['Age'].astype(int)
[2023-06-01T08:57:56.543+0000] {docker.py:391} INFO - /app/transform.py:28: SettingWithCopyWarning: 
A value is trying to be set on a copy of a slice from a DataFrame.
Try using .loc[row_indexer,col_indexer] = value instead

See the caveats in the documentation: https://pandas.pydata.org/pandas-docs/stable/user_guide/indexing.html#returning-a-view-versus-a-copy
  df_drop['Sex'] = df_drop['Sex'].str.upper()
[2023-06-01T08:57:56.599+0000] {docker.py:391} INFO - /app/transform.py:29: SettingWithCopyWarning: 
A value is trying to be set on a copy of a slice from a DataFrame.
Try using .loc[row_indexer,col_indexer] = value instead

See the caveats in the documentation: https://pandas.pydata.org/pandas-docs/stable/user_guide/indexing.html#returning-a-view-versus-a-copy
  df_drop['Sex'] = df_drop['Sex'].str.replace("(MAN|MALE)",'M',regex=True)
[2023-06-01T08:57:56.657+0000] {docker.py:391} INFO - /app/transform.py:30: SettingWithCopyWarning: 
A value is trying to be set on a copy of a slice from a DataFrame.
Try using .loc[row_indexer,col_indexer] = value instead

See the caveats in the documentation: https://pandas.pydata.org/pandas-docs/stable/user_guide/indexing.html#returning-a-view-versus-a-copy
  df_drop['Sex'] = df_drop['Sex'].str.replace("(GIRL|FEM)",'F',regex=True)
[2023-06-01T08:57:56.720+0000] {docker.py:391} INFO - /app/transform.py:31: SettingWithCopyWarning: 
A value is trying to be set on a copy of a slice from a DataFrame.
Try using .loc[row_indexer,col_indexer] = value instead

See the caveats in the documentation: https://pandas.pydata.org/pandas-docs/stable/user_guide/indexing.html#returning-a-view-versus-a-copy
  df_drop['Sex'] = df_drop['Sex'].str.replace("(BOTH|FM|MF)",'LGBT',regex=True)
[2023-06-01T08:57:56.743+0000] {docker.py:391} INFO - /app/transform.py:32: SettingWithCopyWarning: 
A value is trying to be set on a copy of a slice from a DataFrame.
Try using .loc[row_indexer,col_indexer] = value instead

See the caveats in the documentation: https://pandas.pydata.org/pandas-docs/stable/user_guide/indexing.html#returning-a-view-versus-a-copy
  df_drop['Sex'] = df_drop['Sex'].str.replace("-",'Not Defined',regex=True)
[2023-06-01T08:58:00.097+0000] {taskinstance.py:1350} INFO - Marking task as SUCCESS. dag_id=my_dag, task_id=transform, execution_date=20230601T085551, start_date=20230601T085751, end_date=20230601T085800
[2023-06-01T08:58:00.210+0000] {local_task_job_runner.py:225} INFO - Task exited with return code 0
[2023-06-01T08:58:00.285+0000] {taskinstance.py:2651} INFO - 1 downstream tasks scheduled from follow-on schedule check
