[2023-05-27T14:02:05.821+0000] {taskinstance.py:1103} INFO - Dependencies all met for dep_context=non-requeueable deps ti=<TaskInstance: my_dag.Transform manual__2023-05-27T13:57:43.573941+00:00 [queued]>
[2023-05-27T14:02:05.859+0000] {taskinstance.py:1103} INFO - Dependencies all met for dep_context=requeueable deps ti=<TaskInstance: my_dag.Transform manual__2023-05-27T13:57:43.573941+00:00 [queued]>
[2023-05-27T14:02:05.860+0000] {taskinstance.py:1308} INFO - Starting attempt 1 of 1
[2023-05-27T14:02:05.911+0000] {taskinstance.py:1327} INFO - Executing <Task(BashOperator): Transform> on 2023-05-27 13:57:43.573941+00:00
[2023-05-27T14:02:05.929+0000] {standard_task_runner.py:57} INFO - Started process 111 to run task
[2023-05-27T14:02:05.933+0000] {standard_task_runner.py:84} INFO - Running: ['***', 'tasks', 'run', 'my_dag', 'Transform', 'manual__2023-05-27T13:57:43.573941+00:00', '--job-id', '145', '--raw', '--subdir', 'DAGS_FOLDER/my_dag.py', '--cfg-path', '/tmp/tmpbdnc7sx8']
[2023-05-27T14:02:05.937+0000] {standard_task_runner.py:85} INFO - Job 145: Subtask Transform
[2023-05-27T14:02:06.059+0000] {task_command.py:410} INFO - Running <TaskInstance: my_dag.Transform manual__2023-05-27T13:57:43.573941+00:00 [running]> on host d1b315133606
[2023-05-27T14:02:06.237+0000] {taskinstance.py:1547} INFO - Exporting env vars: AIRFLOW_CTX_DAG_OWNER='***' AIRFLOW_CTX_DAG_ID='my_dag' AIRFLOW_CTX_TASK_ID='Transform' AIRFLOW_CTX_EXECUTION_DATE='2023-05-27T13:57:43.573941+00:00' AIRFLOW_CTX_TRY_NUMBER='1' AIRFLOW_CTX_DAG_RUN_ID='manual__2023-05-27T13:57:43.573941+00:00'
[2023-05-27T14:02:06.240+0000] {subprocess.py:63} INFO - Tmp dir root location: 
 /tmp
[2023-05-27T14:02:06.242+0000] {subprocess.py:75} INFO - Running command: ['/bin/bash', '-c', 'python /opt/***/dags/transform.py']
[2023-05-27T14:02:06.262+0000] {subprocess.py:86} INFO - Output:
[2023-05-27T14:02:32.524+0000] {subprocess.py:93} INFO - sys:1: DtypeWarning: Columns (2) have mixed types.Specify dtype option on import or set low_memory=False.
[2023-05-27T14:02:32.525+0000] {subprocess.py:93} INFO - /opt/***/dags/transform.py:21: SettingWithCopyWarning:
[2023-05-27T14:02:32.526+0000] {subprocess.py:93} INFO - A value is trying to be set on a copy of a slice from a DataFrame.
[2023-05-27T14:02:32.527+0000] {subprocess.py:93} INFO - Try using .loc[row_indexer,col_indexer] = value instead
[2023-05-27T14:02:32.527+0000] {subprocess.py:93} INFO - 
[2023-05-27T14:02:32.528+0000] {subprocess.py:93} INFO - See the caveats in the documentation: https://pandas.pydata.org/pandas-docs/stable/user_guide/indexing.html#returning-a-view-versus-a-copy
[2023-05-27T14:02:32.529+0000] {subprocess.py:93} INFO -   df_drop["Age"] = df_drop['Age'].astype(int)
[2023-05-27T14:02:32.530+0000] {subprocess.py:93} INFO - /opt/***/dags/transform.py:24: SettingWithCopyWarning:
[2023-05-27T14:02:32.531+0000] {subprocess.py:93} INFO - A value is trying to be set on a copy of a slice from a DataFrame.
[2023-05-27T14:02:32.532+0000] {subprocess.py:93} INFO - Try using .loc[row_indexer,col_indexer] = value instead
[2023-05-27T14:02:32.533+0000] {subprocess.py:93} INFO - 
[2023-05-27T14:02:32.534+0000] {subprocess.py:93} INFO - See the caveats in the documentation: https://pandas.pydata.org/pandas-docs/stable/user_guide/indexing.html#returning-a-view-versus-a-copy
[2023-05-27T14:02:32.535+0000] {subprocess.py:93} INFO -   df_drop['Sex'] = df_drop['Sex'].str.upper()
[2023-05-27T14:02:32.535+0000] {subprocess.py:93} INFO - /opt/***/dags/transform.py:25: SettingWithCopyWarning:
[2023-05-27T14:02:32.536+0000] {subprocess.py:93} INFO - A value is trying to be set on a copy of a slice from a DataFrame.
[2023-05-27T14:02:32.537+0000] {subprocess.py:93} INFO - Try using .loc[row_indexer,col_indexer] = value instead
[2023-05-27T14:02:32.538+0000] {subprocess.py:93} INFO - 
[2023-05-27T14:02:32.538+0000] {subprocess.py:93} INFO - See the caveats in the documentation: https://pandas.pydata.org/pandas-docs/stable/user_guide/indexing.html#returning-a-view-versus-a-copy
[2023-05-27T14:02:32.539+0000] {subprocess.py:93} INFO -   df_drop['Sex'] = df_drop['Sex'].str.replace("(MAN|MALE)",'M',regex=True)
[2023-05-27T14:02:32.540+0000] {subprocess.py:93} INFO - /opt/***/dags/transform.py:26: SettingWithCopyWarning:
[2023-05-27T14:02:32.541+0000] {subprocess.py:93} INFO - A value is trying to be set on a copy of a slice from a DataFrame.
[2023-05-27T14:02:32.544+0000] {subprocess.py:93} INFO - Try using .loc[row_indexer,col_indexer] = value instead
[2023-05-27T14:02:32.545+0000] {subprocess.py:93} INFO - 
[2023-05-27T14:02:32.545+0000] {subprocess.py:93} INFO - See the caveats in the documentation: https://pandas.pydata.org/pandas-docs/stable/user_guide/indexing.html#returning-a-view-versus-a-copy
[2023-05-27T14:02:32.546+0000] {subprocess.py:93} INFO -   df_drop['Sex'] = df_drop['Sex'].str.replace("(GIRL|FEM)",'F',regex=True)
[2023-05-27T14:02:32.547+0000] {subprocess.py:93} INFO - /opt/***/dags/transform.py:27: SettingWithCopyWarning:
[2023-05-27T14:02:32.549+0000] {subprocess.py:93} INFO - A value is trying to be set on a copy of a slice from a DataFrame.
[2023-05-27T14:02:32.550+0000] {subprocess.py:93} INFO - Try using .loc[row_indexer,col_indexer] = value instead
[2023-05-27T14:02:32.551+0000] {subprocess.py:93} INFO - 
[2023-05-27T14:02:32.552+0000] {subprocess.py:93} INFO - See the caveats in the documentation: https://pandas.pydata.org/pandas-docs/stable/user_guide/indexing.html#returning-a-view-versus-a-copy
[2023-05-27T14:02:32.553+0000] {subprocess.py:93} INFO -   df_drop['Sex'] = df_drop['Sex'].str.replace("(BOTH|FM|MF)",'LGBT',regex=True)
[2023-05-27T14:02:32.554+0000] {subprocess.py:93} INFO - /opt/***/dags/transform.py:28: SettingWithCopyWarning:
[2023-05-27T14:02:32.556+0000] {subprocess.py:93} INFO - A value is trying to be set on a copy of a slice from a DataFrame.
[2023-05-27T14:02:32.558+0000] {subprocess.py:93} INFO - Try using .loc[row_indexer,col_indexer] = value instead
[2023-05-27T14:02:32.560+0000] {subprocess.py:93} INFO - 
[2023-05-27T14:02:32.561+0000] {subprocess.py:93} INFO - See the caveats in the documentation: https://pandas.pydata.org/pandas-docs/stable/user_guide/indexing.html#returning-a-view-versus-a-copy
[2023-05-27T14:02:32.563+0000] {subprocess.py:93} INFO -   df_drop['Sex'] = df_drop['Sex'].str.replace("-",'Not Defined',regex=True)
[2023-05-27T14:02:32.564+0000] {subprocess.py:93} INFO - {'age_morethan120': 84436, 'sex_LGBT': 299505, 'sex_NotDefined': 0}
[2023-05-27T14:02:32.891+0000] {subprocess.py:97} INFO - Command exited with return code 0
[2023-05-27T14:02:32.944+0000] {taskinstance.py:1350} INFO - Marking task as SUCCESS. dag_id=my_dag, task_id=Transform, execution_date=20230527T135743, start_date=20230527T140205, end_date=20230527T140232
[2023-05-27T14:02:32.991+0000] {local_task_job_runner.py:225} INFO - Task exited with return code 0
[2023-05-27T14:02:33.054+0000] {taskinstance.py:2651} INFO - 1 downstream tasks scheduled from follow-on schedule check
