[2023-05-23T07:44:32.740+0000] {taskinstance.py:1103} INFO - Dependencies all met for dep_context=non-requeueable deps ti=<TaskInstance: my_dag.Transform manual__2023-05-23T07:44:21.601918+00:00 [queued]>
[2023-05-23T07:44:32.796+0000] {taskinstance.py:1103} INFO - Dependencies all met for dep_context=requeueable deps ti=<TaskInstance: my_dag.Transform manual__2023-05-23T07:44:21.601918+00:00 [queued]>
[2023-05-23T07:44:32.800+0000] {taskinstance.py:1308} INFO - Starting attempt 1 of 1
[2023-05-23T07:44:32.845+0000] {taskinstance.py:1327} INFO - Executing <Task(PythonOperator): Transform> on 2023-05-23 07:44:21.601918+00:00
[2023-05-23T07:44:32.854+0000] {standard_task_runner.py:57} INFO - Started process 133 to run task
[2023-05-23T07:44:32.859+0000] {standard_task_runner.py:84} INFO - Running: ['***', 'tasks', 'run', 'my_dag', 'Transform', 'manual__2023-05-23T07:44:21.601918+00:00', '--job-id', '338', '--raw', '--subdir', 'DAGS_FOLDER/my_dag.py', '--cfg-path', '/tmp/tmp594e61hk']
[2023-05-23T07:44:32.860+0000] {standard_task_runner.py:85} INFO - Job 338: Subtask Transform
[2023-05-23T07:44:32.938+0000] {task_command.py:410} INFO - Running <TaskInstance: my_dag.Transform manual__2023-05-23T07:44:21.601918+00:00 [running]> on host 41afa13826a4
[2023-05-23T07:44:33.144+0000] {taskinstance.py:1547} INFO - Exporting env vars: AIRFLOW_CTX_DAG_OWNER='***' AIRFLOW_CTX_DAG_ID='my_dag' AIRFLOW_CTX_TASK_ID='Transform' AIRFLOW_CTX_EXECUTION_DATE='2023-05-23T07:44:21.601918+00:00' AIRFLOW_CTX_TRY_NUMBER='1' AIRFLOW_CTX_DAG_RUN_ID='manual__2023-05-23T07:44:21.601918+00:00'
[2023-05-23T07:44:34.866+0000] {warnings.py:110} WARNING - /home/***/.local/lib/python3.7/site-packages/***/operators/python.py:198: DtypeWarning: Columns (2) have mixed types.Specify dtype option on import or set low_memory=False.
  return self.python_callable(*self.op_args, **self.op_kwargs)

[2023-05-23T07:44:40.216+0000] {warnings.py:110} WARNING - /opt/***/dags/my_dag.py:44: SettingWithCopyWarning: 
A value is trying to be set on a copy of a slice from a DataFrame.
Try using .loc[row_indexer,col_indexer] = value instead

See the caveats in the documentation: https://pandas.pydata.org/pandas-docs/stable/user_guide/indexing.html#returning-a-view-versus-a-copy
  df_drop["Age"] = df_drop['Age'].astype(int)

[2023-05-23T07:44:40.616+0000] {warnings.py:110} WARNING - /opt/***/dags/my_dag.py:47: SettingWithCopyWarning: 
A value is trying to be set on a copy of a slice from a DataFrame.
Try using .loc[row_indexer,col_indexer] = value instead

See the caveats in the documentation: https://pandas.pydata.org/pandas-docs/stable/user_guide/indexing.html#returning-a-view-versus-a-copy
  df_drop['Sex'] = df_drop['Sex'].str.upper()

[2023-05-23T07:44:41.780+0000] {warnings.py:110} WARNING - /opt/***/dags/my_dag.py:48: SettingWithCopyWarning: 
A value is trying to be set on a copy of a slice from a DataFrame.
Try using .loc[row_indexer,col_indexer] = value instead

See the caveats in the documentation: https://pandas.pydata.org/pandas-docs/stable/user_guide/indexing.html#returning-a-view-versus-a-copy
  df_drop['Sex'] = df_drop['Sex'].str.replace("(MAN|MALE)",'M',regex=True)

[2023-05-23T07:44:42.779+0000] {warnings.py:110} WARNING - /opt/***/dags/my_dag.py:49: SettingWithCopyWarning: 
A value is trying to be set on a copy of a slice from a DataFrame.
Try using .loc[row_indexer,col_indexer] = value instead

See the caveats in the documentation: https://pandas.pydata.org/pandas-docs/stable/user_guide/indexing.html#returning-a-view-versus-a-copy
  df_drop['Sex'] = df_drop['Sex'].str.replace("(GIRL|FEM)",'F',regex=True)

[2023-05-23T07:44:43.682+0000] {warnings.py:110} WARNING - /opt/***/dags/my_dag.py:50: SettingWithCopyWarning: 
A value is trying to be set on a copy of a slice from a DataFrame.
Try using .loc[row_indexer,col_indexer] = value instead

See the caveats in the documentation: https://pandas.pydata.org/pandas-docs/stable/user_guide/indexing.html#returning-a-view-versus-a-copy
  df_drop['Sex'] = df_drop['Sex'].str.replace("(BOTH|FM|MF)",'LGBT',regex=True)

[2023-05-23T07:44:44.349+0000] {warnings.py:110} WARNING - /opt/***/dags/my_dag.py:51: SettingWithCopyWarning: 
A value is trying to be set on a copy of a slice from a DataFrame.
Try using .loc[row_indexer,col_indexer] = value instead

See the caveats in the documentation: https://pandas.pydata.org/pandas-docs/stable/user_guide/indexing.html#returning-a-view-versus-a-copy
  df_drop['Sex'] = df_drop['Sex'].str.replace("-",'Not Defined',regex=True)

[2023-05-23T07:44:45.852+0000] {logging_mixin.py:149} INFO - {'age_morethan120': 84436, 'sex_LGBT': 299505, 'sex_NotDefined': 0}
[2023-05-23T07:44:48.943+0000] {python.py:183} INFO - Done. Returned value was: None
[2023-05-23T07:44:48.957+0000] {taskinstance.py:1350} INFO - Marking task as SUCCESS. dag_id=my_dag, task_id=Transform, execution_date=20230523T074421, start_date=20230523T074432, end_date=20230523T074448
[2023-05-23T07:44:49.049+0000] {local_task_job_runner.py:225} INFO - Task exited with return code 0
[2023-05-23T07:44:49.096+0000] {taskinstance.py:2651} INFO - 1 downstream tasks scheduled from follow-on schedule check
