[2023-05-26T01:48:08.011+0000] {taskinstance.py:1103} INFO - Dependencies all met for dep_context=non-requeueable deps ti=<TaskInstance: my_dag.Transform manual__2023-05-26T01:47:49.584066+00:00 [queued]>
[2023-05-26T01:48:08.024+0000] {taskinstance.py:1103} INFO - Dependencies all met for dep_context=requeueable deps ti=<TaskInstance: my_dag.Transform manual__2023-05-26T01:47:49.584066+00:00 [queued]>
[2023-05-26T01:48:08.025+0000] {taskinstance.py:1308} INFO - Starting attempt 1 of 1
[2023-05-26T01:48:08.047+0000] {taskinstance.py:1327} INFO - Executing <Task(BashOperator): Transform> on 2023-05-26 01:47:49.584066+00:00
[2023-05-26T01:48:08.053+0000] {standard_task_runner.py:57} INFO - Started process 763 to run task
[2023-05-26T01:48:08.057+0000] {standard_task_runner.py:84} INFO - Running: ['***', 'tasks', 'run', 'my_dag', 'Transform', 'manual__2023-05-26T01:47:49.584066+00:00', '--job-id', '130', '--raw', '--subdir', 'DAGS_FOLDER/my_dag.py', '--cfg-path', '/tmp/tmpnorug98_']
[2023-05-26T01:48:08.059+0000] {standard_task_runner.py:85} INFO - Job 130: Subtask Transform
[2023-05-26T01:48:08.112+0000] {task_command.py:410} INFO - Running <TaskInstance: my_dag.Transform manual__2023-05-26T01:47:49.584066+00:00 [running]> on host b4633f3f51cb
[2023-05-26T01:48:08.236+0000] {taskinstance.py:1547} INFO - Exporting env vars: AIRFLOW_CTX_DAG_OWNER='***' AIRFLOW_CTX_DAG_ID='my_dag' AIRFLOW_CTX_TASK_ID='Transform' AIRFLOW_CTX_EXECUTION_DATE='2023-05-26T01:47:49.584066+00:00' AIRFLOW_CTX_TRY_NUMBER='1' AIRFLOW_CTX_DAG_RUN_ID='manual__2023-05-26T01:47:49.584066+00:00'
[2023-05-26T01:48:08.238+0000] {subprocess.py:63} INFO - Tmp dir root location: 
 /tmp
[2023-05-26T01:48:08.239+0000] {subprocess.py:75} INFO - Running command: ['/bin/bash', '-c', 'python /opt/***/dags/transform.py']
[2023-05-26T01:48:08.252+0000] {subprocess.py:86} INFO - Output:
[2023-05-26T01:48:21.711+0000] {subprocess.py:93} INFO - sys:1: DtypeWarning: Columns (2) have mixed types.Specify dtype option on import or set low_memory=False.
[2023-05-26T01:48:21.712+0000] {subprocess.py:93} INFO - /opt/***/dags/transform.py:21: SettingWithCopyWarning:
[2023-05-26T01:48:21.713+0000] {subprocess.py:93} INFO - A value is trying to be set on a copy of a slice from a DataFrame.
[2023-05-26T01:48:21.714+0000] {subprocess.py:93} INFO - Try using .loc[row_indexer,col_indexer] = value instead
[2023-05-26T01:48:21.714+0000] {subprocess.py:93} INFO - 
[2023-05-26T01:48:21.715+0000] {subprocess.py:93} INFO - See the caveats in the documentation: https://pandas.pydata.org/pandas-docs/stable/user_guide/indexing.html#returning-a-view-versus-a-copy
[2023-05-26T01:48:21.716+0000] {subprocess.py:93} INFO -   df_drop["Age"] = df_drop['Age'].astype(int)
[2023-05-26T01:48:21.717+0000] {subprocess.py:93} INFO - /opt/***/dags/transform.py:24: SettingWithCopyWarning:
[2023-05-26T01:48:21.718+0000] {subprocess.py:93} INFO - A value is trying to be set on a copy of a slice from a DataFrame.
[2023-05-26T01:48:21.718+0000] {subprocess.py:93} INFO - Try using .loc[row_indexer,col_indexer] = value instead
[2023-05-26T01:48:21.719+0000] {subprocess.py:93} INFO - 
[2023-05-26T01:48:21.720+0000] {subprocess.py:93} INFO - See the caveats in the documentation: https://pandas.pydata.org/pandas-docs/stable/user_guide/indexing.html#returning-a-view-versus-a-copy
[2023-05-26T01:48:21.721+0000] {subprocess.py:93} INFO -   df_drop['Sex'] = df_drop['Sex'].str.upper()
[2023-05-26T01:48:21.722+0000] {subprocess.py:93} INFO - /opt/***/dags/transform.py:25: SettingWithCopyWarning:
[2023-05-26T01:48:21.723+0000] {subprocess.py:93} INFO - A value is trying to be set on a copy of a slice from a DataFrame.
[2023-05-26T01:48:21.723+0000] {subprocess.py:93} INFO - Try using .loc[row_indexer,col_indexer] = value instead
[2023-05-26T01:48:21.724+0000] {subprocess.py:93} INFO - 
[2023-05-26T01:48:21.725+0000] {subprocess.py:93} INFO - See the caveats in the documentation: https://pandas.pydata.org/pandas-docs/stable/user_guide/indexing.html#returning-a-view-versus-a-copy
[2023-05-26T01:48:21.726+0000] {subprocess.py:93} INFO -   df_drop['Sex'] = df_drop['Sex'].str.replace("(MAN|MALE)",'M',regex=True)
[2023-05-26T01:48:21.726+0000] {subprocess.py:93} INFO - /opt/***/dags/transform.py:26: SettingWithCopyWarning:
[2023-05-26T01:48:21.727+0000] {subprocess.py:93} INFO - A value is trying to be set on a copy of a slice from a DataFrame.
[2023-05-26T01:48:21.728+0000] {subprocess.py:93} INFO - Try using .loc[row_indexer,col_indexer] = value instead
[2023-05-26T01:48:21.729+0000] {subprocess.py:93} INFO - 
[2023-05-26T01:48:21.729+0000] {subprocess.py:93} INFO - See the caveats in the documentation: https://pandas.pydata.org/pandas-docs/stable/user_guide/indexing.html#returning-a-view-versus-a-copy
[2023-05-26T01:48:21.730+0000] {subprocess.py:93} INFO -   df_drop['Sex'] = df_drop['Sex'].str.replace("(GIRL|FEM)",'F',regex=True)
[2023-05-26T01:48:21.731+0000] {subprocess.py:93} INFO - /opt/***/dags/transform.py:27: SettingWithCopyWarning:
[2023-05-26T01:48:21.731+0000] {subprocess.py:93} INFO - A value is trying to be set on a copy of a slice from a DataFrame.
[2023-05-26T01:48:21.731+0000] {subprocess.py:93} INFO - Try using .loc[row_indexer,col_indexer] = value instead
[2023-05-26T01:48:21.732+0000] {subprocess.py:93} INFO - 
[2023-05-26T01:48:21.732+0000] {subprocess.py:93} INFO - See the caveats in the documentation: https://pandas.pydata.org/pandas-docs/stable/user_guide/indexing.html#returning-a-view-versus-a-copy
[2023-05-26T01:48:21.733+0000] {subprocess.py:93} INFO -   df_drop['Sex'] = df_drop['Sex'].str.replace("(BOTH|FM|MF)",'LGBT',regex=True)
[2023-05-26T01:48:21.733+0000] {subprocess.py:93} INFO - /opt/***/dags/transform.py:28: SettingWithCopyWarning:
[2023-05-26T01:48:21.734+0000] {subprocess.py:93} INFO - A value is trying to be set on a copy of a slice from a DataFrame.
[2023-05-26T01:48:21.735+0000] {subprocess.py:93} INFO - Try using .loc[row_indexer,col_indexer] = value instead
[2023-05-26T01:48:21.735+0000] {subprocess.py:93} INFO - 
[2023-05-26T01:48:21.736+0000] {subprocess.py:93} INFO - See the caveats in the documentation: https://pandas.pydata.org/pandas-docs/stable/user_guide/indexing.html#returning-a-view-versus-a-copy
[2023-05-26T01:48:21.737+0000] {subprocess.py:93} INFO -   df_drop['Sex'] = df_drop['Sex'].str.replace("-",'Not Defined',regex=True)
[2023-05-26T01:48:21.738+0000] {subprocess.py:93} INFO - {'age_morethan120': 84436, 'sex_LGBT': 299505, 'sex_NotDefined': 0}
[2023-05-26T01:48:21.882+0000] {subprocess.py:97} INFO - Command exited with return code 0
[2023-05-26T01:48:21.919+0000] {taskinstance.py:1350} INFO - Marking task as SUCCESS. dag_id=my_dag, task_id=Transform, execution_date=20230526T014749, start_date=20230526T014808, end_date=20230526T014821
[2023-05-26T01:48:21.959+0000] {local_task_job_runner.py:225} INFO - Task exited with return code 0
[2023-05-26T01:48:21.987+0000] {taskinstance.py:2651} INFO - 1 downstream tasks scheduled from follow-on schedule check
