[2023-05-26T01:39:46.677+0000] {taskinstance.py:1103} INFO - Dependencies all met for dep_context=non-requeueable deps ti=<TaskInstance: my_dag.Transform manual__2023-05-26T01:39:36.452579+00:00 [queued]>
[2023-05-26T01:39:46.693+0000] {taskinstance.py:1103} INFO - Dependencies all met for dep_context=requeueable deps ti=<TaskInstance: my_dag.Transform manual__2023-05-26T01:39:36.452579+00:00 [queued]>
[2023-05-26T01:39:46.693+0000] {taskinstance.py:1308} INFO - Starting attempt 1 of 1
[2023-05-26T01:39:46.714+0000] {taskinstance.py:1327} INFO - Executing <Task(BashOperator): Transform> on 2023-05-26 01:39:36.452579+00:00
[2023-05-26T01:39:46.722+0000] {standard_task_runner.py:57} INFO - Started process 586 to run task
[2023-05-26T01:39:46.725+0000] {standard_task_runner.py:84} INFO - Running: ['***', 'tasks', 'run', 'my_dag', 'Transform', 'manual__2023-05-26T01:39:36.452579+00:00', '--job-id', '127', '--raw', '--subdir', 'DAGS_FOLDER/my_dag.py', '--cfg-path', '/tmp/tmp3lglb8j_']
[2023-05-26T01:39:46.727+0000] {standard_task_runner.py:85} INFO - Job 127: Subtask Transform
[2023-05-26T01:39:46.793+0000] {task_command.py:410} INFO - Running <TaskInstance: my_dag.Transform manual__2023-05-26T01:39:36.452579+00:00 [running]> on host b4633f3f51cb
[2023-05-26T01:39:46.932+0000] {taskinstance.py:1547} INFO - Exporting env vars: AIRFLOW_CTX_DAG_OWNER='***' AIRFLOW_CTX_DAG_ID='my_dag' AIRFLOW_CTX_TASK_ID='Transform' AIRFLOW_CTX_EXECUTION_DATE='2023-05-26T01:39:36.452579+00:00' AIRFLOW_CTX_TRY_NUMBER='1' AIRFLOW_CTX_DAG_RUN_ID='manual__2023-05-26T01:39:36.452579+00:00'
[2023-05-26T01:39:46.935+0000] {subprocess.py:63} INFO - Tmp dir root location: 
 /tmp
[2023-05-26T01:39:46.936+0000] {subprocess.py:75} INFO - Running command: ['/bin/bash', '-c', 'python /opt/***/dags/transform.py']
[2023-05-26T01:39:47.009+0000] {subprocess.py:86} INFO - Output:
[2023-05-26T01:40:00.463+0000] {subprocess.py:93} INFO - sys:1: DtypeWarning: Columns (2) have mixed types.Specify dtype option on import or set low_memory=False.
[2023-05-26T01:40:00.464+0000] {subprocess.py:93} INFO - /opt/***/dags/transform.py:21: SettingWithCopyWarning:
[2023-05-26T01:40:00.464+0000] {subprocess.py:93} INFO - A value is trying to be set on a copy of a slice from a DataFrame.
[2023-05-26T01:40:00.465+0000] {subprocess.py:93} INFO - Try using .loc[row_indexer,col_indexer] = value instead
[2023-05-26T01:40:00.466+0000] {subprocess.py:93} INFO - 
[2023-05-26T01:40:00.466+0000] {subprocess.py:93} INFO - See the caveats in the documentation: https://pandas.pydata.org/pandas-docs/stable/user_guide/indexing.html#returning-a-view-versus-a-copy
[2023-05-26T01:40:00.467+0000] {subprocess.py:93} INFO -   df_drop["Age"] = df_drop['Age'].astype(int)
[2023-05-26T01:40:00.468+0000] {subprocess.py:93} INFO - /opt/***/dags/transform.py:24: SettingWithCopyWarning:
[2023-05-26T01:40:00.468+0000] {subprocess.py:93} INFO - A value is trying to be set on a copy of a slice from a DataFrame.
[2023-05-26T01:40:00.469+0000] {subprocess.py:93} INFO - Try using .loc[row_indexer,col_indexer] = value instead
[2023-05-26T01:40:00.470+0000] {subprocess.py:93} INFO - 
[2023-05-26T01:40:00.470+0000] {subprocess.py:93} INFO - See the caveats in the documentation: https://pandas.pydata.org/pandas-docs/stable/user_guide/indexing.html#returning-a-view-versus-a-copy
[2023-05-26T01:40:00.471+0000] {subprocess.py:93} INFO -   df_drop['Sex'] = df_drop['Sex'].str.upper()
[2023-05-26T01:40:00.472+0000] {subprocess.py:93} INFO - /opt/***/dags/transform.py:25: SettingWithCopyWarning:
[2023-05-26T01:40:00.472+0000] {subprocess.py:93} INFO - A value is trying to be set on a copy of a slice from a DataFrame.
[2023-05-26T01:40:00.473+0000] {subprocess.py:93} INFO - Try using .loc[row_indexer,col_indexer] = value instead
[2023-05-26T01:40:00.473+0000] {subprocess.py:93} INFO - 
[2023-05-26T01:40:00.474+0000] {subprocess.py:93} INFO - See the caveats in the documentation: https://pandas.pydata.org/pandas-docs/stable/user_guide/indexing.html#returning-a-view-versus-a-copy
[2023-05-26T01:40:00.474+0000] {subprocess.py:93} INFO -   df_drop['Sex'] = df_drop['Sex'].str.replace("(MAN|MALE)",'M',regex=True)
[2023-05-26T01:40:00.475+0000] {subprocess.py:93} INFO - /opt/***/dags/transform.py:26: SettingWithCopyWarning:
[2023-05-26T01:40:00.476+0000] {subprocess.py:93} INFO - A value is trying to be set on a copy of a slice from a DataFrame.
[2023-05-26T01:40:00.476+0000] {subprocess.py:93} INFO - Try using .loc[row_indexer,col_indexer] = value instead
[2023-05-26T01:40:00.476+0000] {subprocess.py:93} INFO - 
[2023-05-26T01:40:00.477+0000] {subprocess.py:93} INFO - See the caveats in the documentation: https://pandas.pydata.org/pandas-docs/stable/user_guide/indexing.html#returning-a-view-versus-a-copy
[2023-05-26T01:40:00.477+0000] {subprocess.py:93} INFO -   df_drop['Sex'] = df_drop['Sex'].str.replace("(GIRL|FEM)",'F',regex=True)
[2023-05-26T01:40:00.478+0000] {subprocess.py:93} INFO - /opt/***/dags/transform.py:27: SettingWithCopyWarning:
[2023-05-26T01:40:00.478+0000] {subprocess.py:93} INFO - A value is trying to be set on a copy of a slice from a DataFrame.
[2023-05-26T01:40:00.479+0000] {subprocess.py:93} INFO - Try using .loc[row_indexer,col_indexer] = value instead
[2023-05-26T01:40:00.479+0000] {subprocess.py:93} INFO - 
[2023-05-26T01:40:00.479+0000] {subprocess.py:93} INFO - See the caveats in the documentation: https://pandas.pydata.org/pandas-docs/stable/user_guide/indexing.html#returning-a-view-versus-a-copy
[2023-05-26T01:40:00.480+0000] {subprocess.py:93} INFO -   df_drop['Sex'] = df_drop['Sex'].str.replace("(BOTH|FM|MF)",'LGBT',regex=True)
[2023-05-26T01:40:00.480+0000] {subprocess.py:93} INFO - /opt/***/dags/transform.py:28: SettingWithCopyWarning:
[2023-05-26T01:40:00.480+0000] {subprocess.py:93} INFO - A value is trying to be set on a copy of a slice from a DataFrame.
[2023-05-26T01:40:00.481+0000] {subprocess.py:93} INFO - Try using .loc[row_indexer,col_indexer] = value instead
[2023-05-26T01:40:00.481+0000] {subprocess.py:93} INFO - 
[2023-05-26T01:40:00.482+0000] {subprocess.py:93} INFO - See the caveats in the documentation: https://pandas.pydata.org/pandas-docs/stable/user_guide/indexing.html#returning-a-view-versus-a-copy
[2023-05-26T01:40:00.483+0000] {subprocess.py:93} INFO -   df_drop['Sex'] = df_drop['Sex'].str.replace("-",'Not Defined',regex=True)
[2023-05-26T01:40:00.484+0000] {subprocess.py:93} INFO - {'age_morethan120': 84436, 'sex_LGBT': 299505, 'sex_NotDefined': 0}
[2023-05-26T01:40:00.623+0000] {subprocess.py:97} INFO - Command exited with return code 0
[2023-05-26T01:40:00.658+0000] {taskinstance.py:1350} INFO - Marking task as SUCCESS. dag_id=my_dag, task_id=Transform, execution_date=20230526T013936, start_date=20230526T013946, end_date=20230526T014000
[2023-05-26T01:40:00.706+0000] {local_task_job_runner.py:225} INFO - Task exited with return code 0
[2023-05-26T01:40:00.736+0000] {taskinstance.py:2651} INFO - 1 downstream tasks scheduled from follow-on schedule check
