[2023-06-01T02:54:28.804+0000] {taskinstance.py:1103} INFO - Dependencies all met for dep_context=non-requeueable deps ti=<TaskInstance: my_dag.extract manual__2023-06-01T02:54:26.590609+00:00 [queued]>
[2023-06-01T02:54:28.817+0000] {taskinstance.py:1103} INFO - Dependencies all met for dep_context=requeueable deps ti=<TaskInstance: my_dag.extract manual__2023-06-01T02:54:26.590609+00:00 [queued]>
[2023-06-01T02:54:28.817+0000] {taskinstance.py:1308} INFO - Starting attempt 1 of 1
[2023-06-01T02:54:28.838+0000] {taskinstance.py:1327} INFO - Executing <Task(DockerOperator): extract> on 2023-06-01 02:54:26.590609+00:00
[2023-06-01T02:54:28.844+0000] {standard_task_runner.py:57} INFO - Started process 251 to run task
[2023-06-01T02:54:28.847+0000] {standard_task_runner.py:84} INFO - Running: ['***', 'tasks', 'run', 'my_dag', 'extract', 'manual__2023-06-01T02:54:26.590609+00:00', '--job-id', '19', '--raw', '--subdir', 'DAGS_FOLDER/my_dag.py', '--cfg-path', '/tmp/tmpshsi88qf']
[2023-06-01T02:54:28.850+0000] {standard_task_runner.py:85} INFO - Job 19: Subtask extract
[2023-06-01T02:54:28.903+0000] {task_command.py:410} INFO - Running <TaskInstance: my_dag.extract manual__2023-06-01T02:54:26.590609+00:00 [running]> on host 8f414f8f4bb5
[2023-06-01T02:54:29.012+0000] {taskinstance.py:1547} INFO - Exporting env vars: AIRFLOW_CTX_DAG_OWNER='***' AIRFLOW_CTX_DAG_ID='my_dag' AIRFLOW_CTX_TASK_ID='extract' AIRFLOW_CTX_EXECUTION_DATE='2023-06-01T02:54:26.590609+00:00' AIRFLOW_CTX_TRY_NUMBER='1' AIRFLOW_CTX_DAG_RUN_ID='manual__2023-06-01T02:54:26.590609+00:00'
[2023-06-01T02:54:29.121+0000] {docker.py:324} INFO - Starting docker container from image my_etl:test6
[2023-06-01T02:54:29.865+0000] {docker.py:391} INFO - python: can't open file '/app/extract.py': [Errno 2] No such file or directory
[2023-06-01T02:54:30.326+0000] {taskinstance.py:1824} ERROR - Task failed with exception
Traceback (most recent call last):
  File "/home/airflow/.local/lib/python3.7/site-packages/airflow/providers/docker/operators/docker.py", line 466, in execute
    return self._run_image()
  File "/home/airflow/.local/lib/python3.7/site-packages/airflow/providers/docker/operators/docker.py", line 341, in _run_image
    return self._run_image_with_mounts(self.mounts, add_tmp_variable=False)
  File "/home/airflow/.local/lib/python3.7/site-packages/airflow/providers/docker/operators/docker.py", line 400, in _run_image_with_mounts
    raise AirflowException(f"Docker container failed: {repr(result)} lines {joined_log_lines}")
airflow.exceptions.AirflowException: Docker container failed: {'StatusCode': 2} lines python: can't open file '/app/extract.py': [Errno 2] No such file or directory
[2023-06-01T02:54:30.334+0000] {taskinstance.py:1350} INFO - Marking task as FAILED. dag_id=my_dag, task_id=extract, execution_date=20230601T025426, start_date=20230601T025428, end_date=20230601T025430
[2023-06-01T02:54:30.383+0000] {standard_task_runner.py:109} ERROR - Failed to execute job 19 for task extract (Docker container failed: {'StatusCode': 2} lines python: can't open file '/app/extract.py': [Errno 2] No such file or directory; 251)
[2023-06-01T02:54:30.427+0000] {local_task_job_runner.py:225} INFO - Task exited with return code 1
[2023-06-01T02:54:30.460+0000] {taskinstance.py:2651} INFO - 0 downstream tasks scheduled from follow-on schedule check
