[2023-05-31T08:35:38.068+0000] {taskinstance.py:1103} INFO - Dependencies all met for dep_context=non-requeueable deps ti=<TaskInstance: my_dag.extract manual__2023-05-31T08:35:35.668321+00:00 [queued]>
[2023-05-31T08:35:38.081+0000] {taskinstance.py:1103} INFO - Dependencies all met for dep_context=requeueable deps ti=<TaskInstance: my_dag.extract manual__2023-05-31T08:35:35.668321+00:00 [queued]>
[2023-05-31T08:35:38.082+0000] {taskinstance.py:1308} INFO - Starting attempt 1 of 1
[2023-05-31T08:35:38.105+0000] {taskinstance.py:1327} INFO - Executing <Task(DockerOperator): extract> on 2023-05-31 08:35:35.668321+00:00
[2023-05-31T08:35:38.113+0000] {standard_task_runner.py:57} INFO - Started process 636 to run task
[2023-05-31T08:35:38.117+0000] {standard_task_runner.py:84} INFO - Running: ['***', 'tasks', 'run', 'my_dag', 'extract', 'manual__2023-05-31T08:35:35.668321+00:00', '--job-id', '43', '--raw', '--subdir', 'DAGS_FOLDER/my_dag.py', '--cfg-path', '/tmp/tmpxoz_40zf']
[2023-05-31T08:35:38.120+0000] {standard_task_runner.py:85} INFO - Job 43: Subtask extract
[2023-05-31T08:35:38.179+0000] {task_command.py:410} INFO - Running <TaskInstance: my_dag.extract manual__2023-05-31T08:35:35.668321+00:00 [running]> on host e578fc747af9
[2023-05-31T08:35:38.305+0000] {taskinstance.py:1547} INFO - Exporting env vars: AIRFLOW_CTX_DAG_OWNER='***' AIRFLOW_CTX_DAG_ID='my_dag' AIRFLOW_CTX_TASK_ID='extract' AIRFLOW_CTX_EXECUTION_DATE='2023-05-31T08:35:35.668321+00:00' AIRFLOW_CTX_TRY_NUMBER='1' AIRFLOW_CTX_DAG_RUN_ID='manual__2023-05-31T08:35:35.668321+00:00'
[2023-05-31T08:35:38.343+0000] {docker.py:324} INFO - Starting docker container from image my_etl:test
[2023-05-31T08:35:39.009+0000] {docker.py:391} INFO - python: can't open file '/extract.py': [Errno 2] No such file or directory
[2023-05-31T08:35:39.424+0000] {taskinstance.py:1824} ERROR - Task failed with exception
Traceback (most recent call last):
  File "/home/airflow/.local/lib/python3.7/site-packages/airflow/providers/docker/operators/docker.py", line 466, in execute
    return self._run_image()
  File "/home/airflow/.local/lib/python3.7/site-packages/airflow/providers/docker/operators/docker.py", line 341, in _run_image
    return self._run_image_with_mounts(self.mounts, add_tmp_variable=False)
  File "/home/airflow/.local/lib/python3.7/site-packages/airflow/providers/docker/operators/docker.py", line 400, in _run_image_with_mounts
    raise AirflowException(f"Docker container failed: {repr(result)} lines {joined_log_lines}")
airflow.exceptions.AirflowException: Docker container failed: {'StatusCode': 2} lines python: can't open file '/extract.py': [Errno 2] No such file or directory
[2023-05-31T08:35:39.433+0000] {taskinstance.py:1350} INFO - Marking task as FAILED. dag_id=my_dag, task_id=extract, execution_date=20230531T083535, start_date=20230531T083538, end_date=20230531T083539
[2023-05-31T08:35:39.459+0000] {standard_task_runner.py:109} ERROR - Failed to execute job 43 for task extract (Docker container failed: {'StatusCode': 2} lines python: can't open file '/extract.py': [Errno 2] No such file or directory; 636)
[2023-05-31T08:35:39.497+0000] {local_task_job_runner.py:225} INFO - Task exited with return code 1
[2023-05-31T08:35:39.538+0000] {taskinstance.py:2651} INFO - 0 downstream tasks scheduled from follow-on schedule check
